Not found.
Not found.
0
Not found.
Found: Isabelle Salesman
A 11c52342 Mackenzie Snipe
Hash table full
A 259d07e0 Arianna Kaitlyn Repeal
Hash table full
A ec79659b Tristan Liberia
Hash table full
A 6bfe0e46 Sarah Hecatomb
Hash table full
A 1c6868b9 Lilly Belmont
Hash table full
    0 e16ab413 Madeline Hilton
    1 4eedc1f3 Katelyn Taurus
    2 827ca145 Morgan Improve
    3 c031ea16 Lucas Nib
    4 ec2e04fe Kaylee Hoosier
    5 51628255 Isabelle Salesman
    6 8f8e9157 Ryan Fiberboard
    7 5fb382e7 Daniel Essen
    8 7b569afc Gavin Vicious
    9 81db4912 Allison Englishmen
   10 2f82eb16 Charlie Projectile III
