0
Not found.
0
Not found.
Found: Ava Madelyn Bent
1
Not found.
Found: Luke Songful
Found: Olivia Albanian
Not found.
Found: Olivia Albanian
Found: Sarah Makayla Medic
Found: Michael Cathedra
Found: Luke Songful
    0 38d600b3b5d636e Nicholas Crosshatch
    1 44d6846455848a8 Noah Liaison
    3 ed14b329bd6db88 Olivia Albanian
    4 26f32229ef04557 Aidan Swept
    5 99bf040a713f28a Ava Madelyn Bent
    7 70b35e5fcddc09a Kylie Alligator
    8 3be4c575aeb3009 Kate World
   11 7493ce237db9b36 Gianna Copernicus
   12 57a96c0dc0236af Michael Cathedra
   13 6204ba26bf775f6 Sarah Makayla Medic
   14 cb27c563ad0e917 Luke Songful
   15 7cb182b1a90a52f Kayla Silhouette
   16 30b96e4eb204d8e Madeline Tog
   20 0c7a5409c0250ae Avery Nearby
