Found: Lauren Gazelle
Found: Makayla Bent
Not found.
Found: Aiden Ahem
Found: Lauren Gazelle
Found: Jonathan Insuppressible
Found: Henry Tennessee
Not found.
    0 612e9007193b651 Jonathan Insuppressible
    1 358d30c753dc732 Madeline Scarves
    2 9a31e0071c97e11 Aiden Ahem
    3 48447d4b1624587 Max Remorseful
    4 3a7756df3d75e25 Dylan Leeuwenhoek
    5 98a560290c60cfe Isaiah Budapest
    6 e3a4ae5c20e384d Mackenzie Abrade
    7 cb3cde6be6e8dcd Samuel Shoreline
    9 129b9114597d286 Aiden Fillet
   15 a6c16992735ff4c Austin Radar
   17 62ed777ab85ea37 Brooke Lily Rhodesia
   21 87a5ce57290b203 Henry Tennessee
   22 3c823dd4b942e97 Lucas Cameron Song MD
   24 ec01ef55e31613e Lauren Gazelle
   27 cf9c6c7e8d5517b Makayla Bent
   28 e1c776240975a9f Liam Danger
   29 76d82dee5b3fd9e Dylan Brayden Automorphism
   32 232447390141b3e Caleb Distinct
   37 3afc851c40e23f5 Andrew Thrush
