Not found.
Found: Madeline Baklava
Found: Madelyn Posture
Found: Madelyn Posture
Found: Madeline Baklava
Found: Madeline Baklava
Found: Madelyn Posture
Not found.
1
1
Found: Claire Filamentary
Found: Benjamin Uphold
    0 b0ffe8764dd81bf Claire Filamentary
    1 f511dd6b1d11860 Dontonio Assign
    5 a14fe9ef278c23d Claire Tarrytown
    6 d920a15ff227945 Alyssa
   15 83d4bfb5b6b2693 Benjamin Uphold
   21 80cda1956825195 Madelyn Posture
   25 5a92f6ff105495d Ellie Delicate
   28 09e294ec4665b74 Madeline Baklava
   35 69970651e9be65f Savannah Croydon
