Not found.
0
Not found.
0
Found: Madelyn Whiten
0
Not found.
Found: Madelyn Whiten
3
    1 4456d7aca921fc5 Morgan Naples
    2 2d14052fa9ebeaa Wyatt Floor
    5 35c4bd4bb0fb31e Xavier Beckon
    7 f491315983e969b Blake Fan III
    8 e5ed51ed636803f Taylor Comma
   13 e3e93ade46e0d06 John Houdaille
   14 2098bc9a64058c3 Jonathan Wherever
   16 6e9f4079fb95718 Kaylee Macassar
   19 7fd6593abe2228c Dontonio Grandniece
   21 57051169adce014 Landon Grit IV
   25 e81588d84f0a784 Aiden Stormbound
   27 d6824336b0b26bd Madelyn Whiten
