Not found.
Found: Lauren
Not found.
Not found.
Not found.
1
Found: Abigail
7
    1 70f254246323509 Julian Woodruff
    3 f407d89d9cd8f66 Zachary Monticello
    4 9dab07e3975e798 Alexander Accordant
    5 1232857615a572b Lauren
    6 8c8f92c66819ae3 Bailey Work
    7 94091a952666e8a Evelyn Gedanken
    8 4aa27891ec8e9da Emily Fledge
    9 ab972eb7a1a3c49 Abigail
   10 1b261eb77a35af8 Zachary Bedside
   12 a1575ef17821d71 Matthew Bungle
   13 a584684e5790784 Madison Diffusion
   14 7327a94179ea250 Jayden Baptist
   17 ce593a86e092aa4 Lucy Refract
   19 b9c75113ef61ee0 Addison Injunct
   22 2075e1a101544ea Cooper Mohammedan
   23 20442a229775457 Elijah Deuteron
   24 91163b8d2051bef Joseph Scheme
   25 f1a1bd4e7ad7e16 Max Constantinople
