Not found.
Not found.
Not found.
Not found.
Found: Brandon Carson Assault
Found: Brandon Carson Assault
0
Found: Brandon Carson Assault
Found: Claire Madison Lemon
Found: Cole Proof
Not found.
Found: Owen Switchman
    4 7341e68fe1edb24 Cole Proof
    5 446303a7ff44ecb Mason Populous
    6 9da359516dfb2be Owen Switchman
    7 065fb4769358d07 Mason Loop
    8 c2ed2b1c49389e8 Mia Calais
    9 793623e6f317e27 Brandon Carson Assault
   10 44861a167b7a192 Claire Madison Lemon
   11 eb63a2ff7578108 Cooper Hangman
   12 7c2b499a056ddd0 Connor Wisenheimer
   15 d3e9adf151f673d Caleb Williamsburg
   16 2580255d4950c5e Chase Superb
   18 b347ba33a6b06e5 Zoe Peppergrass
   19 db8187176a798bb Thomas Crawl
