0
Found: Jackson Cane III
Not found.
Found: Zachary Nathan Turing Jr
Found: Brandon Leggy
0
Found: Brandon Leggy
Found: Chase Jeff
Found: Jackson Cane III
Found: Isaac Grapple
Found: Chase Middlesex
4
    4 4c9ac5b4f3c19a4 Thomas Peregrine
    5 3d5217f67f55b25 Makayla Saga
    6 c9acb730fea0050 Layla Maya Situate
   11 5bcb8173d5b98eb Mackenzie Lauren Flexural
   12 48904c5cfb05e0c Sophia Colonel
   14 b0221e28704efd6 Jackson Cane III
   15 bd112b4f0e8175f Zachary Nathan Turing Jr
   17 baa43d8861a0131 Jack Julian Essential
   20 ed80e2e2050620c Ella Ellie Cocky
   24 04d5945a05635c8 Brandon Leggy
   25 1c486fbf1e03c19 Chase Jeff
   26 210ee3acda1f962 Gabriel Amphioxis
   28 c67486ad1d6b124 Leah Gentleman
   29 bfa089b65106c2d Isaac Grapple
   34 4636a4f23106856 Ryan Rico
   35 e8ef0386535b55b Charlotte Apparatus
   38 0955112a9f32574 Elijah Imperishable
   39 8d8f0257f4b58e7 Chase Middlesex
