0
Not found.
Not found.
Found: Abigail Misty
1
Found: Adam Monkeyflower
Found: Grace Lubricious
2
Not found.
Found: Makayla Pay
    1 94cb2df9ef171d4 Ryan Diffeomorphism
    2 4112dfb995bc982 Savannah Cadre
    3 86688916445e30b Amelia Phenol PhD
    5 1a63d948ed0b7e2 Daniel Cometh
    6 1551ce46189286c Abigail Misty
    9 47ca6852daa1c74 Zoey Diagnose
   10 cd0f08a5b54f925 Liam America
   11 4f47cb842966f31 Jake Interruption
   14 a704c6245527df2 Grace Lubricious
   16 189a47757fadff6 Adam Monkeyflower
   17 da1ef53ea7920bb Adam Echinoderm
   18 b65c59047ac4332 Makayla Pay
   19 2a3d8424742ab54 Michael
   20 1faa25bdd03ea2c Lucas Lycopodium
   21 ff724f3277d9f99 Brianna Gash
   25 56c544c5bbdfe82 Liam Woodrow
   28 5a960a137d4e17e Aaron Lawbreaker
   29 e9856584e90f16d Claire Appall
   30 c5d3555942218e1 Claire Choice
