0
Not found.
Found: Brandon Stunk
Found: Makayla Tortuous
2
Not found.
Found: Dontonio Abelian
    0 1fd7334d6c9dd73 Aubrey Assonant
    1 2d30ba74b64cc9f Victoria Byroad
    2 b4cfa476ac374af Kaitlyn Gottfried
    3 2f23fcf318db4b6 Audrey Vesicular
    6 64d440fb3bc506f Lucas Plainfield
    9 36147f68bbe190f Dylan Noah Contrariety
   10 78828f141c9410b Brandon Stunk
   12 3c5d521ee1aa8b6 Elijah Marx
   16 7ab64722cbb2ea8 Dontonio Abelian
   18 d7bb85fd8141e94 Amelia Lust
   19 46ac89bacd956e6 Brandon Hummock
   20 d6a08760eadea46 Taylor Herd
   21 34ef8546a4248ad Xavier Aeronautic
   23 a60c78ce4c06b5e Makayla Tortuous
   25 7dc3d45a27f731d Mason Fang
   30 bfab2d0cc1d52b5 Arianna Triatomic
