0
0
Not found.
Found: Nicholas Porterhouse
1
Not found.
2
Found: Morgan Erudite
Found: Nicholas Porterhouse
Found: Morgan Erudite
Found: Nicholas Porterhouse
Not found.
    6 2c962584385ce6a Noah Parker Bayonne
    7 68918dcf6fd73be Madelyn Quiet
    8 01837fd512efe0a Austin Obey
    9 57a3be319c7b088 Lucas Tyler Cornmeal
   11 b76e86bf7058153 Morgan Erudite
   13 30907b8b81c3d23 Natalie Stain
   14 4bcac5f234cd4d3 Addison Tipoff
   16 3a6d23cfa720036 Gavin Teratology
   17 2daec6be82ee307 Emma Boyar
   22 267ba20f3864ec6 Nicholas Porterhouse
   25 d485e750e2171a6 Brianna Sophia Foggy
