Found: Layla Activation
Not found.
0
Found: Layla Activation
0
Found: Zoey Before
Not found.
Not found.
    3 de1c4b0b26ff374 Olivia Peyton Teen
    4 c4791c53d525aca Cole Bali
    5 93475ad6909b091 Samantha Shrugging
    9 6dbd71641e953c3 Brooklyn Elision
   10 13c845f06999faf Elizabeth Cone
   11 ebd22c18ae0f46c Layla Activation
   12 d1e097d49417b34 Brandon Duck
   13 4c5aa7d54220110 Alexandra Lubbock
   16 d13db68e660f3d5 Liam Nutrition
   17 1bce4f5109cc4ea Gavin Magnanimous
   18 bd4c96dd556ab96 Ella Gallagher
   19 ad4cbc2c9b2e1fd Jordan Bodleian MD
   20 c8c7acdaeacbfe7 Alex Epa
   21 c6d85f38a737a61 Paige Formidable
   22 4e463cdf4b4c77c Lily Bedroom PhD
   23 c5d66ca499dcfb6 John Blaspheme
   28 2a63077f8c23229 Landon Jewel
   31 897c559f06c3271 Zoey Before
