Not found.
0
0
Found: Grace Intoxicate
Not found.
Not found.
Found: Caroline Downstate
Found: Caroline Downstate
Found: Brianna Testament
Found: Brayden Aaron Schroeder
2
   19 2b27058e0c3500a Brayden Aaron Schroeder
   20 d501101d5078e2d Kate Petri
   30 376ea77aaadd081 Avery Encroach
   31 0678053c530cbc3 Gabriel Devilish
   35 3836af9652f6618 Grace Intoxicate
   39 7f1ca0d0eec6243 Caroline Downstate
   51 3065e93437b0132 Charlotte Conceive
   52 9d268fbda1a86bf Riley Inform
   53 69bd23e57504ee8 Brianna Testament
