Not found.
Found: Peyton Hafnium
Found: Aidan Methodist IV
Found: Aidan Methodist IV
0
Found: Jake Chevron
Found: Cooper Improvisate
1
Found: Aiden Sincere
Not found.
Found: Mason Nbc
    2 f0071f919518ace Peyton Hafnium
    4 9090238dbdfed69 Aidan Methodist IV
    5 00d5429468f23f5 Samuel Tori
   11 0073b0d8d3dda44 Lilly Dissertation
   14 20ab8b4a1ca8f20 Noah Woeful
   16 21bd6fd579b9fb2 Michael Attribute
   20 04298f77564c758 Tyler Eli Ulysses
   21 86a9a02fc5fe901 Tristan Pursue
   23 e35c4be48591c43 Jake Chevron
   27 f770340e432e5a5 Kate Thoughtful
   28 15e20dd2c646cda Henry Cole November
   29 6934993da06635f Bailey Catfish
   31 f4d7c49afdb344d Jake Caption
   32 81c227381d88025 Austin Wardroom
   34 4d4a7dd1fd9dfc1 Mason Nbc
   35 70f844450856afb Aiden Sincere
   39 65cb7484820f82a Ryan Cytoplasm
   41 14e259c9a174403 Cooper Improvisate
   46 27baa73feb94f71 Cole Ticket
   49 e62e38fd0972b86 Jayden Diagnostic PhD
