Found: Christopher Tuft
Found: Joshua Malcontent
Found: Brayden Rachel
3
Found: Joshua Malcontent
Found: Sarah Onward
    0 f86144e7fff2573 Avery Existent
    3 fdbf7f223b5fb1d Austin Partook
    4 949387285e52f05 Brandon Capistrano
    6 98fe431c5f6a8ce Daniel Sediment
   12 647dc3eb0b55f44 Joshua Malcontent
   16 b957043b3e17f70 Ella Madeline Senile
   17 9938eb5bcd5fe85 Makayla Cave
   20 6d6f07191e7b49b Christopher Tuft
   22 effba969f527f98 Charlotte Curvilinear
   23 34cebbd87df7978 Caroline Phase
   24 96dec95d0b91682 Claire Hyaline
   25 ce4958ca1ee8f98 Kylie Yvette
   26 8a3e6b877b582a9 Liam Antebellum
   31 a43214ce72f8c4a Brayden Rachel
   32 56fe27e316fae03 Julia Ignition
   34 baffa03b5c356d8 Amelia Potentiometer
   41 8b7672ce41a05f6 Sarah Onward
   42 7651ee9f74962aa Aiden Hit
   43 8fd544fea4eaed9 Brianna Keenan
