Found: Nicholas Fidget
Found: John Seed
4
Found: Oliver Monolith
Found: Natalie Corset
Found: John Seed
Found: Brooke Infelicitous
    0 5a296c403d4e0a2 Michael Tyrannicide
    5 330233c4840603f Tyler Berate
    8 1454c9283e899a7 Alyssa Adjectival
    9 a61979164db02b4 Natalie Corset
   11 505c2c1f6f3d13c Mackenzie Homeric
   12 4d72f25c170606c Blake Milord
   14 19a29f13519980f Julia Boyle
   17 e7458a808f2feaa John Seed
   20 c2108096581f5eb Evan Inlaid
   21 afd9f90723c911c Oliver Monolith
   23 c8d651b448b7ca2 Lilly Epistolatory
   26 a30bf82851b439f Max Obsidian
   29 867b2a0e70a856b Brooke Infelicitous
   30 bb592309eb0f71d Katelyn Componentry
   31 b9c7d6e119a4d76 Lily Datsun
   33 88b2796bedc4774 Nicholas Fidget
   35 71303b18dba09bc Grace Insect
