Found: Sophia Sophia Increasable
Found: Sophia Sophia Increasable
Found: Caleb Pipsissewa
0
Not found.
Found: Lauren Rev
Not found.
Found: Joshua Kudo
Found: Joshua Kudo
Not found.
2
Found: Zoey Lucy Vee
Found: Sophia Sophia Increasable
2
Found: Lauren Rev
    4 f8d580997d22f7f Bella Dauphine
    6 5d55d554dec4853 Lily Clipboard
    7 08edea4322e9a56 Zoey Lucy Vee
   11 58b50ecddc81b66 Joshua Kudo
   14 193494c3e2f434b James Leaf
   16 851a342d5130ffe Lauren Rev
   17 4b42b73841b3aa6 Caleb Pipsissewa
   18 b876b073f0278db Lauren Lilian PhD
   20 b781ff58156fe36 Madeline Tuskegee
   23 8bee5fd0838558c Joshua Buenos
   25 22ef17ea0e9ac5c Carson Legion
   30 6b268b4d47beebf Chloe Lick
   31 1b41036f2b2007d Sophia Sophia Increasable
   34 a9108d15a64c216 Amelia Meteoritic
