Found: Ava Embank
0
0
0
Not found.
Found: Leah Aspartic
3
Found: Audrey Madeline Conductance
Found: Zoey Sarah Residue
Found: Carson Application
    0 428e231c50d922c James Benjamin Horology
    6 53f839d1b0295a2 Ava Embank
   10 3686bd9b5423008 Paige Transmittable
   11 a33531828844a35 Jordan Neutrino
   28 e45b6b99f40e9c0 Zoey Festival
   30 dffd4db7c7a2cd0 Matthew Trounce
   32 cdd09638eda7588 Gianna Lever
   38 91154d5865d202c Savannah Byronic
   39 d4b6354b3bc06b5 Lucas Platelet
   40 fc77c3aca5fb242 Noah Kiev
   41 dace128a5f7c849 Leah Aspartic
   42 9237cb19a74184e Abigail Phraseology
   43 3478148a68f6bf4 Katelyn Planck
   44 6850a9451abee25 Zoey Sarah Residue
   46 f1c013ab651c5dc Carson Application
   47 d14ad1d070d38b4 Madison Poseur
   49 8d2695e4813c68f Matthew Calculate
   52 e46371740b66e70 Audrey Madeline Conductance
