Not found.
Found: Madelyn Osprey
Found: Noah Derail
1
Not found.
Not found.
Found: Carson Midsection
Found: Adam Schafer
2
Not found.
    0 324e5be331e6638 Maya Coward
    7 54ddf2793405599 Carson Midsection
    8 b86a23fb5a2b076 Noah Derail
   19 23818f6d064c379 Cole Withdrawn
   22 d9f793828dd6b1a Jackson Commonplace
   23 e35ecf80673c157 Emma Fat
   24 16dfe05c7be1105 Madelyn Osprey
   25 b3a0f1b8f4c3aa3 Zoe Tritium
   28 3ea7559ae548694 Liam Ethology
   39 fcd80cafec36d9b Hailey Smudgy
   40 eb6d9ad2eb1ac97 Elizabeth Tubule
   43 4b6898539860561 Adam Schafer
