0
Not found.
Found: Madison Autoclave MD
Not found.
Found: Isaiah Rampart
Found: Brianna Reykjavik
Found: Grace Lily Puddle
Not found.
Not found.
Not found.
Found: Lucy Maxima
    1 744dbbca269fa6b Michael Woo
    4 ffaadd56e6ce0a1 Cameron Cub
    5 ab0027065c65e16 Gabriella Campsite
    6 bdca67ebd997608 Evan Hangman
    7 e7a512243e3333c Brianna Reykjavik
   11 0fccd40ca007df4 Bella Erskine
   15 6bfd457efe13404 Makayla Mallory
   16 e1e454b79a5101d Hannah Shari
   19 b3662dea87a1ac9 Mia Pierre
   22 53d1f8826b04986 Lucy Maxima
   24 a2bb07762e037e7 Emily Ethyl
   25 d27012c5361bc6f Madison Autoclave MD
   26 d972425c71f3710 Addison Danbury
   32 1bc60ab4d627a4f Isaiah Rampart
   34 6ef222f741ff77a Grace Lily Puddle
   41 7d8bed3df47aefb Amelia And
