Not found.
Not found.
Found: Brody Slob
Found: Chloe Score
Found: Tyler Piper
Not found.
Not found.
2
Found: Brody Slob
2
2
Not found.
Not found.
Not found.
Found: Brooklyn Fief
Found: Chloe Score
Found: Lucy Lucy Permeable
6
Not found.
6
Found: Lucy Exudation
6
Found: Connor Israelite
6
Found: Brody Slob
Not found.
Not found.
Found: Kaitlyn Met
Found: Michael Foulmouth
25
Found: Isaac Matthew Incompletion
Found: Paige Evelyn Nearsighted
28
Not found.
36
36
Not found.
Found: Joshua Baklava PhD
    2 d80d26e1f017353253a05c723c44f9c513e Peyton Mcgee
    3 aeae66be9d950d34f06192b192e767bc5fb Jack Decline
    4 df62fa2c1d851665b6ee3a0d629136077a2 Cameron Saunders
    6 5abc24c521015f76bafead8e22ca497de15 Isaac Matthew Incompletion
    8 270a3353be79c99bfadad81fc2f54a1820c Landon Austere
    9 c5dceaad2aee68143805db2f5ee979363df Joshua Squawk III
   11 c275511a50a1c0691a53732d6e4d732dd5a Carter Elapse
   12 755a65c05dc6d7844f42318334312905d55 Paige Evelyn Nearsighted
   13 8aa3b170257c8da9d81a7082bb50c1d5cd5 Noah Nathan Mycenae
   15 2a77e6509604e21fb163aa836198c460f95 Maya Mackenzie Dully
   16 7ab91e12432a82fa460aad5f35c4ac5ff3d Lillian Beginner
   20 19f98e0cba8b6e27d3051fe290554b52957 Lilly Jaeger
   21 dd49fce5c8f8c6cd92908d1c370316b27c6 Grace Cluj
   22 4f41d8122874a221266097dc8d285f4a45c Noah Postman
   23 d57cf20e555bf1d0b175c44a8ec2dbc1fb8 Lucy Stolid
   24 a2d6a3f03b1cb41ea65219251e11fe0f443 Thomas Decedent
   25 6e6a31d5eb15aaf07e8720c1cc4c1794450 Riley Jellyfish
   27 5dfeff9b26e8ad2f0da87212be4814da6d8 Connor Israelite
   28 c3960b334ffc3af36f15b39aa0c87055ad1 Hunter Oocyte MD
   29 0c88f701bb37747274a85691ed800aa7db4 Nathan Clutter PhD
   30 4276fa8c177fce726a147e217328bf77e2d Oliver Connor Patchwork
   31 ecf4c93d645e62d662e253c6dacb49e9598 Hannah Fete
   33 4f978ffc30d47e2cd982bf5f0193de93bfd Jacob Dehydrate
   35 a22bb6fa929421480ec1cb228998a5419c9 Alexander Yttrium
   36 bb76b9e3e96a028cf8ca8a56ab4699cc7d6 Michael Thomas
   37 9017200470de6df007ebfc8b79729d52b65 Savannah Gabriella Missouri
   38 40c8b4e7c01a321df691fae2e190de37255 Alexandra Countywide
   39 dbbbc876050b363e9df1fb341d6e5a38c27 Sophie Percussive
   40 84446d580ffb576e1e0ab020318c862c50d Sarah Zionism
   45 cf8a18f953736f2aa3f1f6fa14cd90c7f5f Tyler Piper
   46 f2a76cfa98b87b96b81d2c711e2a7eb7ff1 Lilly Hacksaw
   47 449c9d3db91b6f11458601ff6df32d2d580 Carter Detoxify
   48 b1bd360b46440939ead0c3d770bb840d30e James They
   49 ff907ea9c8a7ddc5be4d20f674367141402 Isaiah Snuffer
   51 11ad6f793cebc662ac902052b8dd93471c3 Jackson Surface
   61 d39d7d5f2df55070b56d80012b19f6af6f9 Audrey Ulster
   62 ea0898a1d3b845ae4094d8e80ee8a3b97b4 Amelia Hardcopy
   64 c5e9a3b347de8eb262bfef97da19185cf12 Leah Burrow
   65 88c07a3473a6a091bdf272628ea4a5f0660 Sydney Emma Concatenate
   66 b5c6b718099cf465ac5733d46efc68fd5f7 Joshua Baklava PhD
   68 432821c607f99fff3122979f79704dc0d17 Chase Comprehensible
   69 a7acb0a70c8d86ca321ddf7af46c468c2d8 Isabella Synonymy
   70 4fe7bd2a4db1a15d815c23a6ec9818c7f6f Paige Nettle
   73 65e4c056c814b33efec4a73bb91d47ecdc5 Alex Infusion
   75 4ce286453cfcb4f9c2a8a9439cbb3409dca Brody Slob
   76 2a604aea96b3f2ca24ee0910a4d70548e20 Chloe Score
   79 02d9d8d8b61fa7890a7ff8537066ad2ac3c Kaitlyn Met
   80 4db5665bbcaa0e44dc2d7e66bba91a69985 Lucy Exudation
   81 fbc57a2e00b6d2a33c47c91b15287f41c35 Jonathan Adoptive Esq
   83 7b73ef734da2ef165196fe1bde322d308d6 Lucy Lucy Permeable
   84 f354de0d0345da41dd2ee1ccc05a2d6153a Michael Foulmouth
   85 1999104cd269f7d69def61093d1b36043ab Ellie Tom
   87 af7e6be0cf94f717bc059a2aead49f6a973 Chase Millionaire
   88 fe31f0a656c533d85e5de5da7c97abe7798 Luke Destine
   89 e9337fc24a500ce2ae97908346b7af26127 Brooklyn Fief
   90 9870e3f3ddd7b3b2e9696bd27007843fec7 Samuel Isaac
   91 7eafb90285a6b78ef6f706b2176ca6e7528 Nathan Hull
   93 3da6d69ce7e7c4ae5f0d6845bc7ae13b8dc Gabriel Grow
   95 80d97274997206ed407e9cf2907d041c5fd Brayden Dahlia Jr
