Found: Madelyn Anna Bindle
Not found.
0
Found: Aubrey Pica
Found: Madelyn Anna Bindle
Found: Anthony Aloud
Found: Anthony Aloud
Found: Jonathan Spacious
Found: Chase David
Found: Madison Legging
Found: Jonathan Spacious
Not found.
Found: Thomas Telemeter
2
Found: Andrew Gabriel Alton
Found: Landon Kaddish
Found: Madelyn Anna Bindle
Found: Brody Counterintuitive
Found: Kylie Logarithm
5
Found: Luke Shut
Found: Thomas Telemeter
Not found.
Found: Jonathan Spacious
Not found.
Not found.
7
Found: Lucas Porte
Found: Matthew Infer PhD
8
Found: Madison Allergy
Found: Ava Pepsi
Found: Emma Markham
Found: Kaylee Hellenic
Found: Daniel Debugger
Found: Katelyn Storyteller
33
Not found.
    0 13415f58b50bcde6da3cb4f96700929bd8a Landon Brandon Circumference
    1 a40c69a667512fa39af3f69d821607af663 Gavin Abdicate
    3 b4e97d42c7164224691a8c44b05ef026c92 Zoe Adenine
    4 e095409788845c93b69fd4041d5f162c28d Aaron Brest
   10 a26b6d34c1ef48957d743cb3177db9e8ec8 Amelia Idempotent
   11 f9051e32e247e68681808038ccfecce0a07 Taylor Hurrah
   12 0525bdcbac71c825bd86a058293702ab1c7 Zoe Coaxial
   13 999b57f9e53e1c3bdb18b0ae35ff272a876 Madison Allergy
   16 7c358ec4f72888a5f118e16badd04b8cceb Jonathan Vanilla
   18 2bc35169e7ff0a4c20e858c49da13d66d6b Julia Torrid
   20 2adc3f98ccb463401d8881a0d72cad0da3d Lucas Porte
   22 7c1c559a343527ec5d0e8c935644c064805 Jonathan Spacious
   23 de4dd436569b6d523fc424d7cac9ef3b685 Daniel Debugger
   24 3679b3271c576e691101514e05991b6eaa4 Madelyn Anna Bindle
   26 a381da3fb6da248b1f8f1b29cda0441df32 Brooklyn Tollgate
   27 8f98103985dd653d2abcfba09fc711597aa Eli Efficacy
   28 e876236aaf42b37497f52effc9594028330 Landon Kaddish
   29 40134086ef09ad88b104b2230557e198a07 Ava Pepsi
   30 73f1cbdbf77152ced4f4877ed76e328cbb7 Logan Reedbuck
   32 8510c9d67bd27f1fe8e9d65d974aef817b5 Jayden Sprightly
   34 9f8188cf37234c22e8334ae8f5b3bd61c68 Parker Chorus
   35 c49ca4e5e40536ce0659f34ecbfbe853966 Hailey Tramp
   36 5bfcb63bcc31897b19c64b7225022069d73 Audrey Gunfire
   38 6721959e83debc7ab39596ca6c0b3f1a018 Katelyn Storyteller
   39 c4dc0f56cbac67c0544111fe6cf7ea84247 Connor Radiogram
   40 8b8c2783bdb3feacf78c6f55ade785d21e3 Zoe Pirate
   42 217aa35dd44b6a85ee5680fa15a93e8fde9 Ian Spidery
   43 510224366a412eecbf03de0c8446a76db58 Madison Legging
   44 a64feefb8bef3b256b32c62e4110c2773b8 Ian Coachmen
   45 b1ee276985f543d17ac33c1209ed566eaa0 Jack Feasible
   46 9e12f0caa50f4b310e45804b013dfe00db9 Kaylee Hellenic
   47 a8a59acc63a565371731b5aa06fffa6b516 Joshua Ponderous
   50 395a7756f849cb14e953a5de7767fc268c0 Jayden
   51 9466191997a72321da0c966fe57e6954078 Bailey Topmost
   53 7e09cb614118458e0c8448ed4176b072931 Jack Laboratory
   54 932a3add977d008dae56012bd9103210477 Anthony Aloud
   55 9ff5f16cff421da4a95cbe7855acaac86ce Chase David
   57 b66243021cd5b6224c6645e18c3366a42e4 Brody Counterintuitive
   58 62cd13a55d453636c9d9c8428d526c60df1 Thomas Telemeter
   60 0f68a736cd2ca561e724d8f4556164ae070 Ella Jovanovich MD
   64 00f9c09b64a1622cbb5443bff6d5dcd3baa Alyssa Ephraim MD
   65 2d09b720e358671cb190d7e41f22d74f6eb Aubrey Pica
   66 ca1350932a52e00e918c5689baa1071d847 Emma Markham
   67 10406bce1996d8c2982b68624ff5408c5f3 Natalie Beverly
   68 e94bd1d45258b8a183158d9347558550b85 Isabella Madelyn Morose
   69 822ab95d499b138b5b38e9f2b40dfb43271 Addison Handel
   72 274ef7932f355aefe6ba93d7084b1a0363c Luke Shut
   76 f58b3cd2927aea9ac4f61cd0ef0b6b1e8ab Andrew Gabriel Alton
   77 661800bbd86f8c3fc7d4f1c0c440b67b4ce Kylie Logarithm
   78 d713a28b8399b0f242d0badd1283b06ed4f Matthew Infer PhD
   79 e08f682c00e961aef445b2ac8977d2eef4c Lucy Retrovision
   80 63bf4fe0ad901af326f82fef5a729474e6a Lucas Educate
   81 ffa82938d6d3aa15ca63975182cfc70b69e Sarah Literature
   82 2ec96804a3bb7aa0d06298b4fa4584814dd Natalie Scoria
