0
0
Not found.
Not found.
Not found.
Found: Paige Pam
Not found.
4
Not found.
Not found.
Found: Natalie Marion
Found: Paige Pam
Found: Sarah Silverware
Not found.
Found: Charlotte Autograph
28
Found: Joseph Basemen
Found: Zachary Youth III
35
Found: Jacob Avocado
Not found.
Found: Madison Bellicose
39
Found: Natalie Acid
Found: Dontonio Offload
Found: Adam Altitude
Not found.
Found: Madison Bellicose
Found: Morgan Peachtree
Found: Amelia Tanaka
Found: Madison Bellicose
57
Not found.
Found: Matthew Repudiate
57
Not found.
Not found.
Found: Matthew Repudiate
Found: John Troupe
Found: Caroline Khan
Not found.
Found: John Bonito
Found: Wyatt Martinson
A 5650adab79ce9847445f9abb3980f698cee Grace Adult
Cannot insert key
Found: Lucas Marquee
Found: John Bonito
Found: Nicholas Connors
Not found.
189
A 95b17b36739722cbb359cecc93c0a2cf876 Chase Mrs
Hash table full
A 68a71cc4388db9dec84f2ffd874cd655b32 Sarah Yawl PhD
Hash table full
Not found.
189
A 05bf39437116cbc074b51bcf9969fa8fde1 Daniel Citric Jr
Hash table full
A 23171cc0b357361f9282db1fbdbd8fcc846 Samantha Panicle
Hash table full
Found: Natalie Marion
Not found.
A c3fb3c3e9f475043b0188410d388339ddd2 Jonathan Compline
Hash table full
Found: Addison Keyed
A 1e855a3940d2b9023bbdc75a332ac9ad55e Brianna
Hash table full
A ab48abafab1b30fadaf5cce63cc677d7b3c Madelyn Irreclaimable
Hash table full
    0 8bef04e93ae093d6e235414a36721941129 Henry Formula
    1 60f7ea25b720f44b3a72b15c5aebcec7fab Daniel Strife
    2 6c8c629392cf8db84bf349dac033d739e1c Isaiah Scraggly
    3 bf32c638cb0bd8bcbd822b690e5465f31a3 Adam Altitude
    4 e2443b1afc624dcd50524a1dadd8784b3ab Jack Moose
    5 8e714e5ffd05f104eecaacd27cf6a134f7e John Bonito
    6 9741be6e05dcfcb4fa0257355c7c80d7f0f Jacob Avocado
    7 eb9b12bab0d7e8efde2813176c4e438b944 Mia Rejoice
    8 18aa9fa8cc7b5f98e587a94c05290ac2ebd Taylor Cubbyhole
    9 980e277bbc51a0cba4942b636f9ee00b6e9 Morgan Peachtree
   10 2336f45ddcda968483a405686e970d10c35 Gabriella Soothsay
   11 a5586ef1955693dcf8fb7c2c538e74f590a Wyatt Fogy
   12 b893897b01f61a7a810bc85f6c4af4cd1c4 Brianna Hot
   13 1fc92924249dfaceb4f30806381c0d229e9 Sofia Uterus
   14 ca65b3a94394aeb81184a15faad0499dde2 Gavin Invasion
   15 fa93569550ecd053ba3243acafd6453bdb6 Jacob Upraise
   16 5dcbabf25fd51a100d486c4b3ad31b7119a Tyler Deoxyribose
   17 dc806fb77d03c5f62d6ec19198254d4baec Aubrey Poppy
   18 185c79cfa7b3ac6a999599494dbb9001f44 Chloe Swat
   19 741ff12dcbff4120d815c67bd33302fee5e Paige Pam
   20 307175d3839a9ed97f0f3df9b500c46d4ec Charlotte Autograph
   21 946d0ee89238dc0bf9c2131e16a57e4ca54 Liam Belies
   22 b0fab58249f7d17baa588db2210878c8df6 Alex Murray
   23 8240985e3a0249db5ef737b725258958ec4 Taylor Jitterbugging
   24 0e1f4572728faeafb567ca5469456d5ea09 Addison Keyed
   25 421bb4be1033d8a59d0173498e439999f72 Peyton Kneel
   26 1b02dc8d0159f0d22fa595ef606083b4eab Austin Confer
   27 f9e7ddfe2e0712593431f9949dc72f179ee Natalie Marion
   28 27c16734489329ade4f7ae85d2489f39ed9 Brooke Salary
   29 8b24b30fc9e6ac99b82fdc52d4cf7a6c1c8 Leah Laminate
   30 c60f743662fb411a2a54bd8e021c63d3b88 Amelia Tanaka
   31 9dfe7584464293d326bec1f2ccf53052b8c Andrew Prod
   32 410dff3e5685c98b8e4b7bf402a0849e7c4 Avery Loquacious
   33 2f24b8477461c7baa465a19ee8482ce521c Joseph Dibble
   34 5482a6e4af16546b848222799985485cf77 Riley Hellfire
   35 9372f87cb4b7acbcd330a8309f2b85fa1f1 Lucas Marquee
   36 6d9be09fef6e4a687b0dcd32e707ed872f4 John Troupe
   37 6eff2ca9ad0ad98ac13081cdb834cc8f150 Gabriella Convulsive
   38 d0389a9c278a718d332476b76c736da2437 Allison Stiff
   39 71b38b5a6fd013e9e9b72939408d43e331a Sophia Posseman
   40 8483e0e07b0d24e867163a58179e5b94aa1 Natalie Acid
   41 83f1dd50444467e6e69198130ed0f3f23aa Austin Boisterous
   42 424fe815dae2759790b6ef5c4e5cec86bc0 Wyatt Martinson
   43 e4fb3605b5232e8a107fbc0616896c9dc53 Zachary Youth III
   44 b00c8650b8ffc449b1aa28a8c74f969529a William Zachary Hub
   45 9574290fc22e30dff3e37ea6ffd60fc2a37 Anthony Laden
   46 a706c7dd35df8d6d60901e20286a290d68f Isaac Caliper
   47 702beafa1a7fe4ef7f7e2adee0dbedd43ff Madison Bellicose
   48 966dd4aa2df67cca3cc54242ba47bd92414 Lucy Recovery
   49 1579a279b3f4d751569f5442339ad83697b Liam Singable
   50 6f26bb92864d8c7c1329a1ee0891335ad9f Joseph Basemen
   51 2bdccad355e03cc793394ddde71acc3695a Kaylee Depletion
   52 c39eae56fece977aed2fdbc7b7e9d540512 Connor Chemisorption
   53 7ab55c7992451a7a4af9d3549ddbedbe731 Caroline Khan
   54 540fbc26d7728fc62517f5c8c34008407b9 Katelyn Geographer MD
   55 109f2dd3496fcb5d6cd638ee6b5f55a49e4 Nicholas Connors
   56 c770cd1b91b40061df9b495cef385d872e9 Sydney Molly Cumulate
   57 1da3c2e7c9cb0b12748171dd0bd3edf0338 Matthew Repudiate
   58 183b3675b7275ab48aa608c8cb51eb5f8a6 Hunter Daze
   59 193c9d3b6ac46324e61d749d388aa2e6946 Sarah Silverware
   60 c5b9d00cb500b64b2a55679965a40d6675d Dontonio Offload
   61 a7a52b96cf4dd59b1e3106db6a5a46f5b32 Brandon Dylan Ccny Esq
   62 97d96fc2313875d664ae0aa79ecf6a08a64 Natalie Kitchenette
