0
Found: Elizabeth Toluene
Found: Brody Lady
Not found.
0
Found: Arianna Masonry
Not found.
Found: Alexis Benz
Found: Brody Lady
0
Found: Lucy Civic
Found: Cole Plunge
Found: Elizabeth Toluene
Not found.
Not found.
Found: Madelyn Alexis Manhattan
Not found.
Found: Alex Oliver Sanctuary
Found: Alexander Purple
Found: Isaiah Cameroun
15
15
Not found.
Not found.
Not found.
Found: Alyssa Audiotape PhD
Found: Joseph Devote
Found: Elijah Televise
Not found.
Found: Brayden Viscosity
46
Found: Elizabeth Toluene
Found: Evelyn Grub
Found: Ryan Isaiah Spawn
Not found.
Found: Christian Henry Inactive
Found: Owen Fission
Found: Madelyn Fasten
55
56
Found: Isaiah Cameroun
Not found.
    0 009651e1398f6f62e6fedd3ae5a5a04c3b0 Mackenzie Throaty
    2 f82cf0d659db4cb47d712ab3b8857db0342 Lucy Inoperative
    3 5a8aa961915f91f53f7bdddfa4fa40ae7b2 Chase Pastiche
    4 ed47c31fb0470d270a342b9fb70b4ab8fac Ryan Isaiah Spawn
    6 1615dbf81045ce6d33ccbdb68cd5e00443e Brandon Ruminant
    8 148930d6bb06ac4812e4b05e1f5de5175c8 Molly Prune
   10 8c6ccda29dc2864196d04780e6e054c737a Arianna Crab
   11 8715422247b884e8a8d9b1634916f594c8a Max Lithuania
   12 f16f7bb3283d2e6270fb2c3c968e9b9ffbc Samantha Chromatin
   16 f1b5ac2c08ecb8e5edc9af9da6f47e7cc80 Cole Plunge
   17 4a4d84857b5934bb1abe47ed4bc994274b8 Brayden Rubbery
   19 5484589c89136c349ccff0c233ccca394ab Alyssa Audiotape PhD
   20 90633b1ea16764f3d4a62b723cfcd28a963 Oliver Regard Esq
   21 d7d07a1a8477f68738f8976c5b56ad059c5 Jackson Jake Baronial
   22 da675fd9b0d0c345ed99e004d60eecf66d5 Lilly Feed
   25 fb252672988a647a473613139cd90e0ca99 Chase Globe
   27 673feb4794743103577789e4de056574b43 Samantha Start
   29 2d4aa083d2074d47f475d5a271051e3236d Landon Abase
   30 9389d61250e4b34a9e147132f0051a22016 Avery Sorption
   32 c07d5d1a3c6af5349434cddd77e0b72bc88 Hunter Julian Garrett Esq
   33 28dd0d1172d03723ddf08b090d4a26f55b1 David Brookline
   34 4264fec031dd6eca70196c1dc21408f7c38 Nicholas Anther
   35 229c94341e09cd6056e687b0bc9c5c46eab Brayden Introit
   36 76fb079dd7630144b240161de9928eda9ac Alexis Benz
   37 e1d67c1603c62e67bb135fd513daab72d35 Alexis Radices
   38 524c819df10d0c56d650339f5812663b964 Elijah Televise
   39 4e6dcbee49393d32f243498d5ea6721dd6d Isaiah Flemish
   40 c95f50014b2a4d175b571b873c7174078df Madelyn Fasten
   41 4dd2373b3568bb0b449ff57f2d2b845c019 Cameron Inhale
   42 4207bc1cb994c991dc085aabf098c65f3fe Brody Alumnus
   43 53a1632fdc56d3c0110470ec0022d7962b3 Cooper Patio
   44 84edd044501497effdd13d8f04d10679c94 Aidan Pincushion
   45 893ed8c0cc260b3575d8f3116c018f264bc Sarah Incredulous
   46 6295e59a5bafa00c87fef29925ecae6096e Brayden Viscosity
   47 525991ebf46740a4627094c9fa979173c34 Paige Neoprene
   50 9be9d3f88a0b5c3cc96be3c48978256817a Zoey Tabernacle
   51 73843495e008f67bcb4954ec0b10797b132 Joseph Devote
   52 ed3acba4ccdc3d368b1af10e63437e14c34 Alyssa Contiguity
   53 a0410f265592eb0b14bf56d73e43718fe55 William Cupric
   54 63f612ff890f65e9a194d13e7dab0c8f0ab Alexandra Exotic
   55 6fad40b7dbfdaea036d04014670eda785a7 Lucy Civic
   56 37f13aa472d631878d8e7d937b5b7a19128 Savannah Servile
   57 a943e416e9c6a59e192130fd6baa5afacb9 Alex Oliver Sanctuary
   59 34408fbe0bed770074dde549424147935f3 Isaiah Cameroun
   60 ef09350c313468e0940d8579af4da8a2eec Isabella Grownup
   61 7797197609b40e7017a3103156082bc34cc Madelyn Alexis Manhattan
   62 73504391007007008a33167b892a9176634 Chloe Shipyard
   63 6b08517ab4c21e6d8f4f0bc5972b41ed9a7 Brianna Pomona
   64 e33e1b7ab7a18418fb4e49654768e0c3ca3 Luke Flu
   65 2f926d670c7dbb3ccb27b2d193119e03df1 Christian Henry Inactive
   66 56e9798a0f5e98c178c67232b2ebc350cb3 Kayla Muslim
   67 0e758cda0ff02b632411f5b0c9d8ed2a4d2 Owen Fission
   68 57bc6aa1186ee1d10560d44cd8bc3a5ed44 Elizabeth Toluene
   69 5de144656a79207f3a8e9e845dfd3e32bb4 Alexander Purple
   70 702a6111bcdb0ac0b71775aa03d1327185e Evelyn Grub
   71 511af0f9c23d0c399cc92eaee1dbbc4cc9f Kayla Yonkers
   72 4411ef96bc9d4bac73fb5c7b434fb81f2b0 Carter Threw
   73 c3ffc4aaa2c0a81429bf4425ff72e2599c5 Cooper Dayton
   74 9369000ef48546eab81c01efe923ea7e432 Allison Melinda
   75 deb8daf7bb74aed2a1b6e3bb7da95a9375a Dylan Colonel
   76 a978c3d1f1980ab847bf066f3633a3ef674 Brody Lady
   77 ed5fa5931c686bbf41064fc1683aa523f0c Victoria Isotopic
   78 c7b588a9dc18673754180c16ca9e941175e Anthony Disquisition
   79 4c251670e1cf16a2cf15a2b953bdcdc94bf Arianna Masonry
   80 3e7e7585e0caf2847c80cc362769ddd6348 Jonathan Fletcher
   81 2710a4109c44ffa0789608088f67d8c60d6 Brooke Smucker
   82 4d8a7e907927ed323eb1988b61daef5431a Thomas Quinine
   83 66ceb30a2ab04a211a0fbc19ec42d1a163b Savannah Jacobi
   84 a4b8a2e346cdb8031f3a33aab3053691d3c Alexis Stirrup
   85 5314f8193a09196e88ea38f7eb6baded60c Luke Proffer
   87 83c04e5c885866471934d20cf4cf7b67767 Alexandra Backstop
