Not found.
0
Found: Julian Predilect
0
0
Found: Dontonio Foster
Not found.
Not found.
Found: Tyler Laughlin
0
Found: Tyler Laughlin
Found: Cameron Adjoin
Not found.
2
Not found.
2
Found: Wyatt Tigris
2
Found: Brayden Jubilee
Found: Leah Pyridine
Found: Aubrey Hippocratic
Found: Samantha Allison Wakerobin
Found: Samantha Allison Wakerobin
10
Not found.
Found: Hailey Aisle
13
Found: Isaac Amphibology
22
Found: Gabriella Infusion
29
Found: Thomas Spoof
Found: Hailey Aisle
Found: Jack Circus
Not found.
Found: Isaac Amphibology
Found: Julia Tippy
Found: Julia Imperate
Found: Cameron Adjoin
46
Found: Morgan Diehard
Not found.
Found: Victoria Proximal
Not found.
47
Not found.
Not found.
Found: Hailey Aisle
74
Found: Nicholas William Morale
Not found.
A 68f7442d9563b79cabe16f2ef1a8d99a87c Jacob Proxy
Hash table full
Found: Chase Conspire
A c2013ba0cc502bf0ede4b81dfffa95576e9 Zoe Victoria Playwright
Hash table full
A 786d4c0dec1029a54b73fd5844844f7c39f Natalie Glassy
Hash table full
A 642b8c8e5bff90fd531e09aef813eda6cf7 Brooklyn Priggish
Hash table full
A 70d7015e11709e78e1314d89ac1f1253c1f Brooklyn Tailor
Hash table full
A 395fa82e369cd759f91985ac9cc6211ef18 Alex Shepherd
Hash table full
A 4f542d004b1dc555944c6e149ac9590f21b Madeline Wear
Hash table full
Found: Thomas Spoof
A 26889c1e2d4faf3fe4cdacce772e7fbf2dc Lilly Directorate
Hash table full
A 62d4748db1a99cf762bf5f847ba3f99c2c5 Christopher Pastime
Hash table full
Not found.
A 381232f75086d93f202130bb3e93ba19844 Julian Styx
Hash table full
A aea5837d7bdb28a8faf745ca89da20b9e1e Daniel Gale
Hash table full
Found: Julian Predilect
Not found.
A 315da2a6f56313d4e1371d8e392707f269a Ava Canny
Hash table full
149
A 6b557b40e624997fa40fbbd82403643ce22 Amelia Caroline Sidle
Hash table full
Found: Landon Detail
Not found.
149
A 02173a2da07a7d63247e5dba2f1abf8d270 Tristan Pomposity
Hash table full
A 97c2ceeb9ae31ad08ede95f66ace0f50286 Anna Missive
Hash table full
149
Found: Henry Assemble
    0 4adeb8707f2af3d8bd8a0557278b164c65c Julia Imperate
    1 ef3b792a22429e11a85f9ff331388a19a08 Aubrey Hippocratic
    2 0526ea560f647527b81fa865fc0408f3a9e Benjamin Preponderate
    3 c976efdc88f58039ccf241cd345363c08b9 Landon Detail
    4 719b07eb95adc825c6f50f7a11292d1d180 Isaac Amphibology
    5 faa07be6a999ab10f9138d51146d0b9b849 Allison Incantation
    6 468a65e70b53a0ea3eb23c5de2715c7f8cf Ryan Rode
    7 322553b6bb574242851706adcd273c0e4f7 Henry Markovian
    8 3dbf091d53b9c562a46e35bfc439f66c940 Julian Predilect
    9 d765ae5bc72dacc8c934b7f2232288c8115 Parker Plaster
   10 a71781c9a3a00a85495f4ea222330f3ae9a William Epimorphism
   11 338898564ffa447c405d11054f71cc7280f Cameron Adjoin
   12 4048cccd5462669b0de2b6150fa158e40f0 Kaitlyn Brent
   13 5b34097a2c973d91bd24c19bac0712a52b1 Chase Carbon
   14 689a745a14a404d4f2f443cd5cbb8f0a272 Isaiah Alexander Prodigy
   15 4b0b90778d13f1377c18f0ea4cbc8a3ad4b Matthew Cowbell PhD
   16 56af521da3c98ac413f40abc59404a3c140 Anna Handicraftsman
   17 a165c9e7055b1aadf5ba9fc1745ba84fd0b Andrew Cabdriver
   18 64f3eb6915611107c94ba0ebfec9371fcd7 Nicholas William Morale
   19 ff403fb66922a25794ab86dcb3370068479 Mason Roseland
   20 61507573609b11c398219bc05e3ae064d4c Leah Pyridine
   21 e55618d57ab0bb20a3feecb0b41d1fc334e Victoria Proximal
   22 450195d132e5f4736e7fd3a29775b9b87d6 Hailey Aisle
   23 03f4f6868f34127ce1580aba6c64deef8ff Gabriella Infusion
   24 37df220e98f88b084c60023bcf7a42423cc Mackenzie Avuncular
   25 6d4448647946f3ecdc9e506455693ed158e Liam Grimaldi
   26 67a3c77623c2fd87f8487c68c3a9f2485fa Brayden Jubilee
   27 9cb93604acfae11af6547a311eb6bec7987 Isaiah Physiology
   28 ed5d3962685ac7860bd14227c0a332b0494 Chase Conspire
   29 37ad5da46f48f0a719513f735a9f2c94719 Dylan Kiva
   30 33b92341457da3e55eccd09ddc78adebc13 Caroline Morgan Automorphism
   31 21ed7719d4fdcf18e6f6b4a5cf2981babc7 Chloe Exudation
   32 2d9e75517ffb4dfe62ca285dbd1808cbf18 Arianna Mare
   33 a32120bc6271915b79f750543ecebe76909 Connor Prostitution
   34 fb6034fe131b8a20bb44ac9efe3f9df1676 Thomas Spoof
   35 447dafc1497ee15284b4987511ad0b0cb73 Adam Presentation
   36 9de5d59cffd3cb3a87e98da4fc57cc577fc Dontonio Foster
   37 a403ea107b39a5379e82ea431b15da21f89 Samantha Allison Wakerobin
   38 a24f5e218c2bb4c2d131d84a1f25ed759ab Samantha Suggestible
   39 b9ed3b55221ec3514acd8603af4dbb44577 Brandon Teensy
   40 d547c12ea01b378391d906e9f59ddbe5914 Zoey Culinary
   41 09418523b701bfdd1cb1dbc3ce1afc61d25 Gabriella Brooke Obsequy
   42 0ad6595578a12d7f252a9340592dcd71586 Jack Circus
   43 ebebb6cbf1fdd328d11992d53e85a288a2a Brooklyn Muddle
   44 730cb8a779cbe192565b97c7bcec27021b8 Sophie Endow
   45 0d785c6a3915fe474d778e1bf2a89961699 Tyler Laughlin
   46 797d0213bfe215bbaa746373c6bcc708e12 Morgan Diehard
   47 43ea614e96fe383b8d6f2d104587a46ebb8 Julia Tippy
   48 05bc757abf2b6e0f860417e533b0da9d7ec Isabella Christine
   49 ba40d5fb58d667aedfc1870566b853f9359 Wyatt Tigris
   50 7dca151846c5d52f96e29d27abaf487565a Emily Alluvial
   51 274b090008806fcbe195969223f1c125a51 John Perfuse
   52 06e6f4615d06fc3e8a2f9fc6860980bed00 Nathan Cameron Shareown
   53 848fd914df5d7fb2ed8942af62415533efe Savannah Withstood
   54 3882ef389a8b6fa7ad8c091d46a29868b92 Kaitlyn Tusk
   55 cc00445ee233fee7ee3c740035866f73dfb Parker Deter
   56 38fb98bb160c24b5375fe6a40de94b84c24 Emily Decisional
   57 9b77ba7f5379fafe233788844b744e9e455 Alexander Throat
   58 ec9e504e542dd9a038cab6ac07f942ce244 Lauren Boletus
   59 5850d9c88c45760b1c602b1924b3f520ecb Jordan Republican
   60 b6ea65ffaf7f62357c12c6acf86f0abb4a8 Brody Cologne
   61 a19c7f34f2abcfec677c260fd41000836ff Lilly Espousal
   62 605646d37f120575cca2fcd0d1a0d8dc126 Brooke Silvery
   63 c4a2be5111909ad9e5654719f88c69d4038 Henry Assemble
   64 9923f484b46044da29d44e0ee359fdc24dc Lauren Countywide
   65 c3cb99386d227afbf64a464945e6d6b9f82 Luke Trilogy
   66 de3306a8f8dc11205ae1fbf08cee0fa858e Addison Ethel
   67 ee941bcc9eac0994672ae31bf82d01e4fcf Lucy Monologist
