Found: Grace Electroencephalogram
Found: Grace Annulus
Found: Grace Electroencephalogram
Found: Avery Zilch
Found: Parker Diversion
Found: Bailey Egyptian
1
Found: Alex Oslo
1
Found: Parker Diversion
Found: Bailey Lesbian
Not found.
1
Found: Bailey Egyptian
4
Not found.
Found: Madeline Embroil
Not found.
Found: Jacob Commissariat
Found: Grace Electroencephalogram
4
4
Found: Morgan Julia Allocate
Found: Ava Cowbell
Found: Alexandra Notify
Not found.
Found: Allison Imputation
Not found.
Found: John Yond
Found: Allison Imputation
Found: Charlie Vincent
Found: Dontonio Danubian
Found: Layla Electrocardiogram
Found: Avery Zilch
Found: Alyssa Shelley
Not found.
Not found.
Found: Caroline Vortices
11
Found: Parker Diversion
Found: Kaitlyn Septate
Not found.
Found: Logan Denote
Found: Amelia Torch
    0 04c41f0741bb10498eab96c0f85a18d67e2 Paige Posseman
    1 dd3cd38b60c75a384739c80385ad67669e2 Hannah Abolition
    2 204376c58fe02c558343cdf541271de6667 Allison Imputation
    5 f1f956f7df615e3e6cb07a1d2b2b647fbb1 Carson Seasonal
    7 5d49d13d6c5c37097f7c227963d20b2712a Grace Electroencephalogram
    8 14b0cd09b8a9bd29ceef1f889e87dc21149 Kaitlyn Septate
    9 71c59a7d32e6c5d971d39f8530a433f95f0 Daniel Waterhouse
   10 58aa8ceb87df58d7573ce608dceeb4c0c20 Taylor Sofia Delirium
   11 de5202087fe6b6717dae23b749759a1a7b7 Caroline Vortices
   12 f0efa71675b53cdd7d6c54dd3211390fc42 Logan Denote
   14 bfbf1fcbb19e855dbc93d3de9b5e4cf826e Lilly Balkan
   15 7d0812bd8abb985cb80713b2c758a2d2bf1 Morgan Julia Allocate
   16 578f181f1ac039dd7092b3c653e8d505a8a Isabelle Errant
   17 ebabf4ec75f7cfac2872fd1929e95fcd735 Chloe Decoy
   23 10bc6c2746893a66fd07c92342082ccfc33 Anthony Terrapin
   24 c4d9fd63ce03216c25bc839e8ecf9907b99 Logan Jacky
   25 13e791ad6a62567405d0a4f889efbb84126 Layla Electrocardiogram
   26 4c037be079a9cee5838e1211a272b18a679 Lillian Obese
   27 e4fa6e29f24747124308e853113bb0854d7 Joshua Scala
   30 4830274b6c6350908fdc74d1ac5a3214c8d Aaron Decile
   34 79ce6e35a854edb92c83d39ff0de270e934 Jackson Burnham
   35 dc1035e692f976ed2f12d8ed12c896e330e Grace Elizabeth Brigham
   36 7258c113f8eecbaa17d0499f3987a907bd7 Grace Annulus
   38 2eb20a21065d6294a89a9c3f06ecc121e3d Lauren Lilly Tranquil
   40 294490dcfae4b5d3e1140646955f4b28a2d Amelia Torch
   44 d59a6c4589a2fcd491faf367328b5407167 Chase Malabar
   46 e0f85ee2fa587d1bc137f91a8681882b81c Caroline Lauren Shin PhD
   51 d93520991a1fa4663051c2e6484899a016c Parker Diversion
   52 29712b3921d04ad8bc24c3e8f27efc8cfa7 Joseph Systemization III
   53 58a5bf0144ca2b1c7dc0a5014b99bf91f08 Alexandra Notify
   59 5902599e2d72d79730c92df09f48a65417f Logan Gaudy
   61 bbf34b919e517b114c8b17a01e261d54669 Caroline Dismal
   62 18cea4f6c4bbeb59a5a7ad7e74c3bd97fbb Madeline Embroil
   70 9d62c52e5c471b1907df9f6bd41c9654433 Alyssa Shelley
   71 8751bb812d0c9fd5613d8090a66db4ea2a3 Bailey Lesbian
   73 d251ea763794673abd65c9cd8064af6bcf9 John Yond
   74 c4974e7fb5c7f62e66cb2006e26ac511871 Isaac Hypertensive
   77 64ecfd8a5a88f84ac6c0ee8cace1f6cfeb7 Cole Football
   78 608d01b44b3b768b2f141c517c55ca4f47c Jacob Commissariat
   81 59f58a785cb56ee1a9e506171a7b78adec2 Jordan Hackle
   82 587742900ba30779c5be4dcd921a66b2c9b Avery Zilch
   84 8cb4052b44a0e208c8d0a9cec5d4bb94c20 Grace Victoria Orin
   85 27979184e3b34333f9c68585bc0ef27c233 Charlie Vincent
   86 6767ba5f855d7491bb36ab74d29a1f2073e Tristan Therewith
   87 2fd469add29282bc2ef3b86d36287fbed05 Ryan Norman
   88 fbf350031c387747472f1ff8c3216cde0ef Ava Cowbell
   89 52ab93c3a48208c693383b0f665c002984d Michael Wehr
   92 f4fb71dcd457fabf8d3ca1bea43296f47ba Dontonio Danubian
   93 95ec6ab21a8155d77008370e284f4a32acc Brianna Coastal
   96 d03857841dd39888fb69a96b277cbcdc52c Peyton Expiration
   97 b0722e47b184ca5bf76672d3208d826d1b8 Alex Oslo
   98 ad08e4ddc97405663fbac92c80877d0ff4e Bailey Egyptian
