Not found.
0
Not found.
Found: Brooklyn Luzon
Not found.
Found: Eva Hearty
2
Found: Eva Hearty
Not found.
2
Found: David Freeport
Found: William Feeble
Found: Tyler Belshazzar
Found: Bailey Lumpish
Found: Adam Grudge
4
Not found.
Not found.
Found: Isabelle Primal
7
Found: Gabriella Intermit
7
Found: Ellie Squander
Not found.
Found: Gabriella Intermit
Not found.
Not found.
Not found.
Found: Zoey Fascicle
Found: Ellie Vestal
Found: Isabelle Primal
Not found.
12
Not found.
Found: Lucy Irreversible Esq
Not found.
Not found.
Found: Eva Hearty
Found: Lucas Driscoll
Found: Benjamin Bryn
Not found.
39
Found: Elijah Gagwriter
Found: Ellie Squander
Found: David Freeport
Found: Liam Chilean
Found: Lucas Driscoll
Not found.
Not found.
Found: Bailey Lumpish
Found: Aaron Serious
Not found.
Found: Andrew Moment
Not found.
Found: John Phalanx
92
108
Found: Julia Luxe
    0 c4825ab89f8e4675cda458de6c56c647692 Chase Perch
    1 cc75d7852ed91be6eca01ff69f369936b46 Samantha Schism
    2 e368d9cb7a2e32f3af89f07a1de3396ab80 William Feeble
    3 930243fe7e17e28762e5c7e857c2385c9c1 Sydney Jurisprudent
    4 87cbd94696d74a48f561cfd5655a4da3dac Elijah Gagwriter
    5 5cd1dba20a74c0f511f6ef68cc640647825 Tristan Cyclops
    6 346c764d9d5638c7af5368ed2d35563c8b9 Zoey Fascicle
    7 62e91109234d6e98a95c86c5b41661491f7 Brooklyn Luzon
    8 cf9d5f01ee2f943dd8b141767b71c396e94 Brody Multitude Jr
    9 983816c1b46eb08abbde7988551c4ffa9fe Brianna Astrology
   10 40797786cb1d86e8e34e8a1b7b169d83569 Parker Carroll
   11 9405228f69a7cbb881ccc1d4c428a0a570c Aaron Icc
   12 03b652fc42652fecae02613811faf7acb45 Allison Watchman
   13 3e319437ee72c551344d1b74ea02ba85d82 Adam Isaac Greer
   14 1e974ebbecf45f7f6fd97fdd777aa4cf937 Mason Knuckleball
   16 c51fddbc9072ee744f2553a58cb40937fc4 Ellie Squander
   17 bc07738d31dee0688969efcdb86cacecbab Isabelle Primal
   19 dcf2c68158244e1bda97797b02df59729cd Eva Hearty
   20 e78e93c7f4f52927c92cfa4fafa72449bce Bailey Lumpish
   21 f39e0b5deb4bb67f40c471163cb9a648b89 Makayla Schuster
   22 fa60b58b30a5da5a4c1d14c2c318e17ecbf Mia Calculus
   23 017cfca27205ade6045ef9425a5d5a28841 Isaac Profiteer
   24 0d6bcbb685d9753f7611caf0366be8b6871 Tyler Skip
   26 20a496375ebd32c9d8e6665e61ba14c6857 Gabriella Intermit
   27 503b48e9a32e39942af8f97ab622c6a99c1 Ellie Vestal
   28 cd2cc833c02a4280330bc7a3ba9caf6429d Carter Hockey
   29 a8354a7f7342283ad8602b2e37751c3b4b5 Brooklyn Strongroom
   30 a546ff64f9470984732b5475914aaf3564e Amelia Rusty
   31 8b8c755b7a249b1c4ad48c060d6ce885607 Benjamin Bryn
   32 ac7467d1f267de16973ddc6610d87c5bcc8 Brody Englewood PhD
   33 8125bb2a9c1d2f28d4acf2c0573218630e1 Kaitlyn North
   34 b1b1f84665e635080bc7e3ead81c76c8c29 Mackenzie Kate Renown
   35 728c77367597658d32636eab4e8bfedc4b1 Noah Token
   36 db13920b3d976278eb497e7b8ac2338f763 Jordan Alexander Tomb
   37 6d1e01ed33c466a80c4aff71d8d61a79dc5 Ian Vowel
   38 faaf918dde69a186002c1907c9348bf5c6a Lucas Pioneer
   39 5592f405a95a4adbea85216e3d44c380ff8 Anna Preston
   40 e67b97fc0d51f4c14a9762967f1268dfb7b Kaylee Hydrosphere
   41 23e5fcd9dee99028ebbc29b77161ea90037 Aaron Serious
   42 a33f15760d5a4df7c5f01db54b4eac305fc Charlie Indonesia Esq
   43 d494939d20a3557ffbee9d49b2df11b3e1c John Phalanx
   44 a7af403cedfb132f50fa4116b1a0f0161d8 Gianna Julia Imbrium
   45 c1627ebfcb03a84e71a85ae99d931a1ead9 Gabriella Whippet
   46 4540d75fc42471aad0753fa5e760bc2e5b9 Liam Noah Spokesman
   48 4dd8c12a49b74ecbd48d3a909828a9b4c57 Claire Transducer
   52 6d689317ca0a1faac53dc7f1ac0987d850f Avery Ignite MD
   53 c28fae856a5fb96f33605f8f9586774cc27 Dontonio Homozygous
   54 8c256fae08bc0cb7a9c0274aff26e2be936 Eli Replicate
   55 aab69b81de75043aae23ff4fd3bb9bf133f Lucas Driscoll
   57 87a90ad2eaa62262381b16e808242a401e3 Landon Intestate
   58 c00980664789bedcc32d474d42d91974c0c Lucy Alexis Committee
   59 bce7a7a327ed50819c46d1485996936ef48 Julia Luxe
   60 fae840cfa843ae2492354069aca16fe444c Samuel Permitting MD
   63 6e9fa296cf7b54df1f21b53ff4149c9416d Elizabeth Racy Esq
   64 f133f039390df84c3f5e7e155312c21c171 Andrew Moment
   65 6eb6a275b0bc4d170b322f76e4596e72c50 David Freeport
   66 8455120552c391af05b2c404478482c9eb8 William Perplex
   67 d2f7c7aee07acc4fbc74caee9bad651d1a4 Madeline Categoric
   68 faf778a9013c6c990fe3313bc9570c4f0f1 Adam Grudge
   69 c2a8679a2d91153b95fe523bfecbb0ac447 Carson Differentiate
   70 5c9758f1d4714abc4e714fd2f3410c601b6 Jordan Curio
   71 7580fe01d0a9fd09bca79ced87eef7495d9 Aiden Goldfinch
   72 8912418b2f01deed849e2bc8dda3161d16f Lucy Irreversible Esq
   73 d11901d1f4d91bed7711ba385fe9121f277 David Sapient IV
   74 b499c9e75fd8800f4f98e256fc6d272c617 Julian Gym
   75 2d6afc9796815f2a54c1a406c540b8035d6 Audrey Section
   76 175e43d5c6efc9bfa0789da5b4e33954ca8 Makayla Chess
   77 c1ca557f9880b421efbc53e1cce5c309e6e Tyler Belshazzar
   78 7679f1777169e7e7b9a19b0d939f329a588 Liam Chilean
   79 d026d68a4f94e9d87248a7d86b5db5eae8f Lucas Peony
