Not found.
Not found.
Found: Maya Welles
Found: Carson Gingham
Found: Eva Rubbery
Not found.
Found: Victoria Sergeant
Found: Mason Calvert
Found: Aiden Matthew Mantlepiece
Found: Brooklyn Alderman
Found: Brooklyn Alderman
Not found.
Found: Maya Baklava
Not found.
Found: Eva Rubbery
Found: Mia Foundry
5
Found: Dontonio Parisian
10
Not found.
Found: Dontonio Warren
11
Not found.
17
Found: Alyssa Waterbury
Found: Brooklyn Alderman
Not found.
29
Found: Mackenzie Vexation
Found: Maya Welles
74
Found: Dontonio Warren
Found: Liam Julian Dooley
Found: James Selenite
Found: Kayla Whisk
Found: Madelyn Bemadden
A b3b1aacdf89df26b6debf32f44e8202158c Gavin Epithelium
Hash table full
A 2c246528366a10e27b6fc7614fa6313e209 Madeline Epiphyseal
Hash table full
A 12da10116626a9b5833e06733d4875d98d7 Eli Evade
Hash table full
205
A f5b0ace07c929465ee59f36ba6095b6cbb2 Elijah Collar
Hash table full
A 707c1eb918735909c95654c9eccbe8cdd5e Hunter Notify
Hash table full
A 5578c9f39073d8686436e8a8a5c19cba16d Gabriella Photo
Hash table full
Not found.
A a8e8c05d8f0b6947accb76ce502ccd785fc Arianna Horsehair
Hash table full
A dab0c0ddce056065d9247d9e0696119a220 Brody Essex
Hash table full
A 3e3b1b181eb7fbe9995b30a4c7a7f3bfdde Ava Porch
Hash table full
Not found.
A 0e728dd8f48d696f59d7db593649f50007f Gavin
Hash table full
A f4ca40c6e606266d9b578d4c597a2ad3db9 Aubrey Headstrong
Hash table full
205
A 50367cd025101291b0564e2b84a4c78907b Sydney Adposition
Hash table full
A 6c5e9c38de9558694c64180cb2d5a49e684 Austin Attribution
Hash table full
205
205
A d24cbc88a559cc782ca672573db7706f6c4 James Merlin
Hash table full
A fad4546a001b981a2997922a955702fdb68 Sydney Converse
Hash table full
Found: Madelyn Bemadden
A 541a14b59d0c87456d03ccd43b483acda29 Brooklyn Hanoi
Hash table full
Found: Savannah Argumentation
A 9e9eaf14b6e5b76d73ad69ba656405416be Alex Leer PhD
Hash table full
205
Not found.
Not found.
    0 7b4e89575d9dbb0af2601ff8cb84492681d Max Upton
    1 07e04260c16ca22d3d5e02ab5c253f6acef James Exam
    2 64f643bb8ccd85d2e82813d8e875177a67e Hailey Incarnate
    3 bbd32138a25808afdcf0446a7bb1cf833fc Matthew Sealant
    4 02fb6c3c3b66a7ac20536ec77b7ffdd14cb Ava Sometime
    5 5849e1341c7c4c41990d0ec50819258cd31 Bella Soluble
    6 a59ffacc3bfd6e5c8e1f9a07567cd663bd7 Maya Welles
    7 3dbac53fcc3ff26af7400003bca7f8de7de Savannah Argumentation
    8 4c42bd7d1a904bfed15af415e37b3673500 Carson Gingham
    9 ca5e3f8f62f9d40e9105d4e69fea354dcea Jayden Mystique
   10 bd40315b8db524925bc7cd4e2a10e48d5fe Kayla Whisk
   11 ac035a449754621448d28de9e40af0df7bf Sophie Whatnot
   12 d5a8b21eeb23b4c832704b5f2ecc51f73a6 Dontonio Warren
   13 c7fdeb325c137e0f5e4003f4d45eabdb209 Alyssa Waterbury
   14 c6aa4dcf0e38d86fd5ac505cf108b649009 James Selenite
   15 cbd723bd4315ca45158b247393f81f92ddb Dontonio Parisian
   16 4e28fbf89fc3d480b42ee1e36a25d517613 Maya Baklava
   17 eb6d86f277b57ac4d0bafa732b56dbe1fcf Kayla Sofa
   18 10ba5eb5b0200ddb916f4c2cfa06d99cf19 Lilly Homo
   19 33b385fc990629da0e0e246d31aa7b90a51 Xavier Pintail
   20 eab4d2c07a6ada1945b8cdc1ef6745b2550 Madelyn Bemadden
   21 9586621640a6ebc08b2be22a8c70b25c051 Landon Laboratory
   22 3dd2a719525ebe5a708c90189b09063c0c5 Andrew Crewmen
   23 20fa90c43abd3407cde57749989817df631 Brooklyn Alderman
   24 0493e1b1672048ea8005bb22ca0924ef96c Victoria Sergeant
   25 c7899fa5116f4bfbe47d9d1e829e04dba49 Eva Rubbery
   26 1f2c7a58c6355bcc762bf44b92c0788a387 Sofia Marcus
   27 66f355c8ed9952e5bbbc062d9fd6015febb Joshua Slander
   28 080f0b75678cfdd54a586b7660cb87e2ba9 Katelyn Foil
   29 c68067a0fc47a90da11d422bec5085930c5 Allison Grendel
   30 4b4af7d59e71fea4bc4cebe33f7420098ce Mia Foundry
   31 a7aef4e035a980431b5eb504781b2742ebf Charlotte Denominate
   32 3cbdc056064ed617efbadd310b082bb98a1 Mackenzie Vexation
   33 b7f59b851d10ac1b73f24d8e9e2b93e3e0a Liam Julian Dooley
   34 d9aeb9cd294e454aaf92025b1b376e2c3c3 Christopher Jeep
   35 8b5b4e93b56638dd3ea78df76f5626cd9ca Audrey Thereof
   36 15b93c17c581426a750adaa506dee81b8e6 Isaac Orchestra IV
   37 14da41243f036b0acc53e300324a0bfb90b Caroline Wand
   38 8f9c455a6b86908b8f2de91d4e4af3e27cf Charlie Pretentious Jr
   39 fe6bfa6f5c8b263c93e56f52932637c86d1 Bailey Belvidere
   40 2b5db3d2dc62a93c19661d67701a2cc68a7 Maya Portrayal
   41 e39301f8da06372258f2306275906f0f0ad Alexander Dusseldorf
   42 7b64802045d4d61a2144af66f1373af3746 Owen Diagnosis
   43 d8adaf2a6c8f3d6e765df13eb2108be3939 Arianna Vermeil PhD
   44 cdf283839a70e31da5a1cbe30ccc8022929 Caleb Devilish
   45 56df2ed91f1d512de258d8e9964b7e8b7a6 Madison Prison
   46 526df9aa8d56a808472181f9d85505fdee8 Amelia Sofia Daisy
   47 0121930bc25fa9b48b6f4985efd8ad06702 Chloe Hatred
   48 73a6a6a96945463a331831c9e002ec05622 Aiden Matthew Mantlepiece
   49 b33e3cc0bffd7f5a1748acb2269724d7093 Eva Leakage
   50 1211062285f5716f52a13a8ae8a7956c030 Mason Calvert
   51 be93c206f85334892299e2f52ec8f4f69e3 Logan Parker Brazilian
   52 4a768057748b21e6864d562d27639eabcd8 Sarah Reeve PhD
