Found: Makayla Malay
Found: Owen Chipboard
Found: Emily Octagonal
1
Found: Lauren Theoretician
Found: Makayla Malay
1
Found: Anna Ptolemy
Not found.
3
Not found.
Found: Makayla Malay
Found: Benjamin Annal
Found: Andrew Quicklime
Found: Owen Chipboard
3
3
Found: Sydney Olivia Objector
Found: Adam Kick
Found: Samuel Calais
3
Found: Samuel Calais
4
Found: Anna Samantha Satellite
5
5
Found: Gianna Grew
Found: Elizabeth Buckley
Not found.
Not found.
Not found.
Found: Blake Look
Found: Samuel Calais
Found: Gianna Makayla Dependent
Found: Daniel Scabbard
Found: Claire Data
Not found.
Not found.
Not found.
Not found.
Not found.
Found: Evelyn Virtuosity
195
195
195
Not found.
Found: Victoria Infatuate
Not found.
286
A 09646f6b686ade9f2ae09f604659e7479ce Jack Suds
Hash table full
Found: Andrew Quicklime
A 99dcda9af5b8f0c00340568b53344ff2d76 Morgan Sprightly
Hash table full
Found: Michael Sumac
A 6ac7b30854f166ac363186fe31d7ae8bfdb Jake Apocrypha
Hash table full
Found: Gavin Leeward
A 65096b937110c1acc51937661f79bfdd0d6 Charlie Apprehensive IV
Hash table full
A 1ff18ec5c676efff5dbb22568b6988c577b Kayla Sophie Coda
Hash table full
A e86747ff7f11a031bdac58ba44eff63321d Aaron Imitable
Hash table full
Found: Parker Abominate
A b923c30899bd782f08810f5b23c95760f83 Adam Appease
Hash table full
A 3559dc926eae31e0c4738d1b438a36337d9 Eva Mackenzie Malpractice
Hash table full
435
A 7cc3ee210651c8371fec37a2fecbf2117f8 Lucas Daniel Gumption
Hash table full
A ce30289a74d44577faadbf1e43921b9bc64 Sydney Emma Dinah
Hash table full
A 5a0359a71ffc1b1e38ead6eb4a734d97312 Evelyn Anna Referenda
Hash table full
    0 1b9661370c3833877b7ce798eb32b424c80 Anthony Jonathan Crest
    1 40233ad52aae5011f92662f033c0d005076 Emily Octagonal
    2 2c6dee8c86f4f941e8d9b9e1dcc6a281f92 Anna Ptolemy
    3 7223c8622e01d210bb92d068ca899c26a8a Emma Madison Conclusion
    4 e9637444d2a5d5c1123870913a310cb0333 Samantha Crisp
    5 2f6b2f1108ebd0760230df5fdeab9217087 Alexandra Boon
    6 8e5f50935b9e718481a2c289d27d0e4b8fb Andrew Quicklime
    7 9cdceead72584c963bcc9d07ec01147451c Dontonio Footpad
    8 90ab0baf1cabf6cb50056c523de1a148380 Isabelle Synagogue
    9 c9ea50bdefab903459e3a65bbd5ec5baf5e Chase Panicky
   10 518e5a61d285e8979996c55676d50a7ed61 Mackenzie
   11 0870a2a0d0ef57eb8f8345b36c8ab1d7b7c Tyler Wast
   12 ac6deb2adb3019fadd77ebc178aac582a21 Makayla Fran
   13 81b8335882426a7b085b85aec2ded0efe74 Ian Nutcrack
   14 98bc03347cbf14caef860c0b7910fefdcf0 Hunter Orgy IV
   15 325d3cf8e32026520ccc6fb601c440e1c7c Ella Esophagi
   16 b72514fca91f384854182cddb3eded6d50c Bailey Autotransformer
   17 1e1326c2ff58444616b4746f9bf205d85dd Victoria Beribbon
   18 c7708050e27677305a144aa2f4d1fef18bd Riley Crusade
   19 9e851fc23f64957d17541fc64e4fa6892c4 Julian Del
   20 78907f09319fe1706e0af11b314a12a13b3 Matthew Hydrogenate
   21 0c6faac68eca2db757b81917355f7fd5c2a Anthony Uris
   22 4ef60ed62b9eaef33c900d3bc6e3524270e Blake Look
   23 36c54f6127148eef640e7f262b469084842 Dylan Locomotory
   24 3e02f24949340824d2165580015d19a6988 Claire Data
   25 632aae99be9873966eca548364476421081 Anna Samantha Satellite
   26 978539e9f8f8ffe960eb027fb5e19fbee1b Michael Sumac
   27 531c3b426a71e0b83bb9d310e90f9dea3a3 Zoey Constitutive
   28 ecc210fea7d4b4d655bbb5996987d3d9a58 Gabriel Byline
   29 5ff1a29dbce7c645160ff40b07839a1bfd2 Evelyn Virtuosity
   30 8c06657f47d062cc797779260eecd6bd948 Dontonio Livestock
   31 633d48ce6944731e27af0f68029ad6fd1de Owen Chipboard
   32 c0bc308f564805b24abad9b1b2224fe463a Mackenzie Sylvia
   33 59a83351e0d3d8e3742a30f8fa4a756f691 Avery Paid
   34 3429695ca1f3fa5835d86941802ae3dadc9 Riley Sydney Trachea
   35 f0071adaa5ee7aac6d524f2364aca868d9c Michael Thomas Turntable
   36 b931c616fbc3473e63e60db0cf614e634a5 Bailey Deception
   37 ab2c70872ecd3dea045dff9cf64e154ce10 Cole Anthropomorphism
   38 f198309da48b52470c3cd04f811518d449a Hannah Junk
   39 6fdbda581dd1f7885246f13537546ba8a12 Parker Abominate
   40 e4fa6e29f24747124308e853113bb0854d7 Joshua Scala
   41 1538b63bb6227b9fda3dd3dfaea859025f3 Tyler Tramway
   42 0f6245be4c4e8a9685a3e32f15cdd7b3324 Adam Kick
   43 73d8021efb96d9cf8d627b055aec015d3b4 Gabriella Passer
   44 7cef23caf7d403bf5299f64a5e38f5d24da Gavin Lexical
   45 2039c405c180cd066df23e200ebea0044c9 Cooper Franca
   46 4780944d0a3241741fd202384f5e6305fa9 Elizabeth Buckley
   47 f30a2ad50d2c7b20594b35dc4ed4a8b3af7 Aaron Mullein
   48 39ea2a9898060809fe34c2f027532957176 Gavin Leeward
   49 a555ca4f276f1352f31b235f7207b540f00 James Contributor
   50 2390fb7e163b77af3423c5745c6d851064b Madison Tramway
   51 103c153d4fd08c43d718c6dbfd5cb99210a Sophia Weinberg
   52 26e521a63d8463d93b75670c7ae8f07bb74 Elizabeth Fresno
   53 0e4e0d25686516ff6451580f7baf3776fb7 Chloe Naomi
   54 1283be5dee22193968c3ba9a80f2f5c347f Makayla Malay
   55 945e1a1d08cbbff69f2b942f6c022ebe6c7 Lauren Theoretician
   56 b8e6ce6310b5062b1b070373f7ae496af9c Samuel Calais
   57 5e882b6a91cab9a36291c99c84a594007b1 Cooper Jacob Gratuitous MD
   58 13f450ae0619d3d55e1fecead8c9dec9ab8 Victoria Infatuate
   59 5fc6ef36028fb5a27c75ecbf543432ad167 Sarah Approve MD
   60 43a2449ae96351f6f2fd830750ed80d4a7e Joseph Incestuous
   61 4f0c0daf0d046971fe5a3b3150a835defe5 Ava Retrieval
   62 b5c5c5a14a84a6c8b1af97286c571248d72 Isaac Ian Calico
   63 1070c912280d24c3b0d4dbbe28e614393f1 Eva Gastronomy
   64 038955c7b19f1aa47b02295d6e14dde5a01 Mia Purge
   65 75e9e7afdcbea4110a52cb4fa9f541216fa Gianna Makayla Dependent
   66 bcb565d39ee9cc34cce6777b84b318f7ab3 Ian Altimeter
   67 4fb484159e72df024672c65a2676fd348ca Gabriel Standish
   68 cc175f65fa1336d3aab745ec76b30a2bde3 Gianna Grew
   69 b98872dd545de15a5493cc389bf30a998c2 Olivia
   70 f83bc58930832829bb95a50d49ece06f25c Mia Roman
   71 deabbcdf34f2ff6d645c10ae6fb001628cc Arianna Portrait
   72 9f91ee063181714c90cbf54248eb5250c52 Nathan Rote
   73 9bb3539766966f0c21020139600f478e027 Isaac Nob Jr
   74 a08eed8650ecbb72dab18d65ca40641fa6e Anna Ovum MD
   75 a498ea68b8e80b918c16a5a523e96795eed Daniel Scabbard
   76 5577d6fd71b3cd0bbaeedbea8cff850b69d Zoey Allison Wring
   77 899d89d4c912aa2578d3d18305b5dcb7a86 Sydney Olivia Objector
   78 cfe0246c236931d6b31e7c89e7ddb58d8bf Benjamin Annal
   79 14f73784592a3608ad181144a3455a24f85 Julia Zan
   80 8edfc10eabe2435f0e1cfa3354ce187789b Connor Bobble
   81 32a5cfbdd9146db1e46b758e6898399aac8 Sarah Deprave
   82 1a356382e22c9ce00b3b6dff72c772ed3bf Aaron Confidant
   83 e0cad2486cf1b58080995edaff5c30786a5 Sophia Supernovae
