0
Not found.
Not found.
1
1
Found: Mason Landon Adele
Found: Isaiah Din
Found: Mason Landon Adele
Not found.
1
Not found.
Not found.
Found: Zoe Oxidant
Not found.
Not found.
Found: Zoe Oxidant
Found: Carson Decennial
4
Found: Elijah Monomial
6
10
Found: Aaron Lockhart
Found: Zoe Lombard
Found: Gabriella Pinch
Not found.
Found: Paige Scene
Found: Eli Tuscany
18
Found: Thomas Bleary
Found: Zoe Lombard
26
Found: Eli Tuscany
Found: Gabriella Pinch
Found: Anna Extrinsic
46
79
79
Found: Parker Daydream
84
Not found.
101
Found: Mackenzie Upholster
Found: Aubrey Taylor Theatric
102
Not found.
Found: Elijah Monomial
    0 e8c36495985647f927f44158954acdeb296 Brooklyn Adulate
    2 cbffea3ab406e54df00a7ca958af0d36645 Natalie Lavatory
    3 535df3a11bbe6e5f71f7b674ff4830fcd55 Anthony Kidnap
    4 f6fdd3d4b126603e3bbf24540a2ce2f6573 Gabriella Pinch
    6 c921cffc70dde7a0c139721fa7663ffe082 Jayden Church
    8 e8dc2d52617f990539654aca27867c395b1 Zoe Oxidant
    9 a5d0b5ead2c8477ae26161ba6af7c9b3cb8 Cole Shafer
   10 da7e7d55160936a4852b06060d4f99b92fe Anna Extrinsic
   11 e8000de5c32847ac8853d6bc09b93ed158a Molly Nauseum
   12 c00cf70b89a321b465e04a752e45868fd99 Molly Screwworm
   13 458d964447ce6ceeca12bdefc098167bc63 Sophia Evident
   14 dcb48ce19d4122437d4221f4f34b4a2ade6 Isaac Bamboo
   15 963c88362b577a3e14b22a34585cf94fcaa Alexandra Ava Libretto
   16 5b55bb96a946f61024cc9f1bac23027fe91 Brooke Congestive
   17 73f692443b71592d81b9bfc505034764361 Isaiah Gulp
   21 6361a44e9b15fcffc6776318b3f5bb9071f Christian Monarchic
   22 b704786b2bc64a7dc995fb17fce69d3d233 Savannah Scarborough
   25 b9f785627debe28f8f1d7f3a0b6e5ec063b Adam Bellmen
   26 e7454aad57ff011b8610fbfda27d528ac9c Isaiah Din
   27 a232b617bc4d08e33bd7b9d4e0f7546fda3 Parker Daydream
   31 af7da735e0f25c9cd449497798f98573e53 Eli Tuscany
   32 1adda9b817fb69ba8c5c9eed24784247218 Kaylee Perspective
   33 51adeca206fe89980cb20bdad30db678249 Jackson Lucas
   34 0889593bb6714a8670c405b3a7afe0cdf9a Kaitlyn Theta MD
   35 782cca798d1746b372353157af00a91f0f4 Peyton Tananarive
   36 f8fbbfe5dcc624902f9f82042bdd4aa75f7 Thomas Bleary
   37 9d7aa958f15dc8b1b1da4362ca591cc3d66 Elijah Monomial
   38 91610d188ac94f59825a8aaad1e810e2bc8 Gianna Lily Aviatrix
   39 42fa8bc3c0a1fd3f2f6b902a6bf66e1cc98 Aaron Lockhart
   40 4433b37a7a1d793301bf2ac9b5d6a35b00f Aubrey Taylor Theatric
   41 70dfc5c01fcd084858c32e13543c07ccc32 Elijah Demurring MD
   42 e22a25c3495fcedf14edb949ddfac3f5436 Zoey Maya Dramaturgy
   43 993f752916c92530f35ae4d0e9db58d516d Mackenzie Upholster
   44 8171e351ffd123b105a86adeadfd7faf207 Kate Imaginate
   45 4b68117aa81c15260f5cbb4dc07b1537bcd Zoe Lombard
   46 e7a45c7e233392f807ae7b76fbb4ec4cc7e Mason Landon Adele
   47 ebcb3c7bc99bc16981067e2dd0d9832521c Brody Ryan Juvenile
   48 22cc39c26c660b5645f7191163a6136ab79 Carson Decennial
   49 ca25d13de0a26355fbb1003a03b5a56f909 Emily Amelia Oslo
   50 2205540a14d1cbe52988f8d9cd67552e604 Brandon Suntan
   51 5ededae0da191393d93bb36c1c367833673 Daniel Originate
   52 a168c623a89d08f55214c4b9f50623fc229 Zoey Plastron
   53 eb41ca5a43c80ba62e24de3dbc48f13fc8b Samuel Scintillate
   54 d2c744c02ce05ceb94818e44c1d4fbdccec Charlotte Oftentimes
   55 889a19a45339edda1af5f631bcc49fb8961 Austin Iceland
   56 5aa1c728f0e8c885565c4ab9eb8b1b5aa9a Brooklyn Merit
   57 307c32daa1453c0e53c2a049a4bc920947e Hannah Ethyl
   58 26047d393f763e907c810ae025a15ac3f2d Paige Scene
   59 1892a377b6226b0eb93fe034fc89ae67f9b Madison Brim Esq
   60 30b1ee152805132f7e5e4876aeb0edb7fe7 Jake Consume
   61 99654b2602593f72c536b2e5a31ec5f1569 Cole Platinum
   62 701d97ad59b38c5e123df31c81104e1a364 Zoey Throes
   63 023f955ec7926a7276662dbd75d7f8e9ff4 Claire Sophia Vanguard
   64 80d8c4a629f5decaadfc2b91da503c35c2c Jacob Pythagorean
