0
Not found.
Not found.
Found: Owen Masculine
0
0
Not found.
0
7
Found: Chase Spree
Not found.
7
Found: Alexis Herkimer
Found: Landon James Ouzel
Found: Sydney Balm
Found: James Andrew Frontal
Found: Dylan Contend
Found: Jake Sanchez
Found: Aiden Snob
Found: Jack Gruff
Found: Carter Tweedy
27
Found: Alex Hemispheric
30
31
36
Found: Aiden Snob
42
46
Found: Alex Hemispheric
54
Found: Charlie Gabriel Lore
Found: Alyssa Fragment
Not found.
Found: Madeline Accent
59
Found: Bella Harry
59
Not found.
103
    0 e986ffbbeee766031895a21ed6889537bac Mia Fetish
    1 d73e553995035cf756f84ea1f3fa2a739bc William Solomon
    2 55f2f60839647174f2451ffa7300208ba13 Aaron Haven
    3 36fe39034e8e6fcd0d9d7518d5788fdcc80 Chase Spree
    4 7ff8bfe3533385115362f1a55f7f3e5c923 Eva Encapsulate
    5 b15dbb8cab0496555e22b549d6c0dbb4504 James Maser
    6 a5e531cbe905358ab5e9b00bd52b9276854 Wyatt John Gigahertz
    7 fdddc081e55eff82c49538a20b1483c7790 Kayla Appeal
    8 d267f75419078a96232a31646d4b788da0e Eli Segundo
    9 f923255d76d2d2170e5cb714a3b5887baac Bella Harry
   10 04cb62813306334917acfc8283ebd77a192 Kaitlyn Creche MD
   11 27f6a728f8ab15714792be8c6002e691d12 Eva Interpretation
   12 1860a4ec67a6af95d807ec2bba788bb9123 Dylan Contend
   13 5839eec5201cf15bf22a69ac2c53798ad81 Alex Hemispheric
   14 2a2608cc3fda8b4ae76430c998c04b209d4 Landon James Ouzel
   15 00396a5f0e9d05814195d3afb0b17bcd834 Brandon Science
   16 49c62d71e24c903444c668a95796dd2aeaa Jordan Nielson MD
   17 656b7ec8fe0d90140fffc258dcd4c6a3274 Carson Distillate
   18 650a1bd82a18da51987332f3a6545fa044a Sofia Einstein
   19 768dad30c2f93a6069bc0ab68043643c74c Alyssa Fragment
   20 9a4b852fd00278e2387c9b74b8ecf4c7c99 Gabriella Smokescreen
   21 c9144a33e194faa5edd2e30fd49e0246c53 John Dylan Proprietor
   22 998d04ea2b63bcc9dd870f0f2bbe166e600 Sophia Broadloom
   24 b42ee284a6bee219f7930e8fddc105d7615 Isaiah Jar
   25 67d419d0140259d8fce56dbed01ac98426f Victoria Pershing
   26 3fd8bd191a03e318a988cc67d0b5b7c43f1 Xavier Cockle
   27 74dd583ea01adc6abad1d07a8a749552db7 Lucy Lucrative
   28 9e064fcf9ce1efd13f89b4729feef16b332 Kate Corpus
   29 60279c1ee46953b151b5e4c7a478870c4d7 Sydney Balm
   30 839ee153c9c343cf3c4232fe5cbcbbb59de Carter Tweedy
   31 91ec5f6e9b1692237671725c3545fee194a Brianna Lesson
   32 4295487ca7a891ed66e9f68a0a35980588d Leah Bluegill
   33 0b3da95c60d2f5c551a73cba813a0c8269c Tyler Burdensome
   34 d91ca6a57450e847e0ddf84b4901fc60bc0 Connor Hookworm
   35 327733fb891fc5829f06320309035260377 Charlotte Blend
   38 4741ffdb24066e432cc55096946a78c851f Nathan Lorinda
   39 c18cb6104635022dd593b5876e5265de1ee Austin Irresolution
   40 263da445058ee2bf323131ef281ffd0f262 Tyler Went
   41 5a3291ebd7c081d514bae9b96433bf21edd Zachary Priggish
   43 5d81ac5523db9e550262f844832c16f3718 Madison Sycophantic
   44 8c7a1d06ff362a73eb5b6bc8780eb1b9f8e Ella Acidic
   45 72a294e944fa1231d58dec1498ea3799338 James Andrew Frontal
   46 57fedfbe63a4069cc5f63f26de66bcb832f Madeline Accent
   48 7478125d7ac45c0bce422e6f164dd691caa Lucas
   49 e51cd0d2a2caa5dba3dd5f6583e83d70483 Benjamin Hip
   50 666989a8780fb12ea4a39a2542540352336 Jordan Bismuth
   51 70caa6b8daadd79ec158b9de6beb794af1a Anna Truck
   52 3152e4c1433642b9a407bdbe1613d4eefae James Dialup
   53 716859eb1a0c20c4fb4974303d10d2f40a9 Jake Sanchez
   54 276077a48ff4ba1457f463aa421b864a576 Zoe Boustrophedon
   55 441de7d1fef12617ee5d22dea0837341513 Jake Foray
   57 146f38d9b5c5b2956ec609505a68c380a4b Isabella Prowess
   58 3af340f0db18949ad55ef17b8f9dcc4e415 Ava Botulin
   59 5524fc795b6d5c7cfbb6a18c322a889d621 Layla Maddox
   60 6a5e45a2797074dde433e15bd1307e0d08c Arianna Today
   61 5577196c0478ffccf2c7e9322807bb392ad Aiden Snob
   62 f8298e09262f6d42dded9e57ea0d6ce737f Zachary Fleshy
   64 f2aa0a574bb1631ae220f8f17e606fadb67 Sofia Lillian Secede
   65 b2df7b1dcb09b477bb2ffce6a186569fb68 Mason Glamour
   66 9fe7ab5211b8a4f291c9da72aeef32c2cb5 Jack Gruff
   67 0a6bec11ee3b0b87249da8a5e93fb1ab4e6 Joshua Stultify
   68 d2084cbaaba34c2f1114aaa6e114435a58a Daniel Tollgate
   69 c9c933bd2de0e8201801352257bb331d853 Gabriel Momentary
   71 14f16ec65f8724867be54d4b7255020ef34 Owen Masculine
   72 3924ecdc3037e5adf75b15fb1f729ff2ca6 Isabelle Inflationary
   74 f938ee490ecabf6ef12e58dc8fc3405cdf7 Charlie Gabriel Lore
   75 b034be5ebca29ecbe74edfb088a6d648fbe Jonathan Daniel Gent
   76 b658f24105b238d64260f126c25167fa6ad Ella Horsehair
   77 f774d86d424a9bf50dc410bf864ab4e70e0 Ryan Vocate
   78 65333ec097f22ba93eddb3b3c3eeb5fab4f Nicholas Cascade
   79 49fc9296a707c9920db57072e970ef2017f Bailey Maya Dummy
   81 7fca455df603ab0d1cab7885efed17212dd Alexis Herkimer
   82 96491336050aaf754f6812929aaf1ae5f9c Hailey Ornament
