0
Found: Brandon Tighten
Found: Bailey Nutria
Not found.
1
Found: Brianna Cant
Not found.
Found: Victoria Ample
1
Found: Sophie Virtue
Found: Julian Limestone
Found: Bailey Nutria
Found: John Armload
Not found.
14
16
Found: Blake Bun
26
Not found.
30
Not found.
Not found.
Found: Zoey Surety
62
65
A 9ced077db6b2d149ece21e55be12fa0d1c3 Logan Ligament
Cannot insert key
Found: Aaron Wrongdoing
Found: Riley Placenta
Found: Paige Peru
97
Found: Brooke Lightweight
Not found.
Found: Alexander
100
Found: Alexis Sheath
A d3525ecc6832d9c82f71b1393020419a759 Tristan Moot
Hash table full
Not found.
Not found.
A 543ff7906d032dd8ecb372d85ea438e3f65 Mia Tabula
Hash table full
Found: Elijah Piscataway
Not found.
A 88289a172c303ec9598110616bb0c71114e Leah Parasite
Hash table full
Found: Christopher Leak
137
A 94798a577bd2d7b43ddf7414c5d468a8a5f Hunter Expansive
Hash table full
A 1bb32ceb6d530710ce1a577b476e8e983bc Oliver Circumscribe
Hash table full
Not found.
137
A 40219fd720c6d8af27e845e990c7e4cde84 Henry Ague III
Hash table full
A f07a1f4d9069a865616c41428dcf943752f Luke Condescension
Hash table full
Found: Jonathan Nabla
137
137
Not found.
A 99ca89f1ceda16d0abca3c0e2951e95f40b Wyatt Cit
Hash table full
A 080b2b6fa08f2c097b6d6c601daf2dee236 Lillian Eavesdropped
Hash table full
137
137
137
137
A d4702e1303e40456f0852cd4743b6b3e796 Brayden Adam Fragment
Hash table full
A b4cbec55ec123be6e9acc582bb1f50f57f9 Madelyn Certify
Hash table full
A 108c606d40560b753d7a056b7ced30d0d91 Isaac Felonious
Hash table full
A 646bc45e79358f1af3890d7f5994edea8c9 Elijah Filmstrip
Hash table full
A 84ec5dc37cb1a44bd1f8ccaae12bf09a28b Samuel Lucas Anhydrous III
Hash table full
Found: Julia Kayla Iniquity
A efb7197a9eb713ebc2bd6e0274a021ba59f Isabella Burial
Hash table full
A 6cabec52a25ca52a6a954a41cc828dce576 Dontonio Aseptic IV
Hash table full
A 0b5c23b0b4d72ba9eb45142ba0809c7db66 Xavier Consumptive
Hash table full
A bd3808a25bdd64437cee8d215703587a4f2 Ian Drastic MD
Hash table full
A da57a386a2384944915b46ff56f6d5f4a35 Brayden Terrify
Hash table full
A f09fe4a8ef1ae79f3925bdcef06853ebc1a Charlotte Inapt
Hash table full
A c4f7b2827f64eb0fcd40cfe5dc527133977 Madelyn Mackenzie Abater
Hash table full
A 36167a583ecdcf1c8ddbc96ecbea8b5796e Evan Ford
Hash table full
A 20b1854de67e683641acbe0db43dba982ee Christian Temerity
Hash table full
A 8960e87ad1740402c0380bd165cbac7ecee Jayden Oblivion
Hash table full
A 4aa1298663c2438581e326273d0969170f7 Madeline Query
Hash table full
A 86ff9c2433e23997061542e73e14d1b80c0 Grace Seasonal PhD
Hash table full
Found: Lillian Handicraftsman
A f1856cc31a2b66c60c4992db10816540ec6 Kaylee Aubrey Houdini MD
Hash table full
A 68ab3abfaa531bc6cb26fcd4f96f46b25b2 Lauren Parthenon
Hash table full
A 6301558a1b96a63154c99c9fd316ada8b14 Brody Deterring
Hash table full
A 083a5d898ac07dfbab67a7efd12e60ccd56 Christopher Identify III
Hash table full
Not found.
Not found.
A 3d5c96c4c7eede6739992e77222bf2f4103 Christian Copperhead
Hash table full
137
Not found.
A 1d881ab43d2cb6cf9bb524375274caae015 Brooke Charlotte Lift
Hash table full
Not found.
    0 b80506e08746b9ff35256b189ffacddb6d8 Victoria Ample
    1 461590ba2af41416eae9b484d5f34f0993c Julian Limestone
    2 a5caf12f7b599aa789b1ea4e2e6d4d0ee6e Zoey Commemorate
    3 3feef3b004aab36e82fcfa31c766917e35e Mia Fuse
    4 17115d7c775e207a42e743036e5ac85fe16 Brandon Tighten
    5 8f583b27928fd465d1544f116232ea0584a Jacob Coup
    6 6c0bd852b90b946aa07684b2eb9a6a73d52 Alexis Sheath
    7 5703ecf788bb9b0aca6e78f2e033ba8d156 Blake Bun
    8 7e0e578474c93a703a5797243c281ea1603 Christopher Leak
    9 76581f8891784b8289f9614fcf2fbb2f00e Brooke Lightweight
   10 0363626c0fa38320d6cbcdce47ccef15f60 Sophie Virtue
   11 649ebd820a5928a34e41ea81f2266454be8 Molly Freestone
   12 c72879d27689f25651bb6d010c05949f32a Alexander
   13 25154b9810c3829b3cc2de34dd50ab5adce Madelyn Constellate
   14 22427794c7d00eae61e52163522ec670602 Brayden Become
   15 80cac69b83a3816e4f851664751f98ebe38 Bailey Nutria
   16 a8bb48cb555fade754e5144645136c8c9d8 Jackson Known
   17 a8dc9f760ddc3802ba8365c482aeea326ba John Armload
   18 c6bdad1c62afc23a679b0d9611bbe02995e Aaron Wrongdoing
   19 5b004e3e96257a79b0642afa31519ac45cc Liam Caleb Lycopodium
   20 84f8c932f7e7def861241e7b29990092f7b Zachary Caleb Zealand
   21 cafb924b779d4b544f424e471ca84595073 Oliver Olivetti
   22 3fb88ab7e4e32b12ca56ad3aa7edd9601f1 Aidan Owen Bern
   23 b7e91da0e259ddc45c1cb6e4af23d9ecb1c Lucy Arabia
   24 5a2f51908dbef5dea82c2fa9e779b27152f Emma Jujube
   25 3b4ae08eec3781ca5f78940c92830428633 Ryan Mustang
   26 00b5f82a065e80ea7fe6fff526e2e75fb1a Daniel Horseback
   27 42a9632cf7b0b7cf00fc8e6f8ab70aaa0b3 Grace Bella
   28 658ef796875b0760c23d393b21434ab8550 Elijah Piscataway
   29 d912823b8a35d36c51c13251bacee9c88a6 Parker Cooper Opec
   30 e83c77658cac377102f124484a2a4c60164 Maya Agee
   31 6856597dbfd9e75e141f92b3d496784d44c Adam Ambidextrous
   32 3fcefffe12d2bade6be9e831ff98df3aba3 Alexandra Atmosphere
   33 a9ccf118d3ace24edbb87da87c5e8135dfb Julia Kayla Iniquity
   34 910b42f817ce440710d2418317d3d3b1926 Paige Peru
   35 c755f2ba71cc5c3f214dd4b4bdedaffca6b Jayden Dart
   36 06d7c4fc10b1ec5b1ef89f1a51cff8fdb22 Nicholas Conference
   37 fcee441b8723496dcbd8d809581669a1e97 Alex Seismic IV
   38 80ab81e5ae334e5d0a00acbb09cb213fbf8 Jonathan Nabla
   39 be7e4c551f12330dea7e4a2fed8a00dde8c Blake Silky
   40 41dd98d0bf35f1b22692654db230f02ee5f Peyton Bungalow MD
   41 b2d44beb2863d9a1fbdc09b1e44f22ba068 Claire Captaincy
   42 da1452a3793bf28598ba8f750f4c359bae4 Isaiah Bizet
   43 bd0881091ff5c9afafa701a3c80e94c5bcb Isaiah Annular
   44 d233bc70b3adfa67f1f69b950661423c555 Aubrey Copywriter
   45 71c0d76056b95d8c3a022473a1380db71ed Lillian Herman
   46 9711944f56e23769bf8b9ce3c15fc10f418 Elizabeth Schmitt
   47 4c90c9c4dafb94a9b59b529f8a87cfcb1b6 Riley Placenta
   48 85d4e9d4aa02e3efe6dcca77547c8f286a4 Madelyn Kate Zenith
   49 a31cc24d6f896e8e4fe639b32a3dab3a879 Lillian Handicraftsman
   50 96fc061c402263df54efb646072b9fb2982 Lauren Bettor
   51 2ad9882b2e1ee559d90f6bb89c6c0e208b2 Daniel Timothy
   52 6f6df31b21a5a49f7ae8b91d39f5fc856a1 Hailey Chairperson
   53 8c0fbfc4eee1bd7e61cd4fe98d008ae0fd0 Victoria Bimonthly
   54 d40cf5313dc5ff59a4ef5d08f2976d6a24d Adam Wound
   55 5248ce734a8ae045a961a2412b20e4672bc Michael Accuse
   56 d31e2d28b48904ec1e8ee381be7a1788ca0 Mason Brandon Corona
   57 b2153bcfc35d8e8cec877310c3ad8bc8e5a Audrey Rowland
   58 60b530e3a3cc430581978e8bd4232ed24ac Elizabeth Magneto
   59 b864a1c398ccf19ede464bb57b610898149 Zoey Surety
   60 e9d181b39b9d6ced5d9c35406c71c18787d Aidan Dressmake
   61 fb4cc76f7fd8f261f57ce1a85dcf323efd8 Brianna Cant
   62 eefb9f60a831ff0d028880dd4f385a2cc93 Madison Codify
