1
Found: Katelyn Forklift
Found: Katelyn Forklift
Found: Natalie Horrible
Not found.
Not found.
Not found.
Not found.
Not found.
Found: Noah Previous
Not found.
4
6
Found: Mason Gideon PhD
Found: Ava Sewage
Not found.
Not found.
Found: Aiden Injury
Found: Eli Cadaver
Found: Eli Cadaver
Found: Molly Oxalate
7
Found: Bella
Found: Elijah Germ
9
Found: Katelyn Forklift
Found: Jake Lipton
Not found.
13
Found: Aidan Palfrey
Not found.
19
Found: Carson Ignominious
Found: Noah Ecuador
Not found.
Found: Caroline
Found: Madeline Quo
Not found.
Found: Henry Sonata
Found: Jonathan Indissoluble
24
25
25
Found: Joshua Captive
42
Found: Savannah Bimolecular
59
Not found.
Found: Victoria Weigh
Not found.
Found: Nicholas Carcinoma
Not found.
Found: Jackson Gavin Redstart
Found: Charlotte Atwood
A a64b14c203bc6b67c812471659cc72d5bd3 Ella Toxin
Cannot insert key
    0 c9b1a33fc38878db01b9dfdfe7456af97b5 Jacob Limbo
    1 61624e65bb438cbf471450fc8882edb1053 Joshua Captive
    2 64132b57880177b07d0b9aa856417af6ba0 Noah Previous
    3 bfa443f557c65e16aad4a7ba0d91aa86381 Bella
    4 65911cad9b6fc143bc1dcb2a666d41e3ddd John Cole Par
    5 a6b510284df72313cf0d25b9dfe6b2b4499 Savannah Delilah
    6 7b04ad40d1891c7bf70362f7cb78e9fe570 Blake Caution
    7 34655682c233152d67f0820aab623e70ca0 Natalie Fanciful
    8 66ea6ca7e7f4bf40b6942687241b70521a9 Lucy Hamal
    9 8e4e85dc02c45e4a03170dc7a58b910bd95 Lillian Exhaust
   10 9e9914b7f05fdf5074c1e868b7693f1df21 Carson Ignominious
   11 40c220f1c9ec96b83d788b03081a466d6fc Hailey Hearsay
   12 0712b5bee7fbec44ceee3d9741a88fa7538 Ella Addison Logjam
   13 bd6afdf47fcbb9ef07dcdce0acd49bab00d Anna Buoyant
   14 8a54b075f21bcfd4891b1fef71e66beb7b9 Sophia Nab
   15 1a1be27ba348437141451985812a6c5be80 Arianna Crash
   16 cc09735686bc1015fc1fd794d13c4a5d0e4 Avery Mistress
   17 bfa1739f4780710d967023de2f636b47a60 Savannah Bimolecular
   18 5b8218191128f84a124cab0538a8d6dbc09 Riley Anna Invoke MD
   19 b48814e493ab00f1029d6a7c8d037454b68 Hunter Owen Intimidate
   20 ed96bbf971ca307b3b7d32d72d6087da604 Aaron Body
   22 acef2982315ca29d9a8f17b25087f40d83a Brooklyn Egypt
   23 00e6ab1f97078d6bcbce92c23332b453820 Aiden Injury
   24 edf9e85b5bde27d0f6bee8d3a700e8cd68e Xavier Bog
   25 249c838fb419466899cd8f8f6ee44551f2b Natalie Horrible
   26 de9074f0f225ae9fc49b3d8ab3870ac68cf Gavin Jonathan Function
   27 aba5f1a0a9056b5c8e64e91f4b19c9a91f5 Gabriella Megaton
   28 08541084446ea81db0edd7a2fe5fcb492d7 Chloe Julia Eke
   29 4de536ef7e603976b48e14c4f18b5d07c58 Alexandra Scam
   30 33c7a2bc33ed4fbfed1f73187d795c0b974 Kayla Categoric
   31 d0bffc92118ccb31af1b166f9964d731370 Avery Elector
   32 1803e4b7fe1c007e3ff9f967594cb88daf6 Julia Comment
   33 7e3c2026defb46f8bbd05f3ed006889f906 Charlotte Atwood
   34 9d7ff9dddb33eb6ecc9ec77450e4021e982 Aidan Astronautic
   35 4e37a2d11839e01cbe7f9e5678ffe9fc801 Lily Boggle
   36 7ef3e65d71d35be0d945b6b907ec87b51dd Jonathan Indissoluble
   37 07b456df171fa0202bf2690be8c73b459d9 Kayla Nocturnal
   38 786fe0df7d6883a8affc582e0a13a5b6ca6 Alexandra Adverb
   39 34a574904567dccda38aaab950801006a36 Ava Sewage
   40 f75c4391c370ca185b34bcdef65c207faec Gavin Apse
   41 5165ec0ff51ef66dd1972cd7ec6f908be42 Madeline Quo
   42 0048ab6bb7eca271ef3f68348e540ed7b54 Gianna Eva Carven
   43 4be66cbd91e1d99f4bd451f00e3c0936792 Katelyn Forklift
   44 fbbbd54c99e808daf34da1bad1c0f24fc72 Gabriella Calcite
   45 58e1f1e738c63098896cb060490261f3902 Riley Demonic
   46 dd86abba2ea7b14db29ea1235c71d2da27f Olivia Stacy
   47 870d2b19357d5cf3098dc5cddb1a1d099bc Parker Palpable
   48 1c9d5b570e957179b3c02c2335cba4d299d Brody Papery PhD
   49 40c12d9b037568e3fd74a8ae584631de47a Morgan Cosmic
   50 265cb845d74ab11d918640f6c7ca89b9f89 Lucas Joseph Wombat
   51 8f061d4e2b8c3e387e7a9ce50bd6272a67a Cole Beware
   52 c45ad10fb564e697975391c5a4db64f3760 Noah Ecuador
   53 a895e10c109df9e1180132b66770890b35f Lauren Convergent Esq
   54 069cb4f0c63d7af74d7309357b15219fd2f Owen Tristan Vesper
   55 03e1fe65b538613cf1feed330506955c1b1 James Snorkel
   56 9b4ba3524d82acf2b596554e9e0855546c4 Gianna Kaitlyn Debt
   57 f0b47488b9bf28995e89415187c9c66bde2 Austin Jaime
   58 5f90f1da9e97aee7c12f080a3779a634046 Audrey Amply
   59 8867c344e762c1de2f1a18e4b2c5499e80f Austin Declassify
   60 c82c045eb4d2e86203a49e781c864cb32ee Hannah Sofia Varsity
   61 432c42b883fc9a2f4eae6e08e711e57d47b Aidan Palfrey
   62 d2d44d7dbef5e8d441d5c3668d15e1e6ed4 Elijah Cent
   64 9efa77fb044a9dfa0efe2d8a35e4ecdccde Noah Irritable
   65 095d0d98cb203dc93216ff4b959ee5bc62e Nicholas Carcinoma
   66 c10ca42707d534247a5aec4cc599473442b Jake Lipton
   67 b1807dd642ee995d9741fe023a517c84e31 Dontonio
   68 148b62d593f709a437e7a2d971ec5452f06 Mason Gideon PhD
   70 f8d452362086f418e53bb9b4451b4462da5 Henry Concocter
   71 b89def22f1b903261861fd4cccb90df4c6e Jackson Gavin Redstart
   72 685bf0d7b025289a92aceafd52eccba0edf Henry Sonata
   73 456c99137e1fa3ff008896d616bea727c74 Gabriella Iodinate
   75 a836215e13b07030066ca8ec5e38b26691c Mackenzie Brooklyn Marketeer
   76 3549c2348d650e2bc8daf22682462a32be8 Ellie Brooklyn Poor
   77 138ad8c52365a7613832815adbfda4143eb Kate Crepe
   78 aabf031256cfc3c13245f9a583f3e2b6892 Jackson Electrolyte
   79 21c8bdd0ea4b659018cf927fc99af20b7bc Molly Oxalate
   80 6366016a6f62e436730bebbe0c2edc1ca72 Eli Cadaver
   81 ce365fd849ffb822c598005f6894e7304c5 Victoria Weigh
   82 3171fcf7b1dbc78784e05d6e8ab55087691 Jordan Efface
   83 ec2c20ee4b3ba0b1acefdac91fe031af9b9 Gianna Shriek
   84 a5640f716cf8b5c6be90054e527899f1dde Elijah Germ
   85 3290a383e282e97a1abfd069de9f5a0f606 Caroline
   86 0ff42a2b16fd0a658063c71036cc53348a3 Tristan Bronchiole
   87 2f9c7d3c4b0f91165df772d82506727631e Natalie Pulsar
