0
Found: Lucy Quahog
Found: Lucy Quahog
0
0
Found: Lucy Quahog
Not found.
Found: Christian Adulthood III
0
Found: Brody Somber
Found: Joseph Pee
1
Found: Kylie Oman
Found: Sydney Societal
Found: Jackson Circus
Found: Olivia Guitar
Not found.
Found: Joseph Pee
Found: Joseph Pee
3
Found: Brody Manatee
Found: Kaylee Seneca
Not found.
7
Found: Riley
Not found.
Found: Bella Caravan
Found: Noah Crud III
A d28bbba6f748e06bb0d45a196919d183885 Dylan Liam Pigeonhole
Cannot insert key
8
Found: Olivia Guitar
Found: Lily Laurel
Found: Chase Prognosis
Not found.
Found: Samantha Enchantress
Found: Jackson Tailor
Found: Kaylee Seneca
47
Found: Christian Adulthood III
Found: Isabelle Smog
Found: Anthony Alb
49
63
Not found.
Not found.
Found: James Inventory
Found: Sydney Societal
A f162ef9a67b38cfeb7322a0f637eae78171 Mason Pinto
Cannot insert key
137
A 769fc70c5c333ddee35dbe2a334ecfbb288 Paige Passageway
Cannot insert key
Not found.
A d24901f3d7abd0a6fabf6293adf3a8bba00 Max Ruthless
Hash table full
Found: Olivia Guitar
A efefc8a3533caa45dcc466f462ff0f8bfeb Ava Allah
Hash table full
A 9e5adb19000bb380d856dc61393e410d932 Emma Nuance
Hash table full
Found: Isaiah Molt
192
192
A ff0550a92da3202cb98c88c59d90309dfb0 Kayla Sophia Squatting
Hash table full
A f99fdd4ac51c832cc285057891a8e107afe Luke Require
Hash table full
A 25663024e950081a8c0a998e5b1b05afef9 Emma Dramatist
Hash table full
Found: Hailey Sextans
A a0b3653c40058ee8d2ccf16b4dafb7d0dcc Jake Vehicle
Hash table full
    0 14424f9cbc6df2b84143304c07d8f71e856 Emily Portray
    1 6ec62a1aa9d821d6a02f2f84b2ccc10cdd1 Julian Leafy
    2 b26fbf82d7e0541e973176b814a594aa9b3 Peyton Willard
    3 aa93f20d62178f784a5369ec8c3c79d98cc Gabriel Dontonio Croon
    4 def7b1f4ac8723a77fa278a2f3864555e59 James Inventory
    5 acbbce4861177611be73da72a6ab2538c79 William Crusoe
    6 38206c1d2a287fefb1414fe67e8c92d7a16 Sophie Vital
    7 8b2cfaf2990246121968908cb85bf1ea0cc Claire Inducible
    8 a034c9d6b889d175798bd56ba389c8a5ac4 Lucy Quahog
    9 21df12f4ec421e254836eb3820f243e587d Lucas Oblate
   10 3e901adcc08c4526e6413f3a9577e34c8a7 Tyler Gibbons
   11 40deb4925f6f19c394c080ae16e38e7380d Kylie Oman
   12 0f754399537cbc929faf8f7e38ee799bc73 David Evan Bremsstrahlung
   13 ce443f86bd475aa8195c3c3b6840f4ba861 Kaylee Telemeter
   14 3c98fa8f3354256e078ff1a42cd8917745a Brody Somber
   15 52d059c9ab253b94d4d45c5b2d01e446ce0 Alexis Goody
   16 4d9f3c5ac9f4ed1d3877b52c6d5349eab75 Aaron Galbreath
   17 180189d7ecf9c83af913abf051e47e90448 Olivia Guitar
   18 ff79dbba4be187f52f371b7a2c755c6d73b Jake Deducible
   19 b2d457adf96ed43f9bb2c808a2ab74c9202 Anthony Alb
   20 351bf47bad443796d5d884845d41dee90af Landon Asynchronous IV
   21 9d8b2eaf882c9232b88d7c8daa1058c02d0 Kaylee Seneca
   22 34f63d6fe8d105023dad70d57ec16421aa1 Sydney Societal
   23 9583c091782d9ff64e1eb7b73d76242d955 Katelyn Dominick
   24 a59768c65473dc509ed6e82a442787ba8f5 Michael Humus
   25 b2cd087dc179b2d339e0d511fbe1d1ccaa6 Isabelle Smog
   26 ec1f7c382828548b89ab75a438df2e6fe5f Lily Laurel
   27 a511ab135a4820a8f23a4cc9e84cb44311c Brandon Maple
   28 49eb7ab77a149f5f13aad5625a171462a4e Julian Rancorous
   29 991cb759eaaaf61e2ed4309aec00f1fc105 Hailey Sextans
   30 80964f996511a6523bcbb41ffa94a772312 Hunter Intrigue III
   31 688cf1468bb18f7def7d36225c3c32577fb Jackson Tailor
   32 92b74272d22af4ed11c10b9b73877334e35 Gabriel Engage
   33 cdfac564074315d21b836ac4dccf1757dc9 Avery Colorado
   34 4968b8beeb16f7d388d94d25e705da2b1ad Aidan David Accra
   35 df55574fe58b6544870ab174d07128c02f8 Wyatt Trudy III
   36 0bfe4236e62fd7ca8c49920a842a86d0aad Carter Backorder
   37 193e7a3afabae9322299b889f386a0f6bd5 Jackson Thigh
   38 c5a77f28a78166e773aecd57149c36d15be Samantha Enchantress
   39 8e286f2eb27171b6fd739693bc8361dad74 Bella Caravan
   40 8403ce30a198caff8c96608cfa14334ccbf Zoey Ascertain
   41 83cd412d145d5a02a5778c753bff53fe39a Anthony Architecture III
   42 4234ea1fd2c32e00cfaceaa2cc0f7ac405a Jordan Mast
   43 8acadc05058265d5b21eb97312c4e8d6f2f Ava Create
   44 4727c3dafec6ecbe80c874e04618a82f7db Zachary Augusta
   45 3a90275d8144ad65c15b9bb147da0e285c0 Joseph Pee
   46 27b058179b7474a409ccb0a284cfec6646b Zoe Helpful
   47 5eda168546416be8746c5c361bb72d3aac6 Hunter Assiduity
   48 b0d409e6fa7223114033619c2b8d6c1b700 Amelia Complainant
   49 a706305b3c021eabac8996fef3594e7822a Addison Monoceros
   50 bc45b696a070e4daab63ab91fc743005013 Christian Adulthood III
   51 985d86dd88d2ef460fa0679a3eed426ce7d Owen Freeze
   52 4d0f021ce32ccb96f9589e13bf9dd00bee0 Riley
   53 109a9589bbb00cca76ad43d7f0533c94d6a Brody Manatee
   54 0e5d8205b7d882d37159ebd160a0a594534 Chase Prognosis
   55 2196c8108bd0d17efa4488a1a5d429a0519 Kayla Fiend
   56 cf308b1c1828fc805810d6b9ab88692272c Lucas Moduli
   57 33318ebc5982a85eb0bc77cff49c9b7b08b Dylan Hummingbird
   58 5ed8037e38e40e4e17902e246f332882923 Isaiah Molt
   59 981f56a3cc2eeb6449ccbebe4f7bec1270c Noah Crud III
   60 cbc90ddc2570aea56e429b5db47c86b5d58 Jackson Circus
   61 dfaa936f49cd22393315091338cdeda189e Grace Finnegan
