Found: Anthony Glaucoma
Not found.
0
Not found.
Not found.
Found: Brianna Brooklyn Amnesia
1
Found: Elijah Rowe
Found: Elijah Rowe
Found: Ian Puny
Found: Elijah Rowe
Found: Elijah Rowe
10
10
10
Found: Emily Brooke Pitman
11
11
Found: Carson Cheesecake
Not found.
Not found.
15
Found: Arianna Parlance
Found: Ellie Noon
Found: Ellie Noon
Found: Julian Counsel
27
Found: Aidan Onlook
Found: Gabriel Elliot
Found: Grace Guano
Found: James Attack
Found: Arianna Parlance
Found: Benjamin Valve
Found: Xavier Irreclaimable
Found: Makayla Clarence
Found: Nicholas Plantation
Found: Carter Penalty
60
Found: Madison Circumpolar
Found: Charlotte Stratify
Found: Anthony Glaucoma
Found: Jake Viet
Not found.
Found: Madison Circumpolar
Found: James Attack
108
120
Found: Sydney Bellmen
Found: Sydney Bellmen
Found: Ian Puny
Found: Lillian Peruse
Found: Charlie Iberia
Found: Michael Snare
Found: Alex Babysat
360
Not found.
Found: Elijah Rowe
Found: Jonathan Demure
360
427
Found: Dylan Alison
455
Found: Adam Magruder
Found: James Attack
A 0369afc89d8d36355ebdc264ec7c8b956da Carter
Hash table full
A d0f4af51b5ebebbdee399f3c760488017e9 Peyton Mimicked
Hash table full
A 752c4cc1e495fa647c513f173ea36bfa67d Amelia Stub
Hash table full
A a646af42d5f759df29c666228fcb21a747f Lucas Holmium
Hash table full
A 674aa080d3a68a1b6f355838e90858a9966 Sofia Arianna Retort
Hash table full
Found: Molly Handsome
A 39e07bb3167108b63337cec96df095e1248 Savannah Anchorage
Hash table full
605
A 6c228a54eaa4fdfebadf6c71e4fababeea3 Isabella Manna MD
Hash table full
    0 ef2906ab9bbaf84736ffb9a0a7e35dd0886 Aubrey Partake
    1 b7fd5a71e7a844e2ab92999f1820c60f2ff Makayla Disdain
    2 6b5f1e54d1e347f19f5e699448ce54c81b5 Alex Babysat
    3 668130b34e653c8de482fd2616ce4ae856b Arianna Sunscreen
    4 4b42089eecfbf1759a8e8c1096ff8800ac7 Charlie Iberia
    5 e372152f42b07a0da3277b5d48dbdc07968 Brianna Splurge
    6 6ef9d5d6cc221c2b5bf1709135316aa5c7c Xavier Irreclaimable
    7 c4d0b4f3ba91aad44b793a12832ff36acba Aidan Onlook
    8 65c0fdc36606b7e3619d938210337de0d1a Lillian Peruse
    9 8991f6e63061e38e4dcfc517a26791d4d22 Gabriel Oneida
   10 50702cee5b7282d05ca7d62a6ea19019ab5 Anthony Glaucoma
   11 7ee805add1bc981291fb5672e24f3b0ebf5 Alexandra Firm
   12 e7e089e19af11c657daa3a4946461ecc841 Emily Brooke Pitman
   13 266a1f1ed8f0457e91b1aaae232dbb40ad7 Lily Kaylee Cyclic
   14 84a27294b63b994f35b241acf3fe0a489c4 Grace Guano
   15 02680d98213c539bc3dd09dac3a6bf3d8f3 Victoria Agnes
   16 d8693bfc8ba75a1f8ed29b37e08965842c5 Madison Circumpolar
   17 65abb55bac424591486f5fb4804cb1bcad0 Dontonio Theseus
   18 b9c9ea321100f6563fa370584b9bfe99aff Michael Snare
   19 692410c4c206150664443c87a1ebd15a3d5 Elijah Rowe
   20 6e3194eb22c3f5a48cd412a4be9ca629c44 Alexander Embolden
   21 ee2e390fad1260304554cfa2bbf3a10984b Natalie Baffle
   22 59be3a8959eae87b1cc87f6018b4ce7baf7 Gabriel Elliot
   23 412eb2abee8aae7232c01cb698488e5a2bf James Attack
   24 66ac146cb2783000d32a500bfcdcdfbfa8c John Hodge
   25 4e556ae1cf12411a4234cceede48d1d1f6d Addison Hew
   26 52cecd33aaa014a424a7fa0e786791cad49 Arianna Parlance
   27 8e76c31215844e7acd177f5ecf3a8383d5d Sydney Bellmen
   28 3fb670b9a255abc9e70ce55db2f1f1b2a4c Jake Viet
   29 d930a074a26ad78a2aa297e67dc16f02fee Lilly Abject
   30 e7f1ee282296481eb1c476c5c6f10577bfc David Poughkeepsie III
   31 60be56b4d17a3ec6ae9dbddf50ccf1cbd3e Xavier Chancery
   32 2b0be4987d8fe217a655c59cd2d9fab6475 Caroline Infantryman
   33 4cb81bb2353a96b8f1698a776244414f5bb Leah Kaitlyn Influential
   34 b4ef2ed280005f5d5785f266460c783fc4e Gavin Althea
   35 b1d85a1485054a43b7b8c104511e6718317 Adam Magruder
   36 fd60969ffe9b771815f3d5a27bf059ee460 Taylor Extolled
   37 d2e9b410c4dafd8f6e4b4b55c8bc163aa77 Hannah Acyclic
   38 aa01d4c26a9a676b7398d8be44787855c1b Brianna Brooklyn Amnesia
   39 eb0fdd0560e2f436a5d22672a953220740a Arianna Scary
   40 fe9814590b3b07c46fbb024d20b8e99d392 Makayla Clarence
   41 71a19b0f58c49626d466a0f32223f67b862 Bailey Crosswise
   42 dd1812bd9081e5ab0600a96b1806817f790 Nicholas Jake Aftereffect
   43 20158864a0214dc49dce6fd89bf06812ed5 Morgan Dwarf
   44 7fba4b5ce026653059df3e9e12f08692944 Molly Shelby
   45 d552a03bfeff0a61c1c2fb6800a9fea18d1 Nicholas Plantation
   46 b140553374568c59610fdea92d12b11e72a Owen Flurry
   47 f2eac7ee68a2b346c77ea617e617590917f Ryan Gonzalez
   48 2d111d07ecd9ecff22791672034f82c78d0 Cole Vagary
   49 ac309e20bcee2030267a2cb075036acfb9e Lucy Goldenrod
   50 c23efd88e949f4701dbb2596f038e0f65af Olivia Iodide
   51 c7c99c3339f00a0e5b2666994763f53d69d Arianna Dew
   52 b972af0e722cc2fd97b783b0e0c0a70d7df Benjamin Grandchildren
   53 85d6ff5347feebb4395172249bbd0b54198 Lucy Prague
   54 4c248bb94d39d52cbdb411734e8884caf20 Caroline Octopus
   55 36fd47a726f8376ab8a68fc3653017b20ff Madelyn Average
   56 27fb77348e39dafb60b8c00c0cde2febce3 Owen Thomas
   57 46fb0b483dd4ba1057f43497774dadb4ce1 Elijah Gullet
   58 810fa4d1fdd3d91db9503331e4a29fe28c6 Jack Hypocycloid
   59 f98ea7cdbbe1ba9b2047bbae18e71025b8b Samantha Charlotte Denounce
   60 d5263b21621300a5c82726ac7c514c02f86 Jordan
   61 332ff0b1472616429719fcf0634b2be4a6e Julian Counsel
   62 3fed10e4b859f845a587d879037dd7ae16d William Sideline
   63 8d860cedf02c8a839ce0a23aeb59300bb2f Zoey Turbofan
   64 9a078ebcb47df434ad2dee03247ca5e214c Audrey Forgo
   65 1ee03c346d76f65ef35833345db6e4ffa21 Caleb Miami
   66 ebe02978234110ff645433002fe1b82b89a Wyatt Cadaverous
   67 50901ed8ecf1049f5579656e15146b0b579 Blake Grosbeak
   68 750c44e9e8b53180f4c7b52ae2e1014d554 Taylor Sophomore
   69 e6bddc68fbe3b960a86bab675bd6bfeb9b3 Aaron Caveat
   70 fcf35c808ffdb496a51f018dad82239d09e Maya Isabelle Toccata
   71 13aea9a42daf0d8708086a811c44a9adfd5 Christopher Phon
   72 130a8dfb76658e0151fba8524dbc18a4178 Savannah Daredevil
   73 52b142a50cb2eb0ffb5d803e15c83d945a1 Sofia Stigma
   74 ae5494d9d18d1bf1dce33649f7ebe3904a7 Peyton Rink
   75 9592f06577d989f3b37cb133f6ce362a657 Cooper Sewage
   76 5023ad20c457bbc3cfcc65ac7706d95c73f Charlotte Stratify
   77 92eea1a7995c977b067270ca709093f5b9b Alyssa Opprobrium
   78 27993c6fa61bbc20ab2a3b352de5ba8702d Carson Cheesecake
   79 7071793236843fb778f31e26b76df9dcf5f Samuel Titian
   80 fc010de9049643633106b686f735275a655 Dylan Alison
   81 3b317152106dcdf62ac2885b45f37b10429 Ian Puny
   82 0aef645a3a3a894bba1e61737d095e421d5 Carter Penalty
   83 0797ed2f0a4ba2d845ca1b88f5b55fd9419 Kaitlyn Ferret
   84 d4a43820db7d803caefc50349804232bf55 Ellie Noon
   85 b9d9ea5abc3d14df920289cb6f92c4de835 Benjamin Valve
   86 13d3ee9e20300fad353a506af98ba4478ff Abigail Molly Eumenides
   87 e07009fa224357d62d8944a7f1b464be726 Brody Cantle IV
   88 eea14fe47dd57301549b71bf5701791ebe6 Hailey Upright
   89 6a24eee8576dcf9173f4d9565c1627a32af Molly Handsome
   90 a0c8035a92f59c1d8e20b339630d4e176d1 Aidan Wallet
   91 c3e03cbdafba9e6ba8803b02b8495caca21 Jonathan Demure
   92 dfceffe1f2d87c9c7d54b111edbf60c5403 Brandon Moribund
