Found: Owen Cosec
Found: Ava Travis
Not found.
0
Found: Paige Peaceful
Not found.
Found: Alexandra Usher
Found: Julia Suppressor
Found: Eva Ethan
0
Found: Matthew Definition MD
Found: Gabriella Ouzel
Not found.
Found: Hunter Necrosis
Not found.
Not found.
Found: Christian Dorado
Found: Julia Suppressor
Found: Brooke Abreact Esq
Found: Arianna Monotreme
Found: Audrey Ridiculous
Not found.
Found: Hunter Necrosis
Found: Hunter Necrosis
Found: Gabriella Ouzel
10
Not found.
Found: Nicholas Define III
Found: Brooke Abreact Esq
Found: Christian Dorado
18
Not found.
Found: Christian Dorado
Found: Elijah Sarsparilla
Found: Arianna Monotreme
Found: Savannah Jealous
24
Found: Paige Peaceful
Found: Olivia Stab
Not found.
64
Found: Hunter Necrosis
Found: Nicholas Define III
93
Found: Grace Vocate
145
A a744878e4fea92fd8fa482ebc86e838c97b Ava Reb
Hash table full
A f7a83b2e1dfce23c319036e53d1b86e9730 Daniel Absolute
Hash table full
Found: Ellie Bricklay
A f822d4ed48894ba22a8584d0a9a15e3a62a Isaac Steam
Hash table full
A 902a3d5fd54af0d633d33615da6a5797260 Austin Hoboken
Hash table full
A f13d0092c526aa97737762ad7bfdc0fd401 Ian Wherewith
Hash table full
A fb0c94e7cecbe4fb63fb65642b93ff7d41f Alex Aaron Rhodesia
Hash table full
A 01bee5cf1568c84ce4e1926b9bdd17cb3a3 Christopher Chaotic
Hash table full
291
A 64b42f10172103b7e43c087727d55058174 Emma Scala
Hash table full
A 6f25d723498d311dc483225543178be85d1 Mia Smallpox
Hash table full
A afff95aa8c39b5d59704d40f2af1962ee92 Lucas Logan Electrocardiograph
Hash table full
A 0b31ba961eb0d1df05895c25f4e6872c288 Emma Porosity
Hash table full
A c9dff8bee91002f13418c1bfd32430f352f Aubrey Implausible
Hash table full
Found: Emily Portend
A 69887173d7c7ed6335cf425b2db0745ecff Adam Fad
Hash table full
A d87ce8515fc9d0758088dfd2ee10d164d45 Gabriel Tolerate
Hash table full
Found: Eva Ethan
A 175cab9eff9e479679c57b700c6c2048f37 Madeline Than
Hash table full
A cbe727c8afd1cb577f3b4707846a158d780 Gabriella Mess
Hash table full
A e86fbbb49adeaaee08773eb440e4a5d5b71 Sophie Bernet
Hash table full
A 2d70959e0fb1fcd0b786b99ac6adb8f9fb4 Jack Stitch
Hash table full
A 2f815f586f8b504b067fb30f440b7b18e9b Oliver Postmen III
Hash table full
A 7486688afb2ac276559979fcfd68717bdc7 Paige Makayla Mathematic
Hash table full
A a8e1368f2dcd7d16fce213ca61bf33153b3 Amelia Septum
Hash table full
A 1fb439e35c0a5c0545969b071e0455b0534 Thomas Elapse
Hash table full
A f69fbb43b7608bf847a14bac139d16c7cf9 Blake Dragoon
Hash table full
A 0d40cc9259fb93c44ed90a2ca17ae2db9c2 Allison Figaro
Hash table full
A 3d2b775d49e8ecab373f154f9e2cb0a166b Kylie Workload
Hash table full
A 7cef48ebd114900357dbc6a999d0ed2af13 Tristan Stonecrop
Hash table full
A d66be3bdc802dbfcaf5a6f857a26b0d51ae Evelyn Publication
Hash table full
A 67a94f4b085630528f65c0e0e359ecf370e Aubrey Gist
Hash table full
Not found.
Found: Isabelle Scale
A c22961ff038bf0d8d2eb01a17eb63422a09 Alex Month
Hash table full
A 83d3e711895109c344c14a58a5fd83b6171 Brooke Consume
Hash table full
A 5a26066d40456ed262ee04e84ba37b2048f Lucy Stringent
Hash table full
Found: Sophie Telltale
Found: Andrew Lookout
    0 0da7b2e9d52c6aa257785ab06839975a61a Allison Workshop
    1 f8a3a515c444aecab8401808f02a870d709 Paige Peaceful
    2 7ebc28e120e5210183d99d829c69eaf47f8 Jonathan Nicholas Tennyson
    3 615af9d0bd47b2d443f878bfa1e1a06a0f9 Aaron Hemp
    4 fd5c8d645f1e1c87a90474c6ea435d73777 Eva Ethan
    5 6fed90b22eea1922fcc291733918b0f762d Eva Inductor
    6 5b9d6484de6c08807f8f41657bb1a22ffac Liam Empower
    7 7e338fd92952201dbf9980240d6f8a00cb5 Brooklyn Macho
    8 173c913443ba4ffb7ae05bd9300b1c98bff Thomas Connect
    9 1d1fd227cf05e8f7ebeb68729bf94daafcd Taylor Glacier
   10 a5e93d78b85f084dabf7a175cad7ca01f9b Madeline Bessie
   11 8a3a16db4fd7631046863c03bf320daf5a2 Blake Fortuitous
   12 3f57e914cddb796782df215b7d81feebbca Gabriella Ouzel
   13 7a97843cd70dbad04ffb777a0b7b9106b02 Evan Gimmick
   14 b16f7068541f4a1082d022c9f8788c7a98d Aiden Rival
   15 8b2c87c1c0ff8a04cd5675928622f9728f1 Taylor Tragicomic
   16 3c14d929f7a9e4b4f161e5692647f72b459 Anthony Dorcas
   17 23f14305e54356ffe4c5079cee07ee1888d Ellie When
   18 851c2227a790cca02cce0e1ab6967be9096 Ellie Nightshirt
   19 6b8b550c69132d3360f29b4a66a382fb533 Matthew Guatemala
   20 a0898b41044c5ab18a4addbfc6a5dbaf056 Alexis Betelgeuse
   21 794a787370992862a38a8c9ca54b6e06dcb Sophie Telltale
   22 f62e93fb7c5d20f3c9c1a69482b1cf28242 Ava Travis
   23 abebcc407a3b060ff1a4d205a7b3b6d3f2b Aubrey Ellie Chop
   24 d5b06eb97d9ed33177052456cf90d2a22fd Jonathan Nose
   25 f48096fd039e8d9c9f281095b972a7365d7 Hunter Necrosis
   26 0d2de8989be296b864b105a8c2b1444f72b Matthew Definition MD
   27 c5bb7fceb03f6799f78b178bb8542d3a1df Arianna Monotreme
   28 4d4bad0c61c51a644c532864f6c5ccaff1c Emily Portend
   29 bd08363ca7115fd67b34ee4b2a56846b4a9 Matthew Fireboat
   30 91379d6937d7e914a6d482c9690ad18e7ec David Diabetic
   31 b922d6ac5694a6730685de2fe506ef1fcb8 Bailey Cartographic
   32 acab66998e839835b037a0dbd98bee89b71 Christopher Full
   33 4cfd65b982f887d26d74a5069c56204539d Christian Dorado
   34 c66f01dd1bf8625264fe127b9365447c279 Mason Clause
   35 81df32827f38f2f6a454cdb3ba9726d53b3 Aubrey Stimuli
   36 f289fc12e56bff04cad90da97c4e6dbd856 Logan Bull
   37 4683c617e4a98b492b63b4a3310774990c8 Michael Insubordinate
   38 d68d97c0bd24812f81bc915ca60c3500084 Brooklyn Rejoice
   39 88206b01db3c0b6a375dabc3bb6da2723c1 Jake Cleat
   40 7e2b86555cf40b98231fc4cd8fc6316fbf0 Sophia Basso
   41 c368d1141c3f4d028d887f51428a32278e4 Nicholas Define III
   42 e9b7044e15dc4f6778d659ff5051aea851d Owen Cosec
   43 89ff1ab2a3da4caf0a9ddaaf2f2382d242f Landon Pinkie
   44 d137373e53981658911af39154f547b29ff Alex Deuterate
   45 7afa18582567680177367a7c1a72c4bbf4e Andrew Lookout
   46 6adef497af0f5e6ff053a4b8cb52d7fab6e Olivia Stab
   47 cf276a32781f394921ddd8b9c97c18642d9 Alex
   48 d374fb3f0736a2f0607467203d8e1098de5 Allison Paste
   49 42fde829b8e222d6c5a61e95e87d3abc469 Addison Exculpate
   50 a0ccbadd35d9e80a03570255cc1c78a123d Julia Suppressor
   51 73342ccdebd21732ab715f0d11ddcb56129 Elijah Sarsparilla
   52 cc3a43304e1c2464f2d188be647024a1c58 Audrey Ridiculous
   53 d9c29a9a711caf2495db53eda0657de9320 Matthew Hoyt
   54 4f941cc0d0feeddadf699b2ae1c98f7cbad Samantha Othello
   55 bda615b11668b39befd947bea3aec42a79a Ellie Bricklay
   56 8d6cc67966f5c8b2ff341e88d2528b5a24e Alexandra Usher
   57 4322f64fda95eff1d352d99a0a8ce866fb9 Savannah Jealous
   58 806485eef42b9a7584d0480a320007c7fcf Grace Vocate
   59 7b3b4e608655172ce128d8f28bd169a97f7 Brody Perseverance
   60 67dea2343801040c682040b7f22e65b3240 Sydney Yow
   61 2adac933e6d5c85b11dea593ee2c100ca3b Jonathan Adrian
   62 beb6dda66dd266d50ce77fb87f43217e199 Elijah Phase
   63 92345e8aa9e31bfeb70da8af8e6ebe2ce79 Brooke Abreact Esq
   64 659b80f8fce3fd28341784f0a4e2d804382 Cole Waco
   65 fe3b70b139e94bf0caac9628e529ae12432 Gianna Libidinous
   66 ace9cf862a9bc6cbf7f9aba44681ce88420 Isabelle Scale
