0
Not found.
Not found.
Not found.
0
Found: Madison Galvanometer
Found: Isabella Allyl
1
2
Found: Anna Intricacy
Not found.
Not found.
2
Found: Nathan Exodus
Not found.
Not found.
4
4
Not found.
Not found.
Found: Julian Explicable
Found: Owen Commutate
Found: Blake Pampa
Found: Kate Lissajous
Found: Oliver Imperceptible
15
15
Found: Julian Explicable
Found: Blake Pampa
Found: Jackson Abutted
Found: Dontonio Viscous
Found: Mia Amanita
Not found.
Found: Tyler Inapplicable
Found: Isabella Allyl
Not found.
Found: Owen Commutate
Not found.
Not found.
Found: Lillian Thence
34
Found: Thomas Retrogression
Not found.
Not found.
44
Found: Xavier Johann
Not found.
47
50
Found: Olivia Defy
Found: Alyssa Replenish
Found: Emily Conspiratorial
69
Not found.
Found: Thomas Retrogression
A 3b0fa5f995b736999afdac41131d99a4b89 Adam Lick
Cannot insert key
    0 6cdd492f1bac1bedcbe9fbe055f8d659fff Nathan Exodus
    2 51a47e8c59a67c9cb148e05a88cff416b0d Peyton Decisional
    3 b1c0a5ab4949fed7db5321a4221ea050226 Tyler Chaff
    5 d95c42d6734fc01b7dfe640eeba3b6b66c6 Cooper Archaism
    6 7fafb23bdab8a4cfa1a533f977e97e058d2 Charlie Europe
    7 a3677417f41b54a46f81e48e51fa4c6b009 Anna Indisputable
    9 92508cf305954a61384b09f9aca8b695cf6 Jackson Intensify IV
   11 20af269ef325a9e035e654b918e396c2b61 Madison Galvanometer
   12 8c92e4b0782bc059afa9e0ed943908e55ba Amelia Jimenez
   13 d427a16ded5c53bf4271c0742ad6bc52bdc Blake Pampa
   14 2e6cec3aefa022ebea78983a1e02e6e2b99 Adam Theseus
   16 74ffa119925fa608686a0ff3026f62c9ea7 Isabella Allyl
   17 1b3197b33b6ecefe0fe2538a797ab77bef0 Alexis Kalmuk
   18 a0315c4f633ab3a160fa36a7238fd79ff1d Alex Jag
   19 1ace38e49ebcdb845740f4609807c4e2cfb Logan Dragon IV
   20 b858e979c0e584dc02257b85d734b1371aa Oliver Imperceptible
   21 f777d068bff839f51bc08b1e6d92bd7c61b Thomas Cavern III
   22 3f1e6cfb26009de56d56dc9d29fd9219f3e Olivia Defy
   23 217f5a0f5de3253aacfcb2229daa3c80b0a Thomas Retrogression
   24 fe9fc9cb14762da4bd2ce1c5dc15c9e5737 Anna Intricacy
   25 744f5709b47e9ed1fae1f5b2989913ca642 Kate Lissajous
   26 9d65ee0cfcd7c899301e7b9124a9157121f Jordan Aaron Legendary
   27 533779b6e23ee09d762e69d203db73d5cf4 Julian Explicable
   29 602abaf29402a3c6c173140f2cdc117387e Riley Redactor
   30 0f11a95567681c846a15c71f56b8ee5b0fe Charlotte Scald
   31 c287174aa65fb609c11c92e634e1f25672b Oliver Posey
   33 1c1205d17ebfe4f6408b396eb54e3d46c2b Mason Sydney
   34 8986b8f7f3f4b8bfe276fb0382c1c3a3122 Xavier Johann
   35 ecddd50ab4fa43ecfd6a0a0edce824e379c Evan Guarantor
   36 7ea3381a30258a1f514a5ef91ad0d6feea4 Anna Paige Touchdown
   37 35be25f4c740592222455d3f585d40a4a12 Peyton Placater
   38 b73130db5ee7a11ea0a5f9b900b7f471675 Chase Jaundice
   39 73d33422bb2845bce29a8a88e419cfb2cd9 Anna Place
   40 da536357dc2fcae3ba08192fc7876437cd9 Samantha Shrive
   41 41dac5e292847b28c7be090436208095657 Alyssa Replenish
   42 f5a1989d012d7c065c8d0d44d4cdc7eac77 Sofia Malformation
   43 bc7e13a06f3b5a40fa9ffd2a26754805e0d Addison Proportion
   44 448da00e3aad2ee816f29b8ccb21426a22d Henry Miscible
   45 5dd19b3a6d769920b360c45a2938462e44a Jackson Abutted
   46 9949adcd6aefd3ba369e3fc575ba29de0a5 Noah Marceau MD
   47 29b66970c8c3396e27d6477130f49375922 Claire East
   48 bcb2ec9cac53e3295e5299b14c75296a335 Brody Talkie
   49 aa715586b8291f30b4fa7f05e075920b083 Xavier Hunter Smudgy
   50 8b0ad501344b5e12b1847bd9c45be745828 Victoria Transmutation
   51 0b2f3bc6e05d83e16bdb6393baae646611c Kylie Scriven
   52 5a69251404c5398820ea68edf7cc35b3e66 Oliver Despondent
   53 300e923f5d752a464f376abe241d35a57b4 Alexis Hoboken
   54 9e65e3e177fb6e128f6f3f83337a261868d Grace Brawl
   55 9383477ab343863d87ca8869af3d0f0595e Lillian Thence
   56 0955a3b3c8e833aba3f368dd0ce2425f245 Owen Bloodstain
   57 b3e527eec2ac3adea0108f2e845a08bb3ef Tyler Inapplicable
   58 ab2cd2ef3453b76ecf6de89a0d71febd223 Morgan Quicklime
   59 1be29fbcd1225357e76ce8c6f1d28d3fbd6 Dontonio Integrate
   60 fb1f4fafb08c3fbb024e0cd451fd691788a Alex Delouse
   61 83942e152d36b187f747deb329ddcae295a Zachary Updraft III
   62 dec08558dd8361363f3ca531431033f0a35 Allison Leyden
   63 fd6ee2055b65b583571c078ef411429f7eb Isabella Biconcave
   64 fdae1247de8b6237a8b27662373fea971b1 Maya Downslope
   65 9b0dc58f1333635de0d3a101d2c3e009b25 Daniel Rosebush
   66 99911bbae20a8937e63696bd5a4ca5603bb Alex Contraceptive
   67 5089f31918b921b0aaa783e34d833ac8244 Hailey Southwestern
   68 f4e9bfac80d75fb1738d3a7233572415732 Dontonio Viscous
   69 49468947a1fb11c9dee4d28098b9f5dc44e Lauren Hebrew
   70 5e8de53444dd11286beaebb526e375de6cd Kayla Shampoo
   71 1a21ed196cf5738298282b2173615d538f9 Emily Conspiratorial
   72 8bf0e6ee7bf136ecb0f0c97fffd42d8a75a Chase Charlotte
   73 6f29344a059b9004307a312664033fb8a26 Andrew Samuel Latvia
   74 c42ce660e37442ad13c210539f73c1aa93e Chloe Dumb
   75 8456bed490cea24abaae235b2dc7e83763e Owen Commutate
   76 57511dec90a1eb67be05d99cd96f5e465e8 Lucas Venereal
   77 92c6e9d56577ff9e512b79d21e39f664207 Charlotte Schoolboy
   78 3894b7ac1c33207c2bdf22926f6243d1d89 Zoe Autumnal
   79 68bd538eff3d8864240590d7fd48b76c6b3 Brianna Tranquil
   80 d35a0b8ce28b09e6e009de4dbb8a348a229 Mia Amanita
   82 ebdc1e79d34caae65b20636e2e5085ca65c John Trihedral
   83 855e25e0b5373f325be237d925f86343bf8 Brianna Uptrend MD
   84 c0bb933a96dd7ec0e5f4f1e7a2c6811e2b6 Michael Soutane
   85 5c10f81f4789054148c25376f9bbf45fe1a Chase Annul
   87 ca0b10660bd6e986f510745f1e0aeb01cef Layla Moratorium
   88 535235a3bf24ff7957aa6645046ead1b5af Ella Fuselage
   89 e8995ee54a82527c9c5f142da344d1dd714 Gavin Tarrytown
   90 1acc8d8e6c91237602084103bf377a7e962 Madison Smash
