0
Found: Xavier Dylan Sud
0
0
0
1
Not found.
Found: Logan Avis
Found: Kylie Saw
3
Found: Parker Miranda
3
Not found.
Found: Evan Psychic
Found: Hannah Malraux
Not found.
Found: Logan Avis
14
14
Found: Noah Provisional
Found: Tristan Erudite
23
26
Found: Evan Psychic
Found: Arianna Sofia Martyr
35
35
Found: Morgan Brandywine
Found: Sophie Huddle
Found: Zoey Mend
Found: Parker Miranda
Found: Logan Adequacy
59
59
Found: Xavier Endoderm
Not found.
Found: Addison Burrow
Found: Allison Hurricane
Found: Alexis Elena
Not found.
A f96456e24f8414f0211e6dbb6979dc79c7f Gianna Vanderbilt
Cannot insert key
A 5e97e24d353898a50185b424aa090766b0e Lauren Grotesque
Cannot insert key
A 254450742f70d526a8919bf9b47acea2545 Luke Janitorial
Hash table full
A cbbd20e60dbbcbff48794b7b08d7ce9ed27 Benjamin Thermo
Hash table full
A 59cd9b78ad6e39ada125ccf3e238d587855 Carter Thereunder
Hash table full
164
Found: Aiden Tropic
A 84f3748b01e6d5a8daa91cfddcfef81b4bb Joseph Edinburgh
Hash table full
A e9f50164ac9dc10c57a42424ecdea03766a David Mcgill Jr
Hash table full
A 33bef110d32910a73dfa0b1f7e81e80acc2 Madeline Intendant
Hash table full
A 2ae5d65a0242eb06c497daf1f6d76afb39f Isabella Portrait
Hash table full
A 96cb337db55f8abbf3b8ad2aa67c04b81b2 Blake Sunshiny PhD
Hash table full
A e2cf63fd6394c7bc455d538994a6e242a48 Elijah Anomie
Hash table full
A 1dae213c6777b3157d459e140b9abf0b841 Bailey Churchman
Hash table full
A 6fa0ba6783bf0707a5c3889f0384636b962 Hannah Anthology
Hash table full
A bb5d8e319ab97d74072c19c4d686d462c1f Thomas Adirondack
Hash table full
A d0bb5e8be61ebd9ebcb9816eec3ab722efc Anthony Puberty
Hash table full
A 2daafb20b2076e1d961d2f970feb0ccee60 Parker
Hash table full
Found: Logan Avis
    0 a2a6f65c6d9b9405c39ccc7aa6fa18b7626 Alexis Elena
    1 80a356c947003a4acb607f6964f4ba3e36e Sarah Consume
    2 ce1a065070db42c32ef7691281fb4276a40 Dontonio Inseminate
    3 23d92d897ca0f67b8347505adee7a17176b Parker Miranda
    4 a6b515990318824a514b7a4c50c9adbd636 Allison Clapeyron
    5 f46b0e95db8a964da79ca31788f24b306e4 Sydney Conner
    6 e3ff2cf2a5a3d70a0b1c1a3b7a6c03d5ebe Anthony Oboist
    7 eeba31f21aa47bc33d725494bb35bf5e26c Maya Samuelson
    8 5cee69d1fe8fade0c5b86f893131c3ce1a2 Alex Ohmmeter
    9 b6e2859c0499edce8f6ee9a9f40655c35ae Xavier Dylan Sud
   10 e8a5ad9beabc203ff1bbe4250969c671fa4 Xavier Nicaragua
   11 f64cf1084b5638f5367c617e61b98fa601b Isabella Cyst
   12 05524b719cf24c3bc469dc0bb94793c6e33 Julian Alphabetic
   13 e0fa81f49e50715edf40d71145a6c8b3279 Morgan Brandywine
   14 0c239c728fb40e34b9990f7115dff8829b3 Tyler Francoise
   15 21c22276c45bfe2705eb2f588266431a2c8 Alexis Espionage MD
   16 445677dafa666948e42a1e6be6438ba4c58 Emily Thursday
   17 ce80931bba5f575f58a8ece212c2d6e7651 Sophie Huddle
   18 3a85756730bd521a52b95f4bf91f926e90a Claire Triassic
   19 72c7a98ca48ce4f70dfccd049b04f71aaf1 Zoey Mend
   20 4c60b136c506854d7738635cf3d1d1a30ac Parker Gad
   21 803f420410328a297a73f1930473bb80385 Noah Provisional
   22 28850e8e3ad57756718a88395236bf21518 Logan Adequacy
   23 b8fccf73277337548db8d69539c21ee605b Jake Riboflavin
   24 52e128143693cf6e0da8c361058b0858d14 Evan Psychic
   25 e0c5fe8699ef0d89698eefb4dd68f8ad63a Maya Asunder
   26 da7e3d3359b3aca74ea10ddfa25f879a11a Jackson Glycerol
   27 1c5d0956424cd70d188f0752583264aae9e Abigail Bullfinch
   28 b79cd69af7e6a8ea95a0fd2a5bd8b2d308b Kylie Saw
   29 996130971c1ee29f3d87b9d56dc52832846 Jonathan Girth
   30 f29093d99834a6c5cf0967c2eeec45b238c Austin Glycine
   31 2a97451297accca79d3abc79929b3f4a72d Allison College
   32 cae8d14dcd43f429846f69b25f893ef2b52 Allison Hurricane
   33 b6c313916e58131d18ee6e415ac914f09a9 Julian Vermeil
   34 17b4fa9fab6ba1ac473034c7f303e356cfe Ella Ammonia
   35 1d5f2c16fd707db2556f3934415554c8c5e Lilly Clive
   36 fdf121c299b45bb208772d9bec37c4f654a Hannah Malraux
   37 a3c70d4f317bf54e58541ad762e0769cdea Layla Maseru
   38 187d80ec5600b2b41cb0c4a847023c3ef68 Ellie Conflagrate
   39 233e21a7a7fe6cb97c82d7952c8797b96de Jordan Viet
   40 221eb23458a6c65a134bd5bd5406d22c448 Makayla Ephraim
   41 b914b419314707d94730cce3ee87827667d Arianna Sofia Martyr
   42 686ba0ae7e35d5ffc5ea72d00a9d0ca853a David Arizona
   43 9e2954168769a956c7684fdf71085268026 Cooper Hendrick
   44 d76490574139d72f8d0ae0fc8711cc6998d Alyssa Infinitude
   45 73d79a201ae4ffa0bde945b2a14cfac81fc Tristan Erudite
   46 04ded9bcd4a71862344c646254c968b5529 Logan Avis
   47 5f71f16501d2bda8746cf242f8e350c3224 Addison Burrow
   48 58f9caefc93f80634f598f71c6addc446e9 Luke Completion IV
   49 973ae7ca2b69bf69e7defb6c5a2136a0ebe Ian Burma
   50 40ab9b0d67c135c2f860e251a011449c4b6 Alexandra Yokohama
   51 778c9c1f0f5f2a97a4e3c4505ffe9a488b5 Alex Amide
   52 eb1e082a8141db6aab6a72ae6f71ccf9f18 Sarah Alexis Residue
   53 f9b1048e208b9eb0b01ea49c8e747358e78 Christopher Newspapermen MD
   54 1d0ea919bd2cf571d89248d51b378a8b012 Victoria Ablution
   55 ac0618fc655391dcaabafc2e4d867ffd442 Lily Phalanx
   56 c667b741ae81e26149c88f70a8cbd3fb30f Xavier Endoderm
   57 a6de51954f8a1b9c9dd9cd5d850e81ce02a Luke Loge PhD
   58 99a5a0d472287fbbd68a2627e77f0727ee9 Morgan Synonym
   59 1d3a4b7d625ae4b9cbd168bf5bddddb2652 Xavier Promptitude
   60 c431830ab3fe167b73391e846b991d1112f Aiden Tropic
   61 a7a77fdd0d64afff1f4b821889f8a53a4e0 Jake Capistrano
   62 9b8295e82d47d5518d69eb99cc53e02f3d0 Ellie Antedate
   63 b3cf2c8553610ca135a373557d04c6a9cd6 Maya Uptrend
   64 e4f61456803d542e91a2870d41bf3f45462 Blake Tyler Basket
