Not found.
Found: Gabriella Calico
Found: Brooklyn Birdie
1
Found: Alexander Aide
1
2
Found: Christian Orin
Found: Ella Interferometer
Not found.
Not found.
Found: Alexander Aide
4
Found: Molly Benedictine
Not found.
Not found.
Found: Katelyn Further
Found: Evan Gavin Aegis
19
Found: Cole Heusen
Found: Austin Haberdashery
Not found.
Not found.
26
Found: Christopher Haberman
39
42
Found: Chloe Medial
Found: Austin Poncho
48
Found: Christopher Gabbro
55
Found: Eva Armageddon
Found: Daniel Grayish
Found: Joshua Fourier
119
Found: Chase Actinide
Found: Kaylee Collocation
Found: Christopher Gabbro
Found: Layla Fragment
188
221
221
273
Found: Aidan Homeric
273
298
Found: Bella Pyre
Not found.
525
539
Not found.
621
621
642
642
642
707
Found: Max Shakespearean
A 162a95492507828760a6bf3861ce2d4e8e0 Bailey Literature
Hash table full
A 612f1c53d4cebe476e5fa60406400e64693 Tyler Transferee
Hash table full
707
A 83461ee0f5898a69cf21ea8b6397afa40c8 Kylie Channel
Hash table full
A 3e82cd37b1b0117818da3e0c2dc1ef8764e Molly Hydride
Hash table full
A 16f251b243605900e83f4bd60590fd581dd Daniel Elizabeth
Hash table full
707
A be9f9ef8ee079c4461e4e75a917a1302f60 Arianna Plaid
Hash table full
Found: Brayden Nielsen
    0 ebb7306e025ee60111b8c13641553dc0200 Christopher Haberman
    1 4546b08e1c3c785b32f0b327d7afcfdf860 Parker Cassette III
    2 0d0479e45ae3e098530bd384c22d398d7e2 Kaylee Collocation
    3 3df483e9f340775ddd4b6e0456eea8514e3 Mackenzie Coxcomb
    4 11697786b71113defad076d2271c8b67524 Austin Poncho
    5 6b5caaf79eed1c813471314f1b8bd699085 Claire Obstinacy
    6 dbac8bfcf1b1e5103a0f23c02e5ca257546 Logan Hob
    7 759ff0ff327340c202afa2a4072c4c8e407 Cole Heusen
    8 5ffc75d9d3d0ed2bad02fa51ee29a749848 Zachary Nellie
    9 d3bc68ed205dd4cf50c18e680bfdcd34a69 David Culver
   10 23cccc7e35e0a36bcdbf24570d884cda2a5 Bella Wrigley
   11 2f8fb2ddde9c0e0811b22fb94094df4d304 Cooper Bop
   12 b12edbc44f0b547c4b4b8a50357cfb499cc Alexis Marcia
   13 4afb5ea1575509b2c2549a0fa676b312e2c Lucy Medford
   14 91ec9dc1510dc77fb14afd479f64a1ca60e Aaron Mammalian
   15 409626937e7fd716d72641427db15917449 Benjamin Mud
   16 f3dc11eca031c075571bc2f314ef9fb9890 Joseph Austin Sylow
   17 94bd6c0f7e640ddc3be0108cfbbc89c7490 Chloe Medial
   18 d7a2102f8d93185167e53511178a54170fc Elizabeth Strand
   19 f4e79e001458f69d5dff1d35fd0cc883806 Natalie Terrier
   20 eb71134177dd53b0f9cb96c720dfae2ecf4 Taylor Beige
   21 45dd16c28dd10f5820c2480ba7cce5ccbd5 Ella Interferometer
   22 2db33784f6d00f39c873e281fd2b1054db6 Gabriella Calico
   23 ef4524b19b444f7dffc578de98642038095 Aidan Homeric
   24 33ce0a2946fe99e02f27b94596dd8d555d8 Eva Armageddon
   25 e001402832ae9b5630a93149210a8a66077 Alex Luke Wild
   26 3fe1ca3a606a6f35c99f2055b6243b1c7fa Mia Quaff
   27 9d66a8a2905fd75c51ab96a930d730df45b Dontonio Winnipesaukee
   28 6cf0b70736b08096e0c72303b4f6e85dc9c Dylan Larvae
   29 da345b470f6b2130b26a509b4f982455c9c Alexander Aide
   30 9f3db147f1fe5d627841eade47a8e2ad1fb Leah Cringe
   31 1a835471a9a83aa554566836637c7b0667c Jack Alginate
   32 e5623597bec33753668ecea5877f7a03052 Mia Nanking
   33 5e505110eb5edf99e92824eb51b92fa9801 Ryan Charlie Alcoholic
   34 9730d3f8dc50ed09017c3c74694e065fea1 Wyatt Malaria
   35 1ecec1ecfbddd1d8fe8343e3ac13d49f963 Molly Benedictine
   36 ea5cd58b55c6a6804d552e452ae8db17664 Christopher Gabbro
   37 ee9d33c27d153ebd719d952ba83dda23401 Kaitlyn Molly Cam
   38 b34733dc4c9db192d096cc4025d8f367343 Isabella Partake
   39 178a3d533f5b816f2d6341629e1ef19d607 Sophia Aldebaran
   40 078e71586dcbbd9394ff094e22be56ea908 Zachary Orpheus
   41 b7dde59e4b9a73f4bf731a20bb470671ba6 Hannah Pope
   42 076cfb554322e304a2add220c662928e92a Mackenzie Trainee
   43 8a5c8a7c44a6bd8e93f4c8259bb6fd90466 Henry Omicron
   44 6235f44b3d46a4017b753888a24966f4fac Brooklyn Birdie
   45 e0cd894b394d8fc7f66fb737785d699b18c Daniel Grayish
   46 754bac53ed5c5b13360269419faa21c5c0e Caleb Zachary PhD
   47 e3b3e0bcdbd50364a410592650f0e13326f Katelyn Further
   48 8d56487e720c70cc09f6f943f1265556690 Chloe Sophia Inconsolable
   49 14da39b99bfbf1f1eb570a262b9639344cd Layla Fragment
   50 5562b88102770a20dae5f5c7231ebb2b95a Lily Matriculate
   51 480c31fc8d3213eabc2fbd28c49f0d10107 Logan Affect
   52 5e12b4527e6ed8a1d2b338782830e91ac33 Brayden Nielsen
   53 365d32d8197747f3c93893180038e178f35 Wyatt Jackson Gelatinous
   54 8d9bc8e419bec9e7012ec4f0df4f6c47016 Christian Orin
   55 cb6481cf451c90af85ee0888c7df2038b05 Zoey Respondent
   56 5788720c935c4616d71565070f3972ce0bf Cole Dutiable
   57 7c317ffe6e03400a10ff074f08948f41b99 Jordan Gavin Voluble
   58 bc5656cfe79c2e67dc6eb5fc719fbe13f7a Madison Bhutan
   59 e88fc44b074f3824108ebbe0c7410fcd6bb Morgan Heir
   60 06954dfbe15419f48ded09ade0fc879d1ca Amelia Woodside
   61 d6f5d59894d379d1473d1535abc96d18466 Jayden Frenchmen
   62 a76f688d738d5c681a14c8b177c6fb79df3 Alex Bebop
   63 914235cd1007e2e0684ae9d0eba03f9aa1f Natalie Samantha Senate
   64 b6209e37db234ad7d0a69e10c175ecc7b80 Lauren Declare
   65 e0f72390cc2e96cfc662bde004571cb9edf Ella Fickle
   66 e49d837399897a9a0df638cd2b7a775ee7f Matthew Maori
   67 7ff53e669159eaa9dddf12fba055dd1dc62 Paige Manipulable
   68 eab35d82cbeeb8a8aff9b6740e588d07b44 Christian Mahoney
   69 36af6885580dd9c9dff5179dcdca1eb8506 Matthew Shiver
   70 917c61f9b219e8c8a9571610b402630aa86 Elizabeth Letitia
   71 a77186ad04012d3eaf1d48bd49f1647db26 Joshua Fourier
   72 9f372bf2b628691b6478a9e76eaaffef567 Dontonio Isaac Antigen
   73 f3d0c3950836bba3453c1500a4ca4288909 Ella Begging
   74 ca1286336af7e4ccabc525bf4eb6288ac7b Emma Yolk
   75 be9b365740d4deeb29983f121de2c06ac5d Ian Hawkins
   76 5a6e41eb2706fe94143b4b32199d98e1aac Kylie Goddard
   77 e58cb8d40a3869d824d5c848c0458720b6c Sophie Calvinist
   78 ba15ceab88299dbbdeb749b6379529dd2ae Tristan Mason Grimace
   79 26df2bd07320bb22cafa5224578b7a28e9d Kaylee Bergland
   80 29a19a1f6ac9e4d1a422a2cd89d91aad550 Katelyn Lifelike
   81 2e734d92acd10fad8ef831ddfcbdf6ca7f0 Madelyn Lisle MD
   82 19a8a5858d671da1c0c5f026288567749fd Anna Cantaloupe
   83 dd785598be471ee4793d0092ba3d7dbeef3 Austin Celluloid
   84 2e13608c5086cfa46f713be1ecee90fa6d4 Jake Nihilist
   85 1f10c73f7069968c98a501214b53be46754 Adam Intersect
   86 bf018a4238d40d1dda5a33a0bdc1608fe14 Hunter Genotype
   87 617f89accd802b4253de6acc5f4ce845b57 Austin Haberdashery
   88 66c4549a5011f5dab5491ebb55f049770d7 Max Shakespearean
   89 3d64f5c079cb3e674e94b6cbaa048aa3199 Brandon Slug
   90 080dcd08682c75716a3317365c49cba71fa Chase Actinide
   91 103a72c982590b5430c3996ec22885f9f1b Evan Gavin Aegis
   92 d6abc85bde2b3e1bf58aa842e3aaff68ffc Samuel Lorelei
   93 63cb1915471f8036cab374a68500626dada Blake Rensselaer
   94 cf08ca7aca15da043b8cd73d210e9a6007e Bella Pyre
   95 227dd1d1205a45ada80c4ccb7012e77ae1a Luke Mew
