Not found.
Found: Brianna Kate Myopia
Found: Matthew Watson
Not found.
Not found.
0
Not found.
Found: Hannah Ruse
0
Not found.
Not found.
Found: Hannah Ruse
Found: Gabriella Mckee
Found: Matthew Watson
1
1
1
Found: Savannah Metropolis
Not found.
Not found.
4
Found: Joseph Treatise
Found: Brianna Glee
Not found.
Found: Elizabeth Sago
14
Found: Brianna Arum
22
Found: David Betrayer
24
Found: Sarah Benny
42
Found: Mason Palestine
53
54
Not found.
Not found.
Found: Kaylee Squander
Found: Luke Danger
Found: Elizabeth Sago
Found: John Samuel Faze
Not found.
Found: Jack Spatial
Not found.
Found: Bailey Anthropomorphic
Found: Samantha But
Found: Bailey Anthropomorphic
Found: James Amoco
Not found.
A 7686121b7202d4d26b67dd68b29f6cf98d6 Chase Quotation
Hash table full
A 6101ed448bc755836c9b93fdf6f050c4ec9 Amelia Victoria Artwork
Hash table full
Found: Sarah Benny
A 39c212ee88e7c63fb51920bde9b98f07c38 Savannah Leroy
Hash table full
Found: Lillian Gannet PhD
Found: Lucas Skeptic
A ac2513d205cc8e363b39f002b22f881af01 Jackson Joseph Pyknotic
Hash table full
A df1b399c3a116de25653bde28a8ac70ac09 Parker Scurvy
Hash table full
Not found.
A d9f75b472f477de2aa9c6aa4dffe4ecb90a Chloe Dominic
Hash table full
A 709d4413bea4946b9e0aa9d8762669f9087 Peyton Gianna Wigwam PhD
Hash table full
A 789182da9dc881ca4c87cbc3f998e77999c Jake Incarnate
Hash table full
Not found.
A 1144c25cae562a80a201a9971e78b341711 Bella Royce
Hash table full
Found: Daniel Cole Allegra
Found: Hannah Ruse
A 5ec0706db4e93938922cc36e6dd43024ca0 Alex Ceremonious
Hash table full
A 00481bf97705b270a674d5aa44a19337efa Bailey Acknowledgeable
Hash table full
A 03c3a9b7920fa72bca1446b579029875528 Hailey Donate
Hash table full
A dc4f039e7339714fef9c6cc841b064f160f Landon Barnhard
Hash table full
A 8c8a2a1c9aa22c1889671f6b462edccb11b Gabriella Natalie Maya
Hash table full
A 7b1e1b79ab8dc88bee3532a9967dead4fc7 Eli Youngish
Hash table full
A 25718bad03928077c78ecb38e209e548034 Jayden Aiden Dame Esq
Hash table full
Not found.
Not found.
A bd90251a0c125e96b7c0f2f3edf729c5516 Caroline Wring
Hash table full
Not found.
A e9354c031ae2d6b3e30001f5f7f08133753 Peyton Fabric
Hash table full
A 4a7bbf6e2e6c80a9102ee8d455cf200d53c Alyssa Forfeiture
Hash table full
A 893f64fa41c23bfcaa4bee54e63cdb774df Natalie Kittle
Hash table full
Found: Gabriella Mckee
    0 5490ec3caae431db9a60de8da79fb6a6d1f Mason Abbe
    1 b74f85e76c32aa88e76cf79edaa9ed0f8a1 Wyatt Ipsilateral
    2 836d47b0b636242397074076e1397cb68bc Chase Manipulate
    3 a336c2e9bd20ed5498b92c5087eb409a451 Mason Palestine
    4 e1af1a380dbd6a8de2af5f5696fee9a813e Hannah Ruse
    5 13a475bcb54580ea841ef554c58a3af3761 Jacob Carouse
    6 12ca4dacc887428b3d724d04e6ebd1dc815 Savannah Metropolis
    7 9710235c0753382f2c88a1d000d24fe7a7f Brianna Kate Myopia
    8 4b1439fb2f0f6995064188f9245bcfdf28d John Samuel Faze
    9 de48505b5702f69dcdcdf5dd4e9952bc66c Jack Steven
   10 4d3a081200c679fa061af4f01bbf53c5288 Ian Reservation
   11 d7450f8825b79bc94d878124cca599cd053 Luke Danger
   12 079cfe4792799954e64a748173bc391d37d Makayla Persistent
   13 aa883ea63cbf968774108ce6bc5bdd68da5 Caroline Alyssa Teethed
   14 54f5456847bb12524ac89317bbdc3bd592d Blake Areaway
   15 74318939516e85c79f2995a612e55eedcf7 Mia Romp
   16 74f4a41996f47185a9cf13bdc8b4e59a9fe Chloe Knuckle
   17 ba1430ea02612f6b6f923973370f1280dd5 Kaylee Squander
   18 1a9c1f88d81bf8e3607b902f54b4e69ae31 Carter Ullman
   19 7c2ff70154ac873e55594c03a8c92c07567 Matthew Watson
   20 aa624780a3721ff249dcfe0523c4b493dc0 Austin Countrify
   21 af8927d72fd862aeb3e19589d3d4b4aab59 Alexis Verge
   22 368e0cacae63580724f5899eb80311fb9dc Tyler Uncle
   23 89689b5ef55b4c5763a13d0e4920f7f3eed Brody Wilhelm
   24 9ea8ffa4d30c4d8eb77677189d7fb443070 Gabriella Akin
   25 17a40c67b72c486653a614bc19d9094dc88 Samantha But
   26 aea0a6a82504a471cc96d8ed1129a4f929c Jayden Begging
   27 8e4bd49f6c07a048848c84eab37d09852c0 James Bystander
   28 7750ad1011b708e4ad4b9b1a4f59d6c7fb0 Landon Chose
   29 74ad4c672cf26a22031ebb697a39f89b6c3 Elizabeth Sago
   30 78aa243ed3027fcff4236103deb05bfc4ee Taylor Reliquary
   31 903f82e43296eff6a11f67b04a12432ac86 Gianna Lake
   32 66f2cb1ac95ee21fde9232d438bf83a5a42 Bailey Anthropomorphic
   33 a861fbb917c7fbf005e431644c7b3abb23c Joseph Treatise
   34 519303286cbb30ec9a60b246184b15b5d90 Isabella Medico
   35 3743ca7986470b3ed49c6dc555ae492b84f Daniel Cole Allegra
   36 a18d88d8d09fe72d761edd056ea0355e504 Henry Ride
   37 c4dc810f576fa15bbbefcc1a48c87eaf14b Brianna Glee
   38 0d49f68ab86591af8e87bc39596b1a4e502 Jack Spatial
   39 00e86a6716889b88e86b026266c63d27593 Andrew Gabriel Banach
   40 110487f8ff506e710a2d1c30c4af0055d5c Lucas Skeptic
   41 288309bf2a3c5ccf66efb598b2ec1f7971b Sophie Maturate
   42 5579b65cb16b183a51483d8e8644023d341 Sarah Benny
   43 54e25fcec79ecb35acc94ed526cc55c777e Jonathan Logan Zoom
   44 31715de48bcb55738f81c96bbfe68672d1c Brianna Arum
   45 cffef606a4f8375ec6ca20f9fa0ed7eb290 Anna Longstanding
   46 e7e5b087a7befa451cd7d70955997eb0e96 Kate Knauer
   47 1e5eb3786eff624cb573e62a7d6a51301d3 Caroline Granular
   48 6bd4e0689605198b059b71ef6d8174113ff Morgan Grandchildren
   49 68963bb8508dbef78902b36d7a3a89f74d0 Brooke Argo
   50 986fe968ca887fcb400dafac3c01330e8c0 James Amoco
   51 94efc22e0479755ea1cde3dce19b28c9e3b Liam Cat
   52 dd2d988d9e1f47de75633d2c19c8b1c1c14 Dylan Declaration
   53 b07538bd04997f589e93d9c912cb74cc6ba Luke Weir
   54 13e27c628736c1ab76f5cfded4524b8c46f Dontonio Clod
   55 293688bdecc8db5dde51bb7be7d5296701f Hunter Hole
   56 a4c2c32beb50fc025f578245a796f4a9e90 Madelyn Haddad
   57 72ee0837de08fcbee87a84a272b8c7e05e5 Hunter Sportsmen
   58 0ff789381c8ed7f6219278c2dcf5467cd16 Parker Unction
   59 068fa8f29d8d363c04921fb5522417aa619 Jordan Stratford
   60 ade660868d75b6d6abd4f6746668ab4eb95 Aiden Nylon
   61 62c2abaa5b30ad2b31db6c3011bd413d109 Gabriella Mckee
   62 8fe833d8891255ccef496f3638549b817d8 David Betrayer
   63 1188bb833efbeb9a127f8278469295ce64b Charlie Brett
   64 c9f94ab4ce01791f7d804cb718501b1a823 Julian Equipotent
   65 2c6f62fd2cf5781ada3ed7d73fa945f7023 Amelia Addison Hospice
   66 4a30c81c0862fec62ef195967c427822e1c Isabella Passage
   67 5d6a71ff58d05bea8d2da25570ddb8dae73 Kylie Mere
   68 65077beb1c14d816c02c27ca380890a343e Matthew Shinbone
   69 477fc6993e7aaa3786d767eadd545d52c7f Lillian Gannet PhD
