Found: Brooke Crystallography
1
Not found.
Not found.
Not found.
1
1
Found: Jonathan Buckeye
Found: Gavin Oleander
Found: Gavin Oleander
1
Found: Paige Papa
Found: Audrey Appropriate
Found: Lilly Bile
Found: Allison Humorous
Found: Lilly Bile
4
Found: Thomas Aiden Out
10
Found: Sofia Invention
Found: James Bingle PhD
Found: Connor Trepidation
Found: Olivia Riley Plover
27
Found: Jordan Circumference
Found: Avery Yarmulke
Not found.
Found: James Bingle PhD
Found: Peyton Advice
Found: Savannah Lucy Advocacy
39
Found: William Steak
66
Found: Madelyn Thereunder
89
Found: Wyatt Foundry
103
Found: Oliver Adkins
103
Found: Avery Yarmulke
Found: Samantha Sizzle
Found: Peyton Advice
211
Found: Brooklyn Divine
A ffe7dbfcb583b4e9068cb36c2c57519618ed9ef1 Emma Phytoplankton
Hash table full
A 06f88caacc87f1dd827943185c236e9a679bd06a Alexandra Mutagen
Hash table full
A 25dd80241577fb8d66181860a4900ffb2aff0314 Lillian Cyanamid
Hash table full
A 099ecd2c070073d04d52e477435b0e083672c3ea Lucy Appointee
Hash table full
A 17c8d0825370aac6ecf9f2d31d615f23daf646a2 Audrey Bandgap
Hash table full
Found: Carter MD
A 861c7bf077a5681ecdce9a40d99bb7842f7a4e77 Emily Zoe Bauble
Hash table full
A 4d82c3b36aa8537c5380fe5ecf128ce59f9f435a Oliver Mesoderm
Hash table full
Not found.
Found: Thomas Aiden Out
A 3e296080b972630255211c40382a53165c3ed6c8 Carson Rapt
Hash table full
A 1d51b02de1f8ed1d567b1e0dd85c83f4c79ba7a0 Anna Cockpit
Hash table full
A b05f9a1d8597cd5ef4269533b87767b7243a430a Isaiah Tattler
Hash table full
A 55040f03f8e85fa0a488c7e20035aa57c8891b95 Noah Adept
Hash table full
Found: Mason Plot
A 1da5830ea7409988c123d483379305fe06efc47b Christopher Dichotomy
Hash table full
A 13be95baa388b20cab0754a74c497bf423137dae Claire Calliope
Hash table full
A 11fbbd507a3be505da4a249c9ff99a36469f156f Samantha Moonlight
Hash table full
A 91905643be6b80d94e96a1dfe8718640b249894a Caroline Horrible
Hash table full
A f149b8f0a9d4b4883d352cc95a440a065850c1ec Morgan Bordello
Hash table full
A b01c538f542030bfc3f99b83217ae1840b73ba8e Kate Guerdon
Hash table full
278
    0 9946fb9acf68bec30846a71f1affa77f5c2794c4 Tristan Actuate MD
    1 39e6136680de5a0c3a5998c26bbf44870feb38fd Lucy Sophia Cryptanalyst
    2 06ea8f4431b61b5928c22d14e950d98e6f030c59 Aidan Flog
    3 4cb017bdc10b513938b9a0a309020e062a32b3ba Samantha Sizzle
    4 13bee4e62eddac7afc20c388f431d3e6cc0d1c97 William Steak
    5 cf9e57b4ceebc3c7091470d9163a20c5cbcef774 Landon Encore
    6 cd035a2bc3a3cacb10485684566696d46bcac111 John Mekong
    7 7fe39623fe35f85ef5078c949ca0393310ff5682 Jordan Circumference
    8 7f0c382f43e8ba470ce62793fec1c340e8466f07 Oliver Adkins
    9 b91a99e279d660dffd235dfe1e64d2a878384955 Taylor Dementia
   10 752388c8cd3f65964591bba5c4c4c3bc6e03b88c Jonathan Decisive
   11 9b332a27fe6a759b36fdaf7006724b38b6b4d832 Isabelle Celery
   12 1394db37c8530e64dd100c13810242cfb7a5c94d Gavin Oleander
   13 82abfc23546da005aecfa12397637d93b1357c51 Anthony Greensward
   14 ec047bfda155279fd7eb449ab867e4989016902c Katelyn Panama
   15 9ae0e891af6e7bb8bfd2c50fa7435656ebfe118c Elijah Montenegrin
   16 7020a462400701974e1ea4c1cd3e0a355b0e6283 Charlotte Snowflake
   17 4f09221249ba13c99a5554b38950452f2bacdce9 Lucas Frivolous
   18 087c64994ae1e211ce7d696a821de317dff7e2e9 Isaiah Sift
   19 062fe5f16855f2c65d6fbc9277fd78485d8daced Kayla Trepidation
   20 7ddd58b962a3dd7c1cfd27f3a9967fb158946be3 Aidan Shameful
   21 30f5813084b41f444479da8720d6aba51711c9b9 Jack Gerundive
   22 1b24d2bd2ba2b8f0af05179099cc3dc17bf52edf Sofia Invention
   23 163b452d07aaad3ad7416273a6ee8ab939299656 Elizabeth Testamentary
   24 e34a39b0ea4b9c5859b713457c1f5e804aecae33 Brooke Crystallography
   25 22aee277179c333481323abc5f85c6d964154f2f Olivia Riley Plover
   26 8a5936dc48739ea160c7d5d6138354679609f31b Thomas Aiden Out
   27 6178231fb19ba3705eb00a709f1c597e9453ed9e Brooklyn Divine
   28 59408d3f8ebac789a3698b58488ec41de1b28755 Mackenzie Kaylee Exasperater
   29 98305e6319b6c659f6cd6f4a1aecdb074d55c20a Abigail Dreary
   30 668f161ad4e37c8591e6c44ea5af0e5b868c1fbc Audrey Appropriate
   31 183615758bea7e130293876764151cf5e53b8340 Jonathan Buckeye
   32 0a716ee359442b5013286700d1f299d7bd3041c5 Connor Coincidental
   33 604a5c9c81172c7351c7c2f2191808bdff700e35 Aidan Aback
   34 4ce523ef99011f9423266a56c01a0edb884cc640 Hailey Maraud MD
   35 5c4066f9f6c1915c1c93af7dd56943559b409511 Lily Six
   36 f0a1a5fcdeb87cf5266e4e96d56b4270765efbe3 Benjamin Drippy MD
   37 d73a1282d0835c707eb2c6f02a2db566d55013b5 Paige Papa
   38 45b68509197b0292b5f3219f26f6e776f6def256 Jonathan Homecoming Jr
   39 a5ec5bf79eec62c8cc73ea6516810fae21957314 Lily Katelyn Car
   40 b24ed0aa141ba4163523e82569620c01cc8d05da Allison Humorous
   41 cd3b4de171367993479d92af45e918c05495beab Jacob Escapee
   42 8f098593221c21644e6ad5cf8a335a4566cbb748 Isaiah Edgewise
   43 369f8e4011d139bcfde1b32a5e5e85d4d159c38b Sydney Yacht
   44 4edc358543732f318d71064fcf9daff29a1bfe9f Chase Fomalhaut
   45 8240c1af0ee03608a4b3af30486b20073779bfba Connor Trepidation
   46 1908effd62f8949116aa223880559b56472d54a8 Lucas Michelangelo
   47 74bc339f7db2bb11be9f696e0e320de6a5966a81 Allison Genteel
   48 81c9ffa083d88ca43e471ccab27d4155cfb9af99 Xavier Springy
   49 1a9107b5d8e1fc1842aba7e0dddc754358977731 Alexandra Arcade
   50 9176a6e7ca674222bac1af1d7ad9b755ae3ee9a7 Victoria Scuba
   51 6cd8d909c6c83bd3f9098fecc1460b50b46aec4c Joshua Annuli
   52 e3acc16cf5a6f477e37334138c725747df27d3b5 Lilly Bile
   53 884c52d73c6c606da2467c142ef858af95de374b Henry Dunce
   54 b518e00e4a6bf1065cc9fa357b2f1df9b6beb930 Madelyn Thereunder
   55 2fbde79adc756cc795b8a1cd4e848adf2a4bea59 Luke Cromwell
   56 6e157c7867eeed8b8b270173f49795c9d9c838a5 Sofia Amino
   57 49e7669f95ec1f2aac6f8c3fb87357cc93b970be Anna Charlotte Raffia
   58 34542da1edf7fd55f21994f5814b5dceaa02da9b Taylor Forgave
   59 c4e9c3ab6ab03e1af54be51152d2269321397cac Jayden Muslim
   60 dff0fdd3875e1387ffb55732d32766bc20efe6cb Joseph Compile
   61 24ce0f3ab43a5ff827911eaa91eb1a42c14d39d2 Christopher Grind
   62 bb18dc6db78d479b7949e06ba51dcd5cb461396e Allison Associate
   63 032c1685e2621482a628274d0bddb3735c6933e3 Tristan Interruptible
   64 a9293f5189c7d644c177448d622ba93cee781acb Oliver Charlemagne MD
   65 ed63e1bf5796c554bc8c3b87761c4d9e4570f154 Zoe Lovebird
   66 64771e5fdda093f7d651a0c634ebaff482773b18 Benjamin Lucid
   67 9721131e2130b1d3eee6acc0bda845ee77b0c8ba Savannah Lucy Advocacy
   68 8abe4f7f2fcc7e115b1f7674d2e5f5afa7bf48b4 Thomas Aiden Kit
   69 bd5aa15fb48fb815cf762c46e534cb51c7d3acad Lily Jacky
   70 7f298185195d2acf35d7b0ad7e7f291670b3dc78 Michael Hosiery
   71 bddc52331cdb26b092d1f679e94ea444b16e0428 Mason Plot
   72 7bd7e733bbe87eab4a4b6065f7f5955dcca18ab4 Aidan Pawnshop
   73 4ba01874848f0d61dfb19a88f9167b42f446b8b8 Elizabeth Fishy
   74 307e04cec7ef8ecc8e37791e393ce70293235fd5 Grace Biennium
   75 59a3a72b26e8e3e80bc15636183fab2188162f40 James Bingle PhD
   76 9fcbb74f61b08e7975d66d8cbb681a94c6a51a9a Avery Feature
   77 42366c44631bd53a8c33826417540ab1e5f0e2c3 Peyton Advice
   78 99053609c2d577b00bd469ea24956662f5a0d749 Avery Yarmulke
   79 409f33e201a2f1a71b26bf02fb95b7cf2fbf9ff5 Carter MD
   80 7c5973de8785a9438c6af58948a9b4900bee7da5 Jonathan Christian Hulk
   81 c13debe926c615aa42225427ee7e1a4fbe6558d7 Gabriel Dell
   82 c6edf796eb270db6c80d8f4fda8cb3238ddba600 Aaron Gerontology
   83 b0bf81041ccbeec184196f1cdbe00ddb510a2cf9 Wyatt Foundry
