Found: Madelyn Minstrel
Not found.
Found: Mackenzie Glove
Not found.
1
1
1
1
Not found.
1
1
Found: Aaron Input
Found: Brody Onerous
Found: Brooklyn Sharpe
Not found.
Not found.
Found: Elizabeth Teaspoon
Found: Emily Prothonotary
5
Found: Madelyn Coercible Esq
Not found.
Found: Hailey Foundry
9
Found: Lily Muscovy
13
14
Found: Zoe Shire
14
Found: Liam Entomology
Not found.
Found: Elizabeth Teaspoon
Found: Alexandra Global
Found: Joshua Denudation
Found: Emily Sermon
32
Found: Madelyn Minstrel
Not found.
Found: Xavier Nugatory
Found: Kate Jut
Found: Madeline Elicit
61
Found: Hannah Conferring
61
Not found.
94
94
Found: Makayla Headsman
Found: Isabelle Engle
Found: Molly Muskegon
131
131
Not found.
Found: Kate Sulfite
192
Found: Lillian Petit
324
355
Found: Carson Scald
Not found.
Found: Ellie Ministerial
493
    0 9e58031dbd165adfd51f9d254ca1e723a7444e56 Gianna Kola
    1 e17c7bfb9872b89b25280b9ab49dd655508bcb40 Madelyn Coercible Esq
    2 4b3efb6a557ab48849759dcb0c3e2b4355e1b090 Max Function
    3 443b6ed967701a7e64c3575fee984e752912c24f Madelyn Mawkish
    4 b44612fa6246fc001b346687e71f8007b0d19af4 Isaiah Mural
    5 fa3182e8aa0ad3659658c3a27d86ddd53da8eb54 Matthew Petrel
    6 3a0b099d67a073c222b76d0b979a589284d9c33a Brody Onerous
    7 7fcb91bd84e92d73ca8bb7a5f8be6f52433b63b9 Hannah Conferring
    8 1c6aa0a09430ac4e9e1da44ff8c0f231fe7549da Mason Iniquitous
    9 23ffb2f746b14ab6a207baba012950a348d9151e Thomas Consanguineous
   10 6b4e12889668d4ec44de0d4984c2dd5897aa73a8 Emily Sermon
   11 6852e7ae8dc6e0426afba8cd1dbdb0ffa22ba50b Arianna Bella Randy
   12 ed82904b9b9eb4319dda52711252834dbe4a2405 Xavier Nugatory
   13 3132e698d632d0017affd608c628744ef620018c Cole Astringent
   14 8517e5cdcb0ed9e18063eccdec23d6c7b24e2646 Lily Muscovy
   15 4248e4be9693ec37da22fd233199baf3129ed39a Avery Affront
   16 e13641bf14d7385c44c5e57f6317f98af07e612e Liam Entomology
   17 89e3f82bb2683f095648630f2bc5bfe1a626d76a Brandon Strategy
   18 50b58b66cc22fcb570963ac712771261ca5875af Joshua Denudation
   19 3b9a95602493e59f78fdb8b7557baff9796c0cf4 Isabelle Engle
   20 d789e47218751973a9faeb6381d7d15635d988fa Madeline Elicit
   21 45c4a162c606fc71bcc0298c0badb39bf4fbc615 Audrey Enunciate
   22 6e9c6cf02e73bd1330b766530f37626d7c3bdb0b Zoe Converge
   23 65ecef345c024dc308cbc00c685911adbfef88aa Carson Joshua Touchstone
   24 9f7a823fecfc05156657c32b8ba341297e6aea78 Henry Adam
   25 6e42dcaf8e808d730bec30ab452b84295aad239f Brianna Sarah Slavish
   26 95ebf0955af4f35db1b02e978f27178c86077c5a Makayla Headsman
   27 0ef4a661e97ba14c977095dae0a6e8dd6501818d Kate Jut
   28 f6ce016b39f7c410d7af184847ddabb4e577e20e Cooper Goody
   29 7c6e838d2f1449c0ee78e7b72def3a0d3d96f5ad Aaron Input
   30 aa242768d460e75e0ae36e28ac87e063c277c1e7 Isabella Servo
   31 c898c55e89fd21462fe6e11dcc986aab2ed0e27f Oliver Cooper Epitome
   32 a38e9bf2a8f3487d8fe93f7528e967ebb315736d Jake Werther
   33 eb59e574c259ec8586a4edd39bc76d252349a69a Sarah Kaylee Sandstone
   34 e17ce36da68f8d2219bdddd63f11d28359800154 Lillian Petit
   35 c2ceea0f11414a1c8721ba036a3b447d045b7eb4 Kylie Charlotte Handgun
   36 84e650bdb04aa8f4c0e28b00ee28bb10b7b42e79 Hailey Foundry
   37 0508325c0c7f2f906b9e8adfd7ad905c8a7a65dd Anthony Logan Feint
   38 a7b496e51363aded6e025ea3d05dd534045ce8b5 Jack Philology III
   39 da0b9812c2e4fd665f067e413dd0089751d09e11 Lauren Sled
   40 eb8f4ff51e4408282c873365b2eee9bf8e40cd54 Madelyn Typewritten
   41 14833aff85298e609e2092f449961053a202c43b Charlotte Derogate
   42 f6be25de570da843b91ef4ff98fcbcb0b6cccf4b Lily Amplitude
   43 c2c980672087844fccb5feb8a39c69f176124d49 Ellie Typify
   44 3b5ed312e8bce1aa4ae0d8a54eb6af6509c6c3ec Noah Raleigh
   45 51cc6b87a9598022083dab2a74e74abbacd84386 Brooklyn Sharpe
   46 f237818f56e40f641d92ca16ab5c24999fbba987 Benjamin Circumcircle
   47 0f929dff93ea56342abc62229f40c091b908d938 Noah Mecum
   48 8522e364045f7662ece7f49aee9352a687c4f85b Mia Viscosity MD
   49 6ef5a899131f48f5b519de4fdf893cbfd4ad38d9 Jake Confectionery
   50 431596c2603df87988b27274f230dc5271be74db Owen Giveth Jr
   51 4c27d1717693d03d48f9001dee662223a56477fa Brooke Hannah Kiwi
   52 db2d1ff17d324ae99a2bbf41a5fae868268ff269 Alexis Cayuga
   53 a9e74b7db2fc915c93265dbd21102898b941b7cf Riley Spleenwort
   54 971207ed556326934c606bc0a2de3ba4213104c0 Gianna Classic
   55 cb7619bcc8da7a37be84101c49b24f5efaf2ab70 Ellie Ministerial
   56 ed22e99cad795dc2d65d4b5bdfd2ffa676e024ab Noah Friedman
   57 138fe67aa41885e9f87eab979b6f6d3feb28b8dd Jonathan Electric
   60 60b7e31af33869f9bd14d1bd4ddb86d4acda2371 Avery Cutthroat
   61 93131bab551c7cc0b6f5a3a33db8310e4bad6638 Zoe Shire
   62 852e60989f695d22ef92acfe20a97b792c6cceef Adam Tristan Snafu
   63 9415d78272e3184ca42c1fe44b56feef9fd42890 Charlotte Skew
   64 14d6b13987c0370ec263676a19ce574482e4884f Emily Prothonotary
   65 542f62e9f5cfedd2492e82b775d7450d5dd91928 Lucas Blimp
   66 ef9a580d028e7539fe3050014b0e1a08a0dc4736 Owen Illustrate
   67 8d30fc0b578c114f11cf4febbf384b228e853dbc Logan Turbidity
   68 cffe8dc9088a1b3a6922be2ca14bb7e37373444c Alexandra Global
   69 4d029751dd54d11daf35e551c41a9794d3bdf74e Landon Keaton PhD
   70 33fd8e1ccc7885c4c11c91f77a37f467d5065cde Paige Chastise
   71 cba90dccf9ec0f91250b50efdce0df158a9ca5a0 Kate Sulfite
   72 38ad644260d47597f279d3aae2f23f294fc4de47 Madelyn Minstrel
   73 ed362d85bf0986fa354764fdb0f951c3bf29e1dd Jacob Hunter Eddy
   74 10017903569258d63fe0cb3d0810fcb0771e0532 Sofia Fritz
   75 1eefffaa57060d560b2d9029a8e3773be7f9b490 Paige Cupidity
   76 297f6c10dd2dcc81634eb7b057803a564e80c7e3 Leah Sheik
   77 c97c1304cb038477aff71dcc10348762bfe3277e Elizabeth Teaspoon
   78 49d16815cedab91cb4b301d7aa86dd9283e595fd Lauren Straight
   79 52ce43e906837eba653fc72e28db3c6f00142414 Avery Park
   80 d356bbbd7ccfef562967d2f29ebb8f1b587467fb Caroline Natalie Territorial
   81 e73468f72b54da7bf6f988276acb7fab34887302 Molly Muskegon
   82 a5f772492b85aebfd67639c1ba842eac48a651bf Parker Acrimony III
   83 e364ac9c4986a317dcbf1b6c2bfa9c12bbbe9dbe Mackenzie Glove
   84 6bd05ede2ac2dcf161efd683ddb09a75c26fe5b5 Carson Scald
   85 3f653be07c88fdd5e5e1b570255804f572444056 Carson Decibel
   86 71d90a14a1fc87d0e4eb0f5f6825a90f9dedd083 Lucas Teethe
