0
Not found.
Not found.
Found: Aaron Paste
Found: Aaron Paste
Found: Aaron Paste
Found: John Dewar
Found: Aidan Brody Diophantine
Found: John Dewar
1
Found: Riley Eva Montague
Not found.
Found: Alexandra Transpond MD
Found: Henry Generate
Not found.
4
Found: Evelyn Breton
Found: Jack Cuttlefish
Found: Evelyn Breton
Found: Gabriel Ncar
5
Found: Evelyn Breton
Found: Christian Wore
Found: Henry Generate
10
Not found.
Found: Gabriel Ncar
Found: Natalie Trendy
Found: Aaron Paste
23
Found: Bailey Neoprene
Not found.
Found: Christopher Tridiagonal
Not found.
Found: Aaron Arisen
Not found.
Found: Kayla Aubrey Hunt
A 9cf8e298c18b8c0a881d13f074bd3a076afff281 Austin Suppose
Hash table full
A 8868fe78bfa1745b63f1e2fa7284fd38558f1f76 Brandon Iranian
Hash table full
236
A d00fb080422b4e76c5d5aab925ee375338a5332a Julia Fell Esq
Hash table full
A 7e305849d934730e6a3f270db7c34306f3e8ca30 Alexis Planoconcave
Hash table full
A 633444af6b4bac26682116ebd32dee166b2e4538 Layla Rejoice
Hash table full
A 9ede400bce69f150fef7a569b6f9abf6cd914701 Lauren Backdrop
Hash table full
236
A e1428958caaa15438926c1ebc2785a8b788c6c1e William Pantry
Hash table full
Found: Gavin Supervene
A db6557ed329162d120cc824e1cac9f0fe764fd32 Carter Benjamin Operant
Hash table full
A 3450f94b766e3dac63f2424aab357bf38615ede0 Nathan Rondo
Hash table full
A 3f6c14607f4fdd23d33a325387922311412b9a13 Cooper Asparagus
Hash table full
A e272ea2db9550b11ab964ad6ae3ed5da488dd2b7 Xavier Romano
Hash table full
236
Found: Paige Wyner
236
A fa02f52041aca65cecdd1acad24c0fc894ba051b Sarah Substrate
Hash table full
A 6399a0a1e4936a8cfd492fb5c239adc4e73d07fb Christopher Pun Esq
Hash table full
Found: Christian Euripides
A 9ac27fe0673a3f161a6cf2f64396b3a39a8fcb6e Isaiah Vagrant
Hash table full
236
A 9727687215d8f2598b814748bed78304bf25a94c Chloe Grimaldi
Hash table full
A e435ee9dc4b321309016042a8b174e9b94841237 Isabelle Fussy
Hash table full
A 2a9a6f910afeca34fec917da28f668d90fd42528 Carson Dusenberg
Hash table full
Found: Grace Stray
Not found.
Found: William Transmogrify
A 8b0389df98bb065b221c97d8f4f98972a4f2969a Lauren Incisive
Hash table full
A ffb87f7aaeaf68d9f448cac3af5e7261ee9b4801 Alyssa Sacrificial
Hash table full
A bf59e22af45ae6deb4f92c98eccf0dc0fb791885 Charlotte Sicklewort
Hash table full
A c271b5d1ad29f16a7437cbcddf2db9a4af2f1c2a Morgan Bingham
Hash table full
A 65e74947b630f107bd88995c1bccf3c730d4ad87 Alexandra Reciprocate
Hash table full
Found: Abigail Hardboiled
A 00d7df0ac977b7cc7ea9f6cd9c1ec4a5718d0cea Charlie Diabolic
Hash table full
236
Not found.
Found: Wyatt Demystify
A 80230873c0effc1d937b3ed9e2be9e9cb18d8a06 Natalie Blouse
Hash table full
Not found.
A d655331ec8d659cc79b59c59532d5bb72f655ffa Brooke Dentistry
Hash table full
A 6dedb9f43d049fc5ff4cd6da9d04d08f49bf2fe9 Audrey Coinage Esq
Hash table full
236
Not found.
Not found.
A 7dc88d8f5aa4c188801ef218592c8b8137ca5dfb Brooke Dixieland
Hash table full
Found: Christian Wore
A b0a1425b1d882d057a5abf576bc8051455e6c5d2 Adam Calligraph
Hash table full
A 2989eefed6852969e1e1507b21f5fa9e97e68067 Samantha Sophia Abbey
Hash table full
Not found.
A fae5356f09786d346281eea839130fea8d2bad55 Wyatt Deafen
Hash table full
Not found.
Not found.
A 773bd365bdbc3ed822ed76e0be6dc8204ac2f825 Jackson Portrait
Hash table full
A 947155460652f8d70b1c27532f1eb8d5022a8356 Bailey Impinge
Hash table full
Found: Jack Cuttlefish
Not found.
Not found.
Not found.
A 64f21dcd3fbdfebd305695933cffbe12e45f1de6 Adam Raul
Hash table full
Found: Jack Cuttlefish
Not found.
A 85d4460af14dbddf6e552ef0f3cd3034407f4e82 Adam Skeletal
Hash table full
Not found.
A 0f8ced5e88cfc08ddd93e5c235bcb2a797025d34 Lilly Methodist
Hash table full
A 20bf4aac96709f3a8c2b739e91ea3959e2adba43 Nathan Fermium
Hash table full
A 5ed05333d7d5c2e462a24fe77c45baf4951558b9 Jacob Whereby
Hash table full
A 79a475a5668de475f0827be9a94f89d5b8364f47 Aubrey Della
Hash table full
A dae673a89acc9bfdceeda0c8efcfe8cac92c994b Sophia Clergymen
Hash table full
A 831e2c8d00b10dd4f1a4bc8c51a9af957b0deddb Avery Riley Suppress
Hash table full
A b97809152f7d8d490951b355ebc75c5924439717 Jake Prehistoric
Hash table full
A 5129bdb06a3fdd2450770f19efd8473f7c082f67 Grace Phonemic
Hash table full
A b4bae9fbdf9005be513afa7300cd1e262d73e154 Makayla Dialectic
Hash table full
A c57cda3fde141bd9768c134b93aaf1f879fb3538 William Hereditary
Hash table full
Not found.
Found: Eva Evelyn Economist
A c5b19017e7aff374902c63041695558f5f1f2e58 Hannah Charlotte Brae
Hash table full
A 5d9f4664dfa38ac95c9a18316de86a9dada5ce10 Alexander Cutlet
Hash table full
A ec48ff07833df5530abb9fba846b00c2e5411216 Emma Brooklyn Mnemonic
Hash table full
Found: Natalie Trendy
Not found.
Found: Aaron Arisen
A 7f100a8af768cacb711d2c154d8ae7afcfab8c52 Sarah Consultative
Hash table full
A 8bf5f4a8cac34498a8e98d95acb0f1ada449ea2f Nathan Inferior
Hash table full
A 043bae4aa45d2d1784686e8868fc5c2432a80b21 Maya Trigram
Hash table full
A b64d862781130adeb55a978924a883c55e6ab76d Mackenzie Catv
Hash table full
A 851ff862b1de4869322a8c7027666f866d4e781b Paige Ava Profligacy
Hash table full
A 45c4bfad69bf55ffee9a77768dc37b26c05614a0 Lucy Buzzard
Hash table full
A 6c48677cfd293209457f7101079a49c8fc20b766 Emily Patchy
Hash table full
Not found.
Not found.
A 038e48f6b34777dbfaa483f7450b1873a2ae231c Lilly Diego
Hash table full
Not found.
A 8503e5b93504032ad1ccb6a5cb2654e46a9f6fae Emma Louisville
Hash table full
Not found.
Found: Eva Evelyn Economist
A a90c71693bb433b88505e919bb577559468d42eb Evelyn Pummel
Hash table full
A b62bb2c7336f6ee1d4d915b7587d5b1864ce2874 Maya Yttrium
Hash table full
A cb0ecd56881b046863a3ec7c264091d59eff18d0 Ava Talon
Hash table full
A d62c20262fb2ed2649c44a16a5c716f8b08eaab4 Christian Whimsey
Hash table full
Not found.
A 62653b1270e546627bb468eda870de3fed744793 Sarah Passion
Hash table full
A ca6ae78731f9ef00144af85aa74ccf4ae01f05e4 Aidan Slaughter
Hash table full
A 88d3d26517e02a1947ff8392dfb1a601729b41f2 Aubrey Parse
Hash table full
A 1281612d640c8e95d86fb5b39631fb7c066393ca Thomas Hepatica
Hash table full
Not found.
Found: Riley Eva Montague
A ea442d2a7133e9d18af10a662edaf34d3a58c210 Madelyn Beforehand
Hash table full
A 36e74aa31e4f71f66ff390bee9b370046538394d Blake Overture
Hash table full
A 5e1eee484e48b5b2155b9f6a8d3d6902cda85799 Zachary Debarring
Hash table full
A 05cf06d74230d56085e14e523d2d82831a399c9b Xavier Astatine
Hash table full
A cccafa459ae9de32c2fef2335d8d7f16c0e34d8c Christian Satiable
Hash table full
236
236
A d0870664f6b956815ac4bfbbad60ede5c5e4b505 Noah Export
Hash table full
Not found.
Not found.
A 80164ee467f2ee7d696f6620a0359110faf40aee Julia Circulatory
Hash table full
Not found.
A fefbe52eb42623ec70e49e70f292f8d512bffb8a Arianna Volumetric MD
Hash table full
A 86161fcd24de3ca8f835d22fdf4f8827e2820c37 Caroline Lithosphere
Hash table full
    0 c71ea0f775a52fde3e9e3c1698165cb3c944d0bb Gabriel Ncar
    1 1f260b8b9a116dbad037f03805543d219cadf957 Sarah Desperate
    2 32b33fd7626e838ebc69ad537eac31b771325e41 Christian Wore
    3 b9ee909d2932be84cfd6067663bf237f032295d5 Avery Contestant
    4 5dba0f61bbbd9b35ec6c4d032fb3991b10ca84b4 Charlotte Zero
    5 ffc9cbc9ed5f1929c68c8e4c7d01bb5b80dd6bc2 Ella Sydney
    6 8d2c84ee4ab2ac4c0bc52b6df894e747bdf55188 Gavin Mollusk
    7 09fa34d723212cb9b86a3ab183fdca70104ffa38 Paige Wyner
    8 453611267c13ef7e62e84916e64aca815916db04 Peyton Minibike
    9 cefbf3679210366856b884015a4d117579ebab88 Christian Euripides
   10 8f580cda0d5b81aa073d61397cffa3adee4d16a6 Gabriella Hausdorff
   11 d5221b12b1a9157239d643771500dec460918bd4 Tyler Rangy
   12 29e683dde6f842a6783383bda9d916f75c179e95 William Transmogrify
   13 0b12dac61cdea74785811f119bf7eec40bcf2bb8 Abigail Hardboiled
   14 a9c9c38c4db191db422a844b54f133581a3b645f Gavin Supervene
   15 11c8e851a70370fbe0e69e61e94974d9d7efc121 Allison Restoration
   16 50f794542d4abae07160ae98569eda7fe4d421ec Wyatt Demystify
   17 131c5a6c11d0ce5d0822130b84aeb104cc7186e4 Christian Fibrosis Esq
   18 005561fce87482d95f972012980b150d4e570c73 Riley Eva Montague
   19 34084cb8d2979e7f8547aa9c6c8776bd463d6e6a Owen Coulter
   20 f279631291fe9a583e954956a34c31216d23b9f7 Aidan Brody Diophantine
   21 52b9cbbddeed433bb2efd890a05c43b46c453e39 Jacob Diachronic
   22 3b59b91aef3931bb98284cf10c967c8eb659c127 Gavin Preface
   23 06c5228915fd514868cca0477846ba0f7b504c3a Christopher Tridiagonal
   24 c17ad0d9d4fbf703abbc792f0666f81e93a19eed Paige Vii
   25 70d8f8d13183a2e3999d076df1cb573c28521a3c Madelyn Provide
   26 f7905fbb5b3f41ce34938023248cb8fec7042db9 Aiden Gloss
   27 e45aeb24000a26ab9aed07f355be2e65616abdab Savannah Brooklyn Warfare
   28 af64b2c4c3ad61b7e928a2d594bebb11f5ec658b Owen Instinctual IV
   29 33611952f6ada1f17d95d8c9746603bbd6ae61e2 Alexandra Transpond MD
   30 ec3ca48d11b14c8bf7a1cde151bb514e4fbbdb53 Kayla Aubrey Hunt
   31 ce9942f35f386022b0f8d846a55ca114f8eb9ce3 Evelyn Breton
   32 536c318664ce5142e32cad9fe4612253277e61d2 Isabella Mcgraw
   33 be18c16f503fd3eba6c500fa7bd06bc022a734aa Tyler Tomato
   34 1e167de81960a22ef8b6f428eeab3312665b90d6 Natalie Trendy
   35 3b6af2566ffed31a45cbd185df21922662ddf7a8 Bailey Neoprene
   36 a6fd3453ce54ebcda3b46e3ec929f31dae0fa492 Jake Clever
   37 eb7d5a950c100125b656b489e0100f773a3b7b02 Caroline Diminutive
   38 73388a19cb3c8a4b76bf1470c7048877240c5606 Eva Evelyn Economist
   39 197c3ce41162f96a2ef21379e4e8e6b6a23b1a9f Grace Stray
   40 793eb6d7ce1d42fdb8e8887c548598e492ce4b74 John Dewar
   41 597ca692b1f571fa36c84b946ea072a869e21019 Sofia Career
   42 1807106348308e7c08c5e8985bb6b4b8e8a1f3a2 Jack Cuttlefish
   43 03e1da56d62624492a162343945b4b35d2ad8237 Noah Mennonite
   44 2cd0b7cba02bc345b0b56ad61aec5c87607f7999 Christopher Lawson
   45 49433b82d17512816df926ad70b84ca2b457b1cf Caleb Criss
   46 56984d41afb5d3875d7b0ffc4e51c25082fe6f05 Carter Cop
   47 1b74b50e5343cf5c5c9a7a6235a99a1c54b7718c Arianna Coercive
   48 62703385b6ae5848ba6a37e98f7886ae57d908ac Aaron Arisen
   49 e27b606ccdff6b40a84852b46224c0e57b6c0f01 Ian Dearie
   50 2207bd61e8c6af246e12fa88cb107a6614b3387a Gabriel Thong
   51 e811af31e17431d52deea19189e01a0830591c8a Aaron Paste
   52 9812557962e9a7c6045d0ca49488625826cd2f67 Henry Generate
   53 006cdaf38f906fe2a0ef37eb2857adc0d72700c1 Nathan Strom
