0
0
Found: Henry Guiding
Not found.
0
0
Not found.
Not found.
Found: Sydney Classify
Not found.
8
Found: Caleb Laban
A 7c67a0f1e8722e5e641f18fddfa46563d07d8aef Brody Lourdes
Cannot insert key
Found: Julia Uproarious
Found: Zoey Breakdown
Found: Gabriel Fundamental
Not found.
Found: Emma Mike
Found: Alexander Distributor MD
Found: Liam Vest
Found: Alyssa Rev
Not found.
Found: Ryan Luke
19
Found: Makayla Transatlantic
Not found.
Not found.
21
33
34
Not found.
Found: Caleb Laban
Found: Gianna Dogbane
Found: Logan Exult
Not found.
51
Found: Mason Jamboree
Found: Jackson Rabble
Found: Anthony Leonid
Found: Sydney Classify
54
54
Not found.
Found: Mason Jamboree
Found: Owen Turnpike
Not found.
Not found.
Found: Ryan Luke
Not found.
A 221e2431ea7f6b801eeb7c9b0acba2a83ed83a09 Carson Quadric
Cannot insert key
Found: Caroline Thug
Found: Peyton Pusan
Found: Eli Pagan
Found: Jackson Rabble
Found: Brandon Monomer
60
Found: Tristan Administer
A d2a5e55037262f394549cc602b26a841d887296c Alexandra Backpack
Cannot insert key
A ba15c540ae3c9535af2564431480addd59d7f46a Joshua Transshipping
Cannot insert key
Found: Zoey Breakdown
Not found.
Not found.
Not found.
A 6220c6ec879d56e95cbff3ab36d0a39d74280ba1 Sydney Radioactive
Cannot insert key
A b9f30ce91529a9f5a79d0395a0a10e5b720007ec Liam Mortgage
Cannot insert key
142
Found: Charlie Defensible
160
Not found.
Found: Alyssa Rev
Found: Alyssa Rev
A 7e80cd1324ad32f9a334dedde3d414f3034ed1ee Nathan Liam Argument Jr
Cannot insert key
A 30804a31e47df785455f867d25855af6cc05eb2f Daniel Form
Cannot insert key
Found: John Deploy
A 847df20cb311560b7f66dda34dcbbe85f5d163a1 Cameron Individualism
Hash table full
195
Found: Gabriel Fundamental
A 77cefd7f2fa4e280451773eb35a2c394b6ea0e99 Addison Afar
Hash table full
195
A 5a903994f36f6744e0ebd1a8d387304b780bda78 Zoey Tidewater
Hash table full
Not found.
Found: Makayla Transatlantic
A c1161896b7166a9547d643994bf1c8583390e70c Anthony Spandrel MD
Hash table full
A edeb3213e8ffcadd9032c6f46b71418eb7bca283 Caleb Impend
Hash table full
A 373ba1fe28eb6f621c287a86ee85801da8743fc7 Grace Tarry
Hash table full
A 6425af42e165eba3c8cc70eeb99750f46d25d069 Cameron Headwall
Hash table full
A 314033b7f76f25febd2f7ae09bd0b7c695150c2c Sofia Nigger
Hash table full
A 4bc7c1f02c586dd218bb52403de831baeb53f04f Brianna Exigent
Hash table full
195
A 484a6d492591480bd4590afcb7d717e3b3cb2a8d Alyssa Hoar
Hash table full
A e4cc49872f2ff8a316e2ba5d246f0bf331478388 Hunter Give
Hash table full
A f08f9ee907eea6580ab53d84b957b711f966a7d4 Madison Alexis Asperity
Hash table full
Found: Dylan Juniper
A e67734980ef2f3a0349415f1ee9753a581c43775 Nicholas Carbonate III
Hash table full
A b1fb250a89feaf82b41ff6c2ce90e80c3d4fc224 Paige Larkin
Hash table full
Not found.
A 0b84c76a6a9b5cf3c6009d8510f23cefacadf8cf Peyton Comanche
Hash table full
Not found.
A 8d2e8c83650acc253b8b1bc0c6440d0b3149bf0b Sydney Explode
Hash table full
Not found.
A 10aa6a3381b08fee53afeee55989d59494240169 Brooklyn Impend
Hash table full
A a01c3de480d36635af909dce3c1fef1a67a79043 Brianna Enhance
Hash table full
A 864fc31f5e267bbdf73f6826a962033166a0810f Tyler Virtuosi
Hash table full
Not found.
A 1d292ad266c1b8628f53df5ae4330fa0251c3369 Nicholas Sanchez
Hash table full
A 47197aaf0a6f39a65d7aa268a3bdde19dfdeda55 Sofia Balled
Hash table full
195
Found: Mason Jamboree
A a041e0f54d8b13383bda8bab4befa227951cdc0f Taylor Estella Esq
Hash table full
A 1a10cb457457d842645ea3de1b13cc4f70cc04f1 Jake Mosaic
Hash table full
A 51d0c5c4e6633c69b671581a81e98154b94c5da4 Nathan Luke Pax
Hash table full
A 8b3a81b60331f333c478b91934a8b616590fa44f Brooklyn Bale
Hash table full
A b3ac6312c43e4df2af10bf3de31a544a0c28e960 Nicholas Owen Delegable
Hash table full
Not found.
A f9a58c3b56f8b645d1df65b5681e8cdd28fd0391 Alex Sunbeam
Hash table full
Found: Ellie Animism
A 8e1c64fc87b80d69746b108eff636e2ff3735728 Kaitlyn Muscle
Hash table full
Found: Hannah Sanguineous
A e08629fdbfaf10a6f3cd3fc0818c5399e35ff44a Elizabeth Taylor Houdini
Hash table full
A 89d1b569580a188116c77350e9e047a38abf159d Claire Breve
Hash table full
Found: Hailey
A da20151e066fa5eb92ca8485eb0731eeae175f42 Alyssa Icosahedral
Hash table full
195
A 641a3d20f70364cbecdc919a1febf44eb2d011ce Wyatt Transformation
Hash table full
Found: Gianna Dogbane
195
A 32c7df9877140b9e9d456b006ab9880bf619526f Samantha Urethra
Hash table full
A 42f0e04f945e740a3ccf097fc2331cdc0010bfe3 Madeline Drudgery
Hash table full
A 2542feff42960c853be5d1e48decc84ea3ff461a Alyssa Sixtieth
Hash table full
A fabbe6c840ea281f1dee2c40999a3feca08e6a8c Kaylee Vagrant
Hash table full
A aa461c8e5e15698c42f48d7082895d100fca3a04 Kaylee Bagley
Hash table full
A c0105ecc7308c62fc0d0bff3aec258b29ccc762b Landon Joseph Desmond
Hash table full
A 67ad6e8958c946d59e2133c21b4b11ffa8152141 Ella Reed
Hash table full
A 9f46538b02d706b40d2b5cbbede472fb4842b397 Taylor Charlotte Infinitive
Hash table full
195
A 8369d2d0fe30f71a09183fef8fad1da03561baed Morgan Pronoun
Hash table full
A 09fafbbbd027ebed4d54be5304a96a05feb26aac Layla Elm
Hash table full
A 5d3116e74c1a4a677c73538bfc14cf6ea469f36f Hailey Yen
Hash table full
A 1810df0fbb2daa5523964b45f8955a3b6dbf1ed9 Gabriella Admissible
Hash table full
195
A d120b366438b32f65f92e92c68a7df14df38a3ff Cole Andrew Massey
Hash table full
A 829cc46069cdf95c6a8b2c9922917a8210728081 Lily Plagiarism
Hash table full
195
A 6cdad2e7f852f55121629b249244dd3cca605051 Cooper Crete
Hash table full
A 3bdf36ecd5dbf7fca4073e4b2d67090c4c8db908 Amelia Phosphorescent
Hash table full
195
A 0b2a5897b7ce843cb84b0545ee8b596dced6e3af Caleb Dogtrot
Hash table full
195
A 7f796805f6acce6c83ba7c5aef9868a755f33235 Carter Forfeiture
Hash table full
Found: Hannah Sanguineous
A 0a0f4f185e3a4ea0144e9f6efb8fe35103c3eb8c Gavin Beijing
Hash table full
Not found.
195
A 03d1becf4bba0f5d8519b92d56922dd4d8747a25 Allison Crocus
Hash table full
A 72788077ed5ce11bdc8de73a58a7ae4efd3e847e Christian Absurd
Hash table full
195
195
A fb75c2688529351bf97dfd50eab7cdbdf72f8e73 Connor Grizzle
Hash table full
A a1ac2233c13705f30eae575890659de41eb355eb Joseph Size
Hash table full
Found: Molly Pitt
Not found.
195
Not found.
A eba529eb56ac5a3102539cc1ac640a20fc383d44 Brooke Ballast
Hash table full
Not found.
195
A 28ea0a2ca55b891a8b91eb482022ed695157206b Lily Poisson
Hash table full
A a9fa7b952ac688d6547af1482335ec791c4ba41d Kayla Fabulous
Hash table full
Found: Michael Prado
195
Not found.
A 09b2054ece5d7f3af4e4e6d14004fbf4a6592c5d Evan Danny
Hash table full
A 829551580c71e1f1dcb2be54a9aa9fc9e606e237 Abigail Aau
Hash table full
Found: Wyatt Adjacent
A 539ed2e26bb50b5d0489948834605099768c4707 Cameron Clothesline
Hash table full
A a1ae6f0e48144dc5bd37f4d1d750d293012f46eb Liam Jill
Hash table full
Not found.
Not found.
A a88cd49a7bcce821970caf1cc9adf12784e729b5 Owen Elijah Kitakyushu
Hash table full
A 33445fc6dbf2fb3668415cae647ac24a55ebffcf Caleb Bedbug III
Hash table full
A 546fedb4d49201d34fa3ea68a9fe3ca51044111e Cameron Windbreak
Hash table full
195
A 8f5162677489a072be1b14058a3c44b377288c4b Taylor Infeasible
Hash table full
A 75d27f70721ef694e59c6d1374b90ae276969d8b Aubrey Crt
Hash table full
195
195
Found: Zoey Kiosk
A 60101a2dc4cc9b04bb600df9e17ed35ee103f4f2 Jake Cacao
Hash table full
A db618210f0060e5b5e917e16c6f0e56cbdd78fc2 Julian Tweedy MD
Hash table full
Found: Sydney Classify
Found: Ellie Animism
A 780fe7e6c098c242c099f2629f41067034cd8461 Ian Change
Hash table full
Not found.
A 2d1d0b7c66d054211dc5c3ced38f9d738539f63a Chase Tribesman
Hash table full
A 2202ecf25be8bdca61cd740822e71f07747b6216 Alex Imprint
Hash table full
A 93d10e0f6b2a8a064ed7878bed2971f161e38b2b Brooklyn Teahouse
Hash table full
A a4d1e70b8cb04a22db65e97543264aa1c35a1c51 Xavier Bryan
Hash table full
A e1daa5120608471d1308f107c98854f746304bd5 Blake Pascal
Hash table full
Found: Isaiah Snipe
Not found.
A b17453c132d8813215c7bc413f4254bbb3b3f36e Cooper Infract PhD
Hash table full
A 00d91332ecc135c4cb33ba5263617325bbd6d8f0 Landon Model III
Hash table full
A dfadc398ef5dd1653938512eb37d0887c6e75a44 Sydney Chester
Hash table full
195
195
A 37468db6467e2c4c7e3a85d8b7834ac4ce136fc1 Amelia Dedicate
Hash table full
    0 51b5ec6e55b143f0c29eebdd0f2f4568e59d9d86 Hannah Sanguineous
    1 7420d1812290f66b612d623cfdf5a7462ec39c01 Joshua Halt
    2 f7ee259a3a839ff6752980f46f34d29b6b8d5a36 Eva Rutland
    3 8041b833d85b00515df1cdf4c6077a594bb45803 Ellie Animism
    4 efed11cf74eb5c8a0a2fbfd31967efa539ce8a3b Katelyn Warble
    5 d02356ef472aae5dc7f81e7829fea8e6b0560945 Lillian Handwaving
    6 fd018e7984fa93c3c9d37bc560fa32daccbc3466 Brooke Asparagus
    7 56e2398625948ac0686d17395cbfb6986538373e Brandon Monomer
    8 5157b2914da29969ebdbc6560a35fd2b97a2a65e Brandon Specimen
    9 1cc7929023a1995a047e7dc5838fd5fb4e1b3191 Caroline Thug
   10 0fe2bc58cd05810810f2d8b05be9b1813809572d Gabriel Fundamental
   11 d29fc43434053b12a26e9062c64641dc0c50a78b Jackson Rabble
   12 b8187f67696143c1ca31eaa5eda7b3934e8bc204 Jonathan Harriman
   13 325fde1e54776b3a18e970e5cd69078e8e9fc73d Noah Embryo MD
   14 1ce4923a8d11da8d71f555ba7fe1ce89a2e54922 Zoey Kiosk
   15 bea760136bcfe142c0f2187847272458c5a5925d John Deploy
   16 1615d0d420242227a368fd402606968d88c70160 Charlotte Samantha Yellowstone
   17 c7d5d54045fabaa33c7e559cfaa611a79f4430c9 Thomas Hillel
   18 27c9f8e493498078da7c55a4865de8d516b4881a Gianna Dogbane
   19 276bbc281f34841dccec0384c1b7973c43aa714b Riley Mia Honeysuckle
   20 225d8fdf2124cc25fd58b02efc18a3d6bfe85b82 Peyton Jacksonville
   21 c5187c0a76c2afcb76c4cb65eea850bdf66119f8 Sydney Illumine
   22 991977f9d3bb6820d6c044508987beadb7e78586 Brooke Sing
   23 8c33568ba595f742fa56ab0454c5a36a4127c019 Katelyn Grievance
   24 c7dc4eab18eafaf953274a410d9a48f446e6a3c4 Michael Mummy
   25 87c155579b02c079a01464eb75c2632b36859e38 Alexander Distributor MD
   26 5b0016df61ec58008806b9d072bb62ca44392345 Noah Brandon Irma
   27 4a07c9e65007232876cadd3088bc1cd4843a893b Emma Mike
   28 509abebf30f663e3a381e3e23438cfac9ec5438c Nathan Uppercut
   29 1b3e33a7953bbf887306763371554fbfca9d2311 Anthony Leonid
   30 e663995e31cd8d1523d19e887d92008cc4e7bed6 Peyton Dwarf
   31 cbd28075e25f655a1eafcd80500d2e659931c867 Tristan Administer
   32 29a1072a342ec350b4241d75c2fafead5d4b67df Katelyn Beaver
   33 4d389e933d75a66f5cde32e0c4a87fcc5045b379 Claire Liken
   34 5c83be337dfbf0080139a502d13376eb0eec1b47 Mason Jamboree
   35 be1b3fbdf484bc78fb08814a4be43c12b121d3f3 Charlie Salad
   36 c7228803267f7fb6668b18f5e07fd50e5787a844 Liam Vest
   37 38cdfb0c2a7e5630c476bd3e3fff4bbfc62ceaad Michael Prado
   38 4b23b7d6ee3e9254707d8ca7f7d7b30756a69ade Lilly Outrageous
   39 caff884e05e92caeb78f2202cb0b4e7072c1afbf Eli Pagan
   40 7e6c44448d2813ccf8e217f453b2915914017ad8 Hailey
   41 28977cf13c458848d63cbb90f733d43602f8ebe1 Emma Intrepid
   42 68d18d03a723721800509878b2a9c56ddb92f512 Sophia Sault
   43 0cf22c464841e1d470c4f05dd0eb91e8372d2d7a Caleb Laban
   44 021643195e475b354fa38ae7b49c8be4f2c9d14c Isaiah Sarcastic
   45 8e4e7ce14e92b6b07d9d38818c2cfa0181736b5f Peyton Pusan
   46 c62d3c9c80a4ad5335ce0bfb98571ee5e1d10218 Wyatt Adjacent
   47 aa5748748d36216c2dabfae52ef5aad78f30d354 Dontonio Telethon Jr
   48 22cc17083e0eb713bea145e132a56ba912e4dd20 Sydney Classify
   49 159a5e56be2edc9404ef5aa39f5cb6e3398752e1 Ian
   50 83e97ef7aa8c84e4bb45fdcde8db0dc7d83ba342 Molly Pitt
   51 5db864f047c2cd81de3b4c2753d5a51bd208507b Connor Hid
   52 9eb27b900fbf590a66c33a2593740ca6cf5eda4b Charlie Defensible
   53 f78ccc03046382c9528da379f916ccdc10f8ecb3 Zoey Breakdown
   54 ab0273f6662d449c952f6ceac56d6ce53a197876 Gabriel Who
   55 193f66ee234ed5ffa0b982a877f59b9873eac847 Sofia Digital
   56 9cf0211170c0c46d4e857bdefbabf9f4faea9598 Elijah Wiry
   57 3baebd772463befdaf7864fc446e11717b058981 Emma Sunder
   58 ad25fb768dce2d455855da1f589a290cad1cf0eb Dylan Juniper
   59 b41186e33f33642f6a53a69b1961708c102a6cf7 Ryan Luke
   60 0ea5f31e574f43fee0bb4827e74db58ec9780d80 Dontonio Iconic
   61 7b90c13aec9dd12681571a0ae62a5109cee4f764 Isaiah Snipe
   62 6900a742f93430c02ef6666670b6cadbfc0ce7e6 Julia Uproarious
   63 f5935dc25b0f712c3874378b235f35e5eaed4ec3 Logan Exult
   64 b1df7eef05ecada4e97341b4f10f341fc3b10576 Peyton Den
   65 5b3b1d188dc6ddb6656db1a6867f7790161c05b9 Alyssa Rev
   66 9768b72858792a5dec317d17c36c87dfdd928232 Henry Guiding
   67 43e006a13e361b48d5db62ee5e408bd875516317 Gabriel Krause
   68 779a19c7f088dad1fed25885688b3365c9acab57 Owen Turnpike
   69 3dc6fc2565415d8c678e0670ef3300c452d21735 Chloe Flack
   70 9d4a8d012614a0372b147f2646777914244e95a6 Makayla Transatlantic
   71 8884018bfdfd7d4b1d3aecd9a21ac8ab7ab96d5f Xavier Defensible
