Found: Brody Endoderm
0
Found: Sydney Opium
Not found.
Not found.
Not found.
Not found.
Not found.
Found: Brandon Projectile Jr
4
Not found.
5
Found: Blake Presumption MD
8
8
Not found.
Not found.
10
Found: Jonathan John Fizzle
Found: Kate Macedon
Not found.
Not found.
Found: Wyatt Squishy Esq
Not found.
Found: Carson Huh
14
14
Found: Kaylee Paige Schoolroom
Found: Jonathan John Fizzle
Not found.
Found: Zoe Charlotte Kajar
25
Found: Zoe Charlotte Kajar
Found: Brooke Fell
26
Not found.
Found: Aidan Scotland
32
Found: Carson Huh
Found: Blake Till
Not found.
Found: Kate Soldiery
Found: Carson Huh
Found: Arianna Wrack
36
Found: Elizabeth Cleveland
42
Not found.
Found: Brandon Projectile Jr
Found: Daniel Burr
Found: Wyatt Squishy Esq
Found: Ryan Serial
Found: Isaac Dogwood MD
Found: Molly Hannah Famine
Found: Brooke Fell
Not found.
78
Found: Zoe Charlotte Kajar
Found: Owen Analogous
Found: Kaitlyn Hannah Proline
Not found.
Not found.
Found: Sydney Longfellow
    0 c0c000567999ffb03bbbf2f08fc0bbfe4e9d8a6c Kate Hundred
    1 1b731e1a4be0cc5abaed32ad68a6bfe9f5cca95b Ryan Serial
    2 2120330cae3cc05eb438403f02b1f77087071a9b Tristan Monroe
    3 f1526c450e275ef4ac8ba5f9814acd774008b2ad Jacob Geopolitic
    4 aed776a5e502b74f2b6e709705ad389283fe57ce Kate Macedon
    5 e00089bdd9538e8f83fc6931370fda31dbbc8110 Cameron Parishioner
    6 6f86b5570c270d9333186c0483aae0da9b5453b7 Olivia Tyrosine
    7 02585c700ca3584dcb2081999aaabb997987a25c Jordan Coffee
    8 776f871c438132e9d5b53865cf1a50060354a5b9 Julian Honoree
    9 b19757bfb666726fc9fbf01b71223f8cf3540340 Mackenzie Trapezoidal
   11 ebe047550a6e5a0762be937e38ee152a3ee6ad0b Samuel Lying
   12 7cbab7c56336194aefb61e1034fbfb875928bdb1 Sophie Kirkpatrick
   13 04422615b777e2bf11f537e8f190619726fd8cc1 Liam Lousewort
   14 47e24a4ccd44af5b9199988ae73595fb7bef21d7 Elizabeth Cleveland
   16 dc786110ace6b2c3b82a8951217724af084c1c88 Lauren Cork
   17 7bb7bc7d7a57fec6baf33a15ce76a6018fd110a2 Kaitlyn Pinkie
   18 b727fd7f902bf91af97b551898f22ec16fed0e07 Sydney Opium
   19 da69f2b44aadd97a0734b0746a8581adfbbfe4be Wyatt Squishy Esq
   21 aabecdc14fe1ed50c4f5cc13812559c748342958 Brandon Projectile Jr
   22 9e951e842628de910862c03fea05925460030245 Max Austin
   23 f12b4a70f659444ab27bba1f5c2ebbe08713171f Daniel Bad
   24 2ea3487c7bb7d41dc7db20bc82d09c6121d38de0 Addison Larkin
   25 8ca98c1f9ab06a781b149843d929bdbd543f161f Carson Huh
   26 9bf06fd4037cd8079da8a88535296dcf68fdf4d7 Brody Endoderm
   27 3140a5ee147f167526abb84fe776293134b5e877 Kylie Moscow
   29 eff8ad78a7b70c485edf3ee6bd69457e3aa480b8 Riley Drug
   30 8786b623df089a5998f500e82393ea343cfedb93 Leah Gus
   31 123bae13230e2a5814aebf1c4e79fc1a856f31d0 Lilly Solitary
   33 87c11eb29b2858a5239fe24de71a251564906dfb Brayden Propellant
   34 435cbf4b9b3d49d99fe214d6b10babf9f95fc551 Leah Chalkline
   35 c77db6dbdacdb4265deeedce725eb9d9f467f9b8 Zachary Invest
   36 9fe64b80a6545f671c7b5875b3d63052fee546de Grace Murderous
   37 2e6fe6c92de1c012f790e83f2df880b1eeb18258 Kate Soldiery
   38 96325b97887053ea3bb94ec24c5191462a47ca4d Blake Presumption MD
   39 3d7a1b624bcaa30d7e7e1e52311e503343b059b3 Gavin Mouth
   41 20018afc09145e1c27547881ea79d85b7e9d1b77 Daniel Burr
   42 fc6c08180bb3ee2f9988ad4e3aa7c8bf2b56eed3 Jacob Butyrate
   43 998b7f2de5d990b4b8074cbdc9bafa77f99633bc Riley Megavolt
   44 47b1eb5f9d7979cad7e73716194b782e0740fc12 Michael Risk
   45 c2bdfcd9aeefcb65c11ff7a1e10eaf26a68cb7c5 Alex Prefect
   46 448ca5bc0154ebcb99297e9d1cf587cfeb8fe37a Jayden Panoply
   48 6f98fe7d3cbfbb0f619e0131610bc7e624f80242 Brooke Fell
   49 b1800f6f17a0ce1a1db00b11ddd0e34dd5de18ae Sydney Longfellow
   50 d6807182f93f43c48d6e32466de24465400cf82c Mackenzie Diamond
   51 a529992287d168c365f4ac74ffde09167b4c36e5 Jonathan Spectacular
   52 6062a1b2b756f7164ea9a835c916cd2891471696 Madeline Andrei
   53 dde110c60d3e72b9f8444115f8ed203effe824c5 Tristan Ignition
   54 be5add9975ffe327b3c7d25c8707858cf25e46bf Andrew Naughty
   55 55d6a9590127c65e6fdcfebe30ce2604c9f6998b Aiden Dewy
   56 f44a5b837eb5cd085228294ca63a5af87e9843e4 Owen Analogous
   57 763fff84d66b610f98241510a41236ebc893ffa1 Jonathan John Fizzle
   58 b49f0ee9e5d4d7a5dd2a40d251350cbb7e28122e Peyton Loiter
   59 2a34fe6ec3da6b5b84140e9a560037afbef75f3f Gabriel Cud
   60 f71916551eed6dd92df48fd95ca2ac238de0c807 Elijah Vocabulary
   61 4df6373ec866e654e27e3936d0abc34fcb8189b1 Bailey Sagacity MD
   62 cfccc3ec3c058890d97b93777fe6fef7f1498baf Nicholas Jimenez
   63 7f079e8722b18ab07ad92c72154e3db27d21b3e1 Aidan Scotland
   64 d2dc47e5150b2678c3cbc3a2acee8b7ff02a880c Kaylee Paige Schoolroom
   65 849f220debc8c1b185686c519c102df766125bf7 Ava Myeline
   66 753c8fdd4efb5fddffd46d3425dc2bc96749586f Zoe Charlotte Kajar
   67 18825bd132ae4fb95c211180b822d230f60369b4 Luke Trifle
   69 0ca91d931c258f229cfcc3687353777b2191a9df Sydney Losable
   70 04a2b6dd89afc2b8a91dc8398dafe7a40b34ade9 Brandon Embodiment
   71 d065b62f3264303ab6f02b187be2baafa53563ac Aubrey
   72 42e194d94a18676196d25396b91f02dac8674961 Savannah War
   73 ab4a2858cdac73c193078c02f6918c641ba54d96 Blake Till
   74 1f95c60d293fd017f7460d29d4285262bc052ea4 Gianna Ambrosia
   76 c251aa66b39f852f23c87da387056fa2ce1838e1 Madison Chenille
   77 8252ac619b902887c42c40cd7bf5c15f0e59a423 Molly Hannah Famine
   78 39cabb793da04de5a31364bebe3a0af37120a371 Arianna Wrack
   79 bdd6df9c2bb9a155bcf697681d566a77c19acd63 Kaitlyn Hannah Proline
   80 d3ab6912cc52564faa3e5f8b4d137dccfcbb3982 Mason Evoke Jr
   81 70e621de02a7959d8cbb8e2b8fb8568814e72853 Alexandra Julie
   82 67a7d75433e11f5cc8697136d68d39f11b83baca Wyatt Cackle
   83 4b7086aec1c9253db4148d6a0137ac9a9df37ba3 Charlotte Freddie
   84 422e24ccfa9eb390933bf15b44a248485d0e8659 Austin Coroutine
   85 6fd14e96c0e5611431bd2be8de521a4a92a86f0f Charlotte Lilly Ekstrom
   87 75ad1e5d309fa21844aa130368b0761b92c2a965 Isabella Katelyn Overhang
   88 0a2be728bed19916f77e58a924a186cea3b53ebe Isaac Dogwood MD
   89 d082c9dbda8623c84f793a4a2b3363a03740bb79 Makayla Corvette
