Found: Henry Droplet
0
Found: Madeline Pool
Found: Anna Yugoslavia
Not found.
2
Found: Charlie Grubby
Found: Jack Ani Jr
Found: Audrey Possessor
5
Found: Madeline Pool
Found: Lily Fetid
Found: Anna Yugoslavia
Found: Anna Yugoslavia
Not found.
12
12
Found: Gianna Ella Imperious
Found: Avery West
Not found.
Found: Wyatt Convent
32
Found: Cole Owen Hampton
Found: Jackson Dynamo
34
Found: Wyatt Convent
Not found.
Found: Anna Yugoslavia
Found: Jack Ani Jr
37
Found: Parker Proclamation
Not found.
50
50
Found: Cole Owen Hampton
102
194
A c3ea0b09a542e2ab23222037531295ff3c628e16 Luke Apex
Hash table full
A d215a53922993a57351274b646920ae9f140e312 Henry Helium
Hash table full
A 564139e7cd70124cd673c6545e12389c43dad3cc Hunter Brandon Autonomous
Hash table full
A d62f67b4329a549e6e360f4c3764deacd03455d7 Madeline Kaylee Dichotomize
Hash table full
Found: Xavier Peaceable
194
Found: Amelia Shiloh
A ca7e42e583617502731f77aa379ed8ea70f74cd6 Aiden Cyrus
Hash table full
Found: Joshua Pittston Esq
Found: Daniel Regalia
A f58049486678eac5b910dbb8ed3a581c719496a8 Noah John Endosperm
Hash table full
Found: Aidan Repetitious
A d371b2355c18a4696869d62877aaa90f44c7b089 Aaron Becloud III
Hash table full
Found: Brianna Throng
Not found.
Found: Gabriel Tetrafluouride
A 7aa89372a3d0fb9d5160b547e3c3f12ba87fdf73 Isabella Bunt
Hash table full
A e7ae37e7c405ee080c456429649b3bb1f250f491 Bailey Toronto
Hash table full
194
A ce9245109963a5a547db5c43a838f0f734a8837c Julia Bombard
Hash table full
194
A b2264931a65aa0400628e556fda4a1620a99dbce Liam Checksummed
Hash table full
A 351f44a4bb75ac25d75bc5984da0f2422ff4ceaf Caroline Establish
Hash table full
194
A e817a0dc7e76750d526c13e8acf146ed566df4b4 Alyssa Soya
Hash table full
A 0adb6a2c4642713db6cd007258b80b7af28b797e Kaitlyn Eternal
Hash table full
Found: Lily Fetid
A 84e5c2350a04a2d03ece8b0893929c5af3ae9e3a Molly Doorkeeper
Hash table full
A d51966002c2d90e963df2b09d7652fe2193d806c Isaac Escritoire
Hash table full
A 3351e8b49acbd57c65870f07f6f2cb861bb29f48 Austin Methodic
Hash table full
A ce6f2ea58995d717e74240f1a60f3acb1586bba2 David Playback
Hash table full
A d2ebe0d821b45a9bbbc70f67bc780cf5c9bcef0f Gabriel Dan
Hash table full
194
194
Not found.
Found: Julia Comptroller
A 08dae9d33a6f8f87ee533189d12c5c3f1e095c36 Christian Upbraid
Hash table full
A 45f58717cefdeb8dc2c39438ee72dabbccf9878e Avery Ambivalent
Hash table full
Not found.
A 5c977e307565a9eaf2de2f93300a1078ad85602e Wyatt Katie
Hash table full
194
A d2a605ae42189a2e4be960b664e0cd3030a70f2a Natalie Dowling
Hash table full
Found: Jack Ani Jr
A 2aa7da400984e5e0261b7c3f1aaf40c31138a134 Kaylee Jensen
Hash table full
Found: Lily Fetid
A 0cecb870c8d8e6e4b300eaef58db7e8629da49dd Kayla Emasculate
Hash table full
A e5912bf3e10604bdd6265b14df63e86f72e761e7 Brooklyn Seaweed
Hash table full
A b710204fd867efeb5f793557e20c28f511494c7e Paige Round
Hash table full
Not found.
A 3fc03bfa877c8603ff237f698dc360eff29343b8 Jordan Goldeneye MD
Hash table full
A 24a23e9c98c7a7d4f3edf5a247c1d36d9846e3a7 Connor Juanita
Hash table full
A 76eaab5cee850f964acb86729329305b9e405526 Lucy Emma Palestine
Hash table full
A ed80d19513fe2e2f74a80f049a4593a9a3e9168f Leah Incautious
Hash table full
Not found.
A 7dad277403a2cc2c8145ac0a0502638b51aca8f6 Madison Authoritarian
Hash table full
A 483b2d1c4e1d05ce5502844cdc645f3d9126c9dd Julia Mckay
Hash table full
194
Found: Lucy Topology
194
194
A ac5584d1d03665b7f0024a6b76f1ae836cfe8cde Madeline Recuse
Hash table full
194
A 4f36fc7750fd926d419fe0a76bad853aae739276 Gavin Solstice
Hash table full
A 67b44afefea22c14c2fbb92c96ed6a36009dc0dd Dylan Algaecide
Hash table full
Not found.
A 8490b151082433891bf3e9aebbc4dd186696ed8f Logan Helsinki
Hash table full
194
A 3c57abda58219c156b7824f02cc60b755659f2bc Allison Bugeyed
Hash table full
Not found.
A b6f0668a4b66adb332714a6a68a9bfe3f58ad52b Maya Proline
Hash table full
Not found.
A 2f6401c5609eac2ed0eef76c2ea39ee8d3edfe9a Alyssa Riviera
Hash table full
A 0dbee6f23ffeb3a20410bd7eca48f0d1020c1e4c Isabella Necromancer
Hash table full
A fdb081bafb69cf5a3e91584474b141a34aca8848 Lauren Leah Flop
Hash table full
Not found.
A 01a7feef00f0eaac97266895a662084e2a52ace6 Luke First
Hash table full
A 4b9a16079168259fe4f5327144abcc3e325dba8a Brianna Kaitlyn Folksong
Hash table full
Found: Jonathan Befell MD
Not found.
Found: Austin Leek
A 93362d3dc3f1ffbdd13e3d3363dc7dd3310c6bcd William Collateral
Hash table full
A cd0a0cf4c9f66a5d5a33e910bfd296fd76941146 Zoe Madrigal
Hash table full
A 025bed021b67929678208882d8de2c63b0865ce4 Makayla Antiquarian
Hash table full
Not found.
A bd1d8d9a5ea9cc25345093da5dda5311160af756 Aiden Beaux
Hash table full
Found: Blake Hoagland
A 968a8c1f2d0f009432dab16ff83bb4be3b596d73 Sophia Band
Hash table full
A 375e5a8a0abf430691288b870bd4446eadd622d3 Noah Irresolvable
Hash table full
Found: Audrey Possessor
A 770509e2a8261131c454d7347da58f7b7f5559e9 Emily Cordage MD
Hash table full
A 3548f0c91379b43371a83fca45375a901abe0ae2 Lilly Whomever
Hash table full
Not found.
A 0d399ef25d44014b22dd786dff5ecf103d524f48 Jake Mimicking
Hash table full
A 0253f1e0a41e250476227f24f4cf36e4cb803f6e Molly Navy
Hash table full
A 33939e90ac877121d8769f3f2a0b5d2456c4d2c1 Samuel Adjacent III
Hash table full
Not found.
A 6e2dbf069319268acdde444bbe4a621ad2e0170f Makayla Whelp
Hash table full
A 49ddb2fff183d5e4e3a526f90ffc39fe7b086dc0 Eli Generic
Hash table full
Found: Elijah Tube
Found: Joshua Pittston Esq
A 02b701a9d6b5ad34b781c7e4a6b24c7a2797e63c Adam Zip
Hash table full
A 15adb91b02b0dd7d5e7ed99ce446c5a85abe1e15 Tyler Primitivism IV
Hash table full
A a52e3ac58d5f906fd3343cf04513caf87da74027 Gavin Clumsy
Hash table full
A fa74d78e45ba756ac8594a342eb8d4ba42391b01 Ryan Caleb Bleary
Hash table full
A f71474af4100efac31f9f637bf8b3a99c26fdb83 Christian Charlie Scrawny
Hash table full
A 779f8166867a5b1896eaf0988f0e7a34516341cb Cameron Punt
Hash table full
A cb63cf85facf677bd8c5224581180524ecf0b996 Olivia Pillage Esq
Hash table full
A 0e89375a386b0a207f0a10051450d2ca98c3043f Evan Fin
Hash table full
A 832c01a5671e2a2dfb69c2cf28c2b6a535311aba Sydney Arrogant
Hash table full
A 01d6fbbb6530ac9f0b09510eb1429c121229bb12 Alexander Siberia
Hash table full
A e4db0a7d71239f8abcacbc96dfb77b42cdf19334 Michael King
Hash table full
A bcff69a1cdf0a079a0e83f806bd1975481233137 Michael Brassiere
Hash table full
A 37a602b5718100c248bfb509551b23dad5462900 Katelyn Perimeter
Hash table full
A 3e0551cd4850e135097e835ea90162779dff20d5 Parker Native
Hash table full
    0 0b4c0d72dad44d904d2253b44f80e690343a9f91 Madelyn Psychotic
    1 07081727ab3ad72d6c3c64e16ad99fab97b04c3c Audrey Possessor
    2 19155d593c81faa40d30c9ef5e47761a41d801c5 Addison Stratford
    3 0dbb3a377cc701a928c2fec61833fdf8b076b79e Gabriel Wallboard
    4 8a099c414fe5d41c7cc4d785d7ed9c2e39723be3 John Joint
    5 2609baa2e7819df117518682ab2f700a11fd287a Max Perish
    6 cff4a3098224b4e0ee27f75fc1c09b9618ee636f Brianna Throng
    7 c32062220290a588f17079fa1f0e5a3b186cc416 Anna Yugoslavia
    8 199a55c5d5e1191666cad502f663899435f65e9e Madeline Pool
    9 3a3a393b6a72f8b3b6ddcab08f5876379d9715f4 Aubrey Dade
   10 efd29af3a598716f7d277983207344510c997a83 Amelia Shiloh
   11 a10057674d78a83ed479c602b6227daef1bc3825 Aidan Repetitious
   12 50d7b3042c6e2b46e3af03d07e1e04f48e4179ac Parker Benight
   13 a297669899661a97711af1ef1cfa026118d3a01b Joseph Kampala
   14 18972ff015a18f78d52b4172feaf0cc7fda1397d Henry Droplet
   15 a3b5097c54353222a3f4ed665f4175273d78ebd3 Chloe Shall
   16 482d6c17f4db54b2c07fe9e813baede01d5ed090 Ian Stream
   17 6a7d9b39ab713d04429b6d1ffbaabf4391b8d446 Jackson Dynamo
   18 28a244cadb41f6c1773a307b17c3afe4606efb02 Madeline Breakage
   19 ab1bdbbdb0f956c5de4d69f64e00129a756f4fec Ryan Atrophic
   20 af06c0350da8415387aee643ac806ac83496eff3 Parker Proclamation
   21 31125fcea0d235bf13e4eabb9f336f935cf56e36 Oliver Cancelled
   22 3365a6c6627759287d94a95619f95281c5867cd7 Elijah Tube
   23 d30650a6a63c3a6b6a8727c9775e728c0818362d Lucy Topology
   24 18c483908924d19a23e54006a4c83795c19a8cf8 Cole Owen Hampton
   25 f60860b7257c558b49b139058007208d4ac77bd1 Jack Ani Jr
   26 211f4b8b2fb986150f118f9955acaededd4db283 Avery West
   27 54f2ab39b214a3649a6b555baea135866102bda8 Alyssa Repudiate
   28 afd8d5e6fec995aa2efc4de9704a93d20a4c823d Aidan Churchwomen
   29 970fca121bc725b6ff6525e14e70d0fd16493b50 Emma Evaporate
   30 e5a2332eabf0abdd588dc0d35937344111a9a933 Adam Serpentine
   31 a855f2f726c0715f4d4870f35bdddc6d8d981fae Mackenzie Brakeman
   32 3baf3d6b32294707aef308fd1b4f02acae1f41c8 Austin Slow
   33 aafbbc73869fce140392093aa276d3c35ab1456e Isabelle Lustful
   34 a94fb98461aea5edbf1399f93c8658537b46b31d Chase Connor Coastal
   35 67c7f088c98914ca6dd6556fddec66ac98c1d1f9 Aidan Countryman
   36 481e111cc5f9c2c6c06105a32683e6228a57c855 Austin Leek
   37 7a47a2da4b3682075c6913db4d0a290ee6f1ad06 Kylie Alexis Jake
   38 0a57ac71d2b247706ee8250ee728d91b506e8cda Wyatt Convent
   39 ddf77992e11323bb43e4195e2de56a991b9edf54 Christian Cancelled
   40 55b82b2ded6cf9f7d070b0c4b47f1d7f1c0993f0 Henry Contextual
   41 5eaa08ec0a355be6f005be513b2163377e5e7679 Charlie Grubby
   42 0b19493814067a628c34d80c84928f4ea9916322 Christopher Area
   43 de14ba2a3ae71e8f26c26d53fd968fd5d5e6bb2a Daniel Regalia
   44 96041dc560a46e4454843299b7d57f20cb56e8cc Gianna Ella Imperious
   45 8c8092e93c1154e7916ea8dd542df85c40c209e5 Xavier Peaceable
   46 905552b356b08003e544f53f45a74259d58962d3 Mason Potentiometer
   47 8fe08b0c4054a39dc7fcf26b7f7de17bc5df27a1 Jonathan Befell MD
   48 85609cc35096ef74876ceeffdb2e46cb722c9bf1 David Know Esq
   49 78d023a9c7205bc3b40d12c6b8bf4105a0f80b09 Joshua Pittston Esq
   50 37dd415a1e8b90db44e54f0d4db31edfcb5fcfb5 Aidan Wield
   51 cf435ad2d32907e972dcacfbd4bc4424eec4c1c7 Dontonio Mien
   52 ff5a08baecc6d061e73ba2dbf4863e63b454c88d Ryan Hippodrome
   53 63b0a3c3f475039b8a49101fbe8f7087fc7e9be9 Gabriel Tetrafluouride
   54 4aa24b58877de12c61700e7700c5181e6a502d34 Julia Comptroller
   55 69ee4ff3eb001bceacb383950193908ba148001e Lily Fetid
   56 a62009f40deae9730e44a3be0e22e78d8661a99d Blake Hoagland
