Found: Lucy Turbidity
Found: Julian Support
0
Found: John Oscar
Found: Julia Inasmuch
Found: Samantha Indigestible
0
0
0
Found: Molly Morgan Content
5
Found: Jackson Fireplace
5
Not found.
Not found.
A f303be30efd7479d28a3116907ea41ed6c16f786 Gianna Engine
Cannot insert key
Found: Madison Cobblestone
Not found.
10
Found: Molly Morgan Content
Not found.
Found: Isaiah Paramus
10
13
14
Found: Nicholas Rick
Found: Layla Stenographer
Found: Molly Morgan Content
Found: Avery Trait
A 2c893a788f5094d22619783176a2d3496046ea7e Cole Successor
Cannot insert key
Found: Jackson Fireplace
Found: Samantha Indigestible
Found: John Oscar
A 039216f35f7770a88d975797f562e8931f76f061 Brooke Imprudent
Cannot insert key
Found: Natalie Armenia
Not found.
42
A 90fa2f81b830162445a422b85d1df71b2ff84e0e Lauren Swell
Cannot insert key
69
Found: Jake Monologue
Not found.
Found: Christopher Midweek
77
101
A b4c7d42740da7ab3c1cebc7886be69aa9f8e821c Brooklyn Maternity
Cannot insert key
Found: Jake Monologue
Found: Evelyn Technique
Not found.
Found: Blake Among
Found: Max Mccarthy
171
225
A fb4cb6fab361f6bc102d6c7234978ea7b1b19421 Gianna Lurid
Hash table full
Not found.
A e01fc8eb0729f7c0b056f0a492dab90151a438c9 Samantha Checksum
Hash table full
Not found.
A f609c11410ff74d043b1228c7f2076b615d1aa4d Makayla Whiplash
Hash table full
A 6491a0bbfc411f4495a73e9964f3ab84faebe2da Layla Hannah Browne
Hash table full
A 946a234434e3a5eba246440e097b3e1f53558ba8 Liam Versus
Hash table full
Found: David Penitential
225
A 3d27e96971aa46ac938aa44a62dff2a2783abd7b Brooklyn Cummins
Hash table full
A c30b0be90fd60a77689675df6618b1c6276b8001 Chase Inhibition
Hash table full
A 98131c3ec89207b3ecba42a97522e0afa5a8b5f7 Wyatt Bayou
Hash table full
A e80e0ea5f1fe6abeff9695d2f8bdcb7f5b2a2b16 Jackson Jacob Irredeemable
Hash table full
A ff1655ad92290ecfe36ceded044234cea25b51e3 Aubrey Menzies
Hash table full
A 2ec730367d3184b0f81a736adb86a5b9e48103bc Kylie Idiot
Hash table full
Not found.
A c6f8c0abc3cff28848ba46f6dee3eb216a82f68f Layla Moldboard
Hash table full
Found: Madison Cobblestone
Not found.
A 4eb1638becfe18f848b10acaf4d715de73fbd982 William Diane
Hash table full
Found: Claire Induct
Not found.
Found: Joshua Kelsey
A b05524494d232cbc10e3b9c6157d43c494344478 Kylie Invertebrate
Hash table full
A ef579a81e9babf4ea9b8f8113d0bada509999a70 Lily Fullerton
Hash table full
A 411b4a799cb07f345007b5b4b980ca4d29272f87 Brooke Shipyard
Hash table full
225
A 3b024e3e0c265bb1117f9e5c8b5aa480558c8cdf Julia Gianna Somewhere
Hash table full
A 2c5bbb4307d28d0dd4fae72a8bd5d89b4c44048a Gianna Travesty
Hash table full
Found: Ryan Imbibe
A 83f44a90a05f4e2915389888a04be8b25436dc37 Charlotte Tonight
Hash table full
A f2a67e4014de7523b3eef85cfe4d3a30de784564 Amelia Filled
Hash table full
A ac0724c4430e21c92d6da34cfb6e849d104a97e6 Nathan Jordan Starchy
Hash table full
A a1cca9fb7c2d34d4a6de68222d0749a2d3658e0e Leah Catapult
Hash table full
Found: Molly Morgan Content
Not found.
A 2c3775482f9146ad93afb13c160b29c852033103 Claire Glomerular
Hash table full
225
Not found.
225
A 38f2a80d54dfdce422ed1b70ee15f817370372c1 Aubrey Figural
Hash table full
A de1505c6617f6a85a876281de5d58a3ababe9af2 Arianna Roundhouse
Hash table full
A 2ac5531d3a6277946b94400a091cec11ac6660f9 Samuel Ted
Hash table full
A d25d73ac750f9508f802d7531f592792d2486b75 Hailey Woodlawn
Hash table full
Not found.
Not found.
A 14a837e96ac9ddb201f87b3e3a9f9fc6d0f77385 Paige Imprecise
Hash table full
A 7f3d46ee6330b82363ec3f19dc8afca0a2ff3368 Samuel Gore
Hash table full
A b5803d3e7cd62f1b7966c3c63f37d609bdc9fb6c Cole Brayden Aura
Hash table full
Found: Isaiah Railroad
A 7b27370cd88a1327932abb1b29b2907d147611e2 Sydney Pilewort
Hash table full
Not found.
A b95abb0e1ea2477f492dfc3df7a37cd75f9f2d9d David Antipode
Hash table full
A 04159613f9fdeff54a9d6e1b3dd6e52260cc75f3 Charlie Dylan Stonehenge
Hash table full
A 09a31203677b9028e256791b6535aef9ced241bb Savannah Holstein
Hash table full
Not found.
225
225
A c9e2d7db811972cd3ff9d468f5555c826e61ddd8 Leah Hubbub
Hash table full
A 0733f5f06d60e5a985c5dd76d45a5058961efb01 Zachary Phyllis
Hash table full
A 76f7d210aa365b5ebf695f46bc27f00456c06004 Samantha Vii
Hash table full
A 370f6d50d1a86673af05389dc319bca09e45fc0f Zoe Euclid
Hash table full
A 71c53ae71f1c9768c453cbb62a0b2c77ff95677a Jack Hollyhock
Hash table full
A 9d1690610a6a12ccdcdab749c32021d90ee97e04 Luke Salem
Hash table full
A 30cc1078ee2c08abbeb908852d5dc00431cf2fa8 Jordan Clinton
Hash table full
A dd391f81f52fba5a893aa8bf9c738951d9d0e233 Logan Cerberus
Hash table full
Not found.
Found: Chloe Spun
A e378d2010efa13732ababab78cebc9a52414a900 Aiden Okay Esq
Hash table full
Found: Abigail Congresswomen
Found: Ava Refugee MD
A 83617bcaddabb4906a1aef9ef92a9819f5750094 Caroline Sponsor
Hash table full
A 51036e12a5af6759cfd1b6a6050aace675062f2b Claire Eskimo
Hash table full
A 3bed4dc6aaa9125b92b0a97639ad01554df572af Ella Gam
Hash table full
Found: Gianna Rna
225
A ed18d152623aa9a8455ab78f3de9f26b1b539dd7 Luke Uproarious PhD
Hash table full
Not found.
A 8350481755220eb28f8ccf372491254ce7bcad2f Isaac Commemorate
Hash table full
A 96d58aba1a1f9de0bc48956b80056ec6793f076c Layla Hildebrand
Hash table full
Found: Abigail Congresswomen
A dd499c533da72269dbb0a081adbd17281b6e909f Jack Crop
Hash table full
A 683acf2964bb6ab2e72a1b5b0ac7ddf5055636a2 Kylie Dahl
Hash table full
225
A 9236264b123a36680285b6361cddb9b422cd034d Bailey Photon
Hash table full
A 1fbb75907b26bf68df109e90bfacfe5b96c23f65 Katelyn Amputee
Hash table full
A b146ba225ac9c743c7bdea05b3ec05db3795078c Lucas Vociferous
Hash table full
A 4ceaaa352ae7809af3c1e2b6ab2a7c6f546d3a7f Ellie Sophie Bagel
Hash table full
225
A 1ae69ae3705e0d3aa253e061892af737d95862c0 Aiden Graft Jr
Hash table full
Found: Chloe Hippopotamus
A 70c88fd2767d2c4527b2bbb477fef77c83ca1b14 Hailey Parch
Hash table full
Found: Hailey Savannah Beck
225
Not found.
A de3cce8046b27d56725dea14e56488c8854c2d06 Cooper Immodesty
Hash table full
A f4ebb95fb439f9aca61e222c693f46ff109f9d6b Christopher Luke Whelm
Hash table full
A ca7219a1656f36a959a78a5b3c029d916d4a40a2 Sofia Fiscal
Hash table full
Found: Emma Trenchermen
A 450dab2a8d7190f9f32728c9f37245838c8a6608 Isabella Marjorie MD
Hash table full
Not found.
Not found.
Not found.
A 073f7a8a743a105b5acded1f5e06a5adce1997e3 Henry Botany
Hash table full
Not found.
Not found.
A 028ddc7f9beab3b0fa7be42026db9828f40a7dd8 Evan Carroll
Hash table full
A 4f542296d2900a1228b25798674d66203d93d5b0 Charlotte Obsequy
Hash table full
Not found.
A a3464340a5bb028a532aed108ea35c6b7866fccd Aidan Nicholas Erotica
Hash table full
A 3ee5f6a0a6ec078586f6e8ccc7d15513ededdf5d Luke Infernal
Hash table full
Not found.
225
Not found.
A 5da4ee41b07d87426b716f4b50de0223867f3775 Lillian Hydrolysis
Hash table full
A 41b39b287b75150894631e3b31d02aacc95ee353 Charlie Tome Esq
Hash table full
A fad1e08c0fc528984ba4cf5a7978f5113b43e27c Brianna Craftsmen
Hash table full
A e1450a8eb04896703b79219ef3ad7e387d053ac4 Sofia Splay
Hash table full
A dd9c28372064aa4c7b8e3ee87da4cb8502025c41 Isabelle Petite
Hash table full
Found: Nicholas Rick
Found: Avery Phonograph
A d07c7c500fe1f945dd7905b7242e9c592c838155 Isaac Suckling III
Hash table full
Found: Madison Cobblestone
Not found.
A df3ded872775103359f171d64c27a7cb00c01c8e Andrew Catholic
Hash table full
A 4b8bed208a080ac863789a7ab3281b007c1bba90 Oliver Crook
Hash table full
A 0b488bc11af859c2e961ef514d29313cb996aa08 Alexander Prow
Hash table full
A 2f6e34fe83b03f52bfdb2d64af62c8992e05df64 Hunter Ian Bridle
Hash table full
Not found.
A 05b6b9df3c47982c0db3c2503d12c42ee54a99b9 Ian Escalate
Hash table full
Found: Eli Shied
A b33f60c0a2177a67f99c97c09356c187ab14977b Zoey Noble
Hash table full
225
A 935db581696ebe768c8a92215ab53b2eb392cb64 Kate Grace Rangy
Hash table full
A bd9b1ccc40d3d2186f2721a0dd2f60b0f5c9bab9 Alyssa Betroth
Hash table full
A 029887d1e21dff6868ff9fdfda0914fe129e4f99 Avery Habib
Hash table full
A 3e0730e73dcc7b73eaf90913746eba559227308c Jordan Candid
Hash table full
A e7d39a179268d54194431f98d04a72eb7c97b275 Jordan Cypress
Hash table full
Found: Zoey Freddie
Not found.
225
Not found.
A cc1ca8141990d01b2ad9d861945b93845ec2533a Jacob Mayor
Hash table full
A f01144f6872a246c88f4e1f4158141886df761c3 Kaitlyn Pegboard
Hash table full
Found: Joshua Kelsey
A b94ddae865ac1d791ad986ca795453e5b0443712 Julian Chapter
Hash table full
A fd7f2f01bf66a9a41b9ca959307ca47aa46e4abe Peyton Told
Hash table full
    0 fd7c8b3e87261efacc367726a0d1db55fbb3c077 Christian Owl
    1 ed5d614e700bb5ae6539e7ad1097fd0a9817939e Hailey Savannah Beck
    2 d04c1606173aec0fe0235e05d2bd5b3488e3a47a Nicholas Rick
    3 154caa08e2b06e6a6e6e6fc317d4cefe4f152a07 Madeline Anticipatory
    4 321a688e3ba0e4ae6ef73614465a959cdbfa42da Xavier Mutant
    5 f72aac17bf8c51cd7551d6154904dee7651a709e Julia Inasmuch
    6 eb569436235e177616b8353c9aaa70e65ab4b7d3 Bailey
    7 85714b4459206c32ebd6795ae59cb1f9f269febc Lilly Emily Jackknife PhD
    8 5b5970da0b84e0c556db932ed089618fd24e5839 Joshua Kelsey
    9 9e472803551b9560669100243ddfa2f11fc44c8c Katelyn Utilitarian
   10 4fa64ea51915277dc94da26a72035af4ff1d1d72 Adam Adverb
   11 bb0fec139d14a3fe45c8284f4acf4b47acbf256c Samuel Zoology
   12 838feb6679963b9ffbbf2ebb0add859b65264093 Gianna Rna
   13 f5ff7ed42b3b81191246f2d950dcac5534c9da3f John Oscar
   14 0fb7cb4b7138ce3dfbad22ab9baaa7d9404ab382 Abigail Congresswomen
   15 39ae16c13e230b5c9cc70915cc19e093d8014d51 Max Mccarthy
   16 7747e5fa5b5a42711278421bdaec5ceadb28ace5 Ryan Imbibe
   17 8f521e7ba7d01d89c0e3bec7b50bf19d2c70104c Chloe Hippopotamus
   18 b1e2826668bb37f0466a7405f17efec8b2304511 Brooklyn Adulterous
   19 0b97d0a51fa7c925f5fedbb57a801d6cec3d7fae Jackson Bend
   20 9db15665e085264bb725cf719d3edabd1fec4593 Christian Delta
   21 2f0a16a37549eba020bf0775979579ce37b6d862 Isaiah Paramus
   22 904a46a97ab6d1fdcdd954789ef3017667dbe8bf Aaron Max Phosphoric
   23 2f0d1b5afcd815d5b2a236f455a0d9764fa00f3d Kaitlyn Strung
   24 105d3c497fe9ec1e1fff3ec33d12539df2322d12 Grace Hide
   25 5f3d75b4ce5cbf5bbb5b56b6354b4830b227d9f7 Isaiah Rick
   26 2de315230b57dc85c6f801675cd72f22fe55a83a Claire Induct
   27 3cb89b74d2578204d10e190882add5d26e186597 Abigail Corvus
   28 b4194ce6a30f20d5706aafed4b8238fef8270f27 Natalie Manumit
   29 bcef0758a43d6b6718e4f1033e7007137ec51933 Samantha Indigestible
   30 a06f7449fafeb7811b4b92fcc6c2f2b56f505dba Victoria Wallaby
   31 dd3697fc218b83736cee65f4009c1e393e8fd4e7 Landon Contrast
   32 c6f067b9019c7d6f08ad55824cc075f44720e0c7 Eli Shied
   33 15ec935a479b1046f6d637e679058ae5d7ef39ac Zachary
   34 7859d59c852b203868a81860de0f30f8bf159286 Aidan Cornet
   35 1df988495d7b55f0ab282ba90608c5fd9d603474 Gabriel Emanuel
   36 7325279bb61ae06b7be7bf576a378d6f55552ce5 Mason Participate
   37 9b45762928a64ed4c5e4886d2ad6748e75c7207d Blake Among
   38 a5fa898d237661344eebf117db606051c180e38b Luke Swoop
   39 b4dff8ab494bd06aec5b2adc647d906b9d7a31b8 Brandon Beebe
   40 92e1dde8d60955f4014fe10fd72516bd1061a62b David Penitential
   41 847a4d45265fc6959f3e1ff9c771503b33df61fd Madison Cobblestone
   42 5076ad8d92468cd5f38243b77c96275acda7706f Layla Stenographer
   43 b124f5652de8cc3a2fc88ac7f3e5e72ab8ae7152 Zoey Freddie
   44 0fd44a24e7a141755cf5ac2d14671ee18e04bdae Riley Procrastinate
   45 85fb908f472b8d896e4719f3f7292ca6363f29e7 Amelia Esquire
   46 93100da601f59ee8f7cff0970a630fdeb34b3e81 Evelyn Technique
   47 5ebab66e93ba99ae821d769d9c0364ef6f418bb1 Christopher Midweek
   48 66512eea8c43c711986a04cdb78f539bf3ffc23f Morgan Gabriella Labyrinth
   49 775b6f7da75b87028b146293fe41b501029096fb Chloe Spun
   50 061a89213b2a5a0c8aeda812309fa65469879445 Emma Percentage
   51 45fc00b2cc0eee3e89f1d4a7efe5b9faeefcd4e7 Julian Support
   52 604563538f7afeb3e99961d47039fefa408d0102 Lucy Turbidity
   53 e470714da4f996dd301fbbbd10d9e733767fdda7 Evan Floe
   54 10c1dfe3abbae19ba29244fc52a30f18a721ade4 Brooke Hyperbola
   55 9f5d583abff3dfbbcdc355b4b6f9b83330b8e85b Jackson Fireplace
   56 21ab161019e7bf0839ecdd3d952461e76df6731c Avery Trait
   57 b1bf05a3b829c7d456f6cfdbb268a16a520f573e Natalie Armenia
   58 fd420dbd1f0fe642aaca7228a48b4a5c762f59a2 Charlotte Chester
   59 2562be894c5f8bc3a64aa84141062dba4730ab4a Alyssa Insecticide
   60 1c2e0e12c558ab3334affdfb8d85802f760e320e Molly Morgan Content
   61 1f1cb5dcf151ea62554bb37175c40a744de547c9 Emma Trenchermen
   62 f2cf7a351d4a032125092d3cfb1e1b4d7cb6d7c2 Aubrey Cyclades
   63 59f956654f6a5719ffa10dcccd197083e4cce6e8 Jake Monologue
   64 942020b6a2eba1e19c0f7f85bf247aa8ede0ddcb Nathan Certain
   65 680307a76588c6590628c5f73821d07b351fa728 Isabelle Hampshire
   66 53ecadb5c6ac9ddcf84fd5d99f29a76cd2e6b03f Isaiah Railroad
   67 b9e7f10351a3b2084cd677f7bc8cfd977f937ebb Bella Warp
   68 4b45e49b7146932d2cfad8fb9b3418f11ffa1633 Christian Neologism
   69 1ee621e1717f17377f1c369582be3c92dc1024c8 Olivia Brianna Euclid
   70 861ba88cbf578aed0494ab1145ac53afcdc985e4 Caleb Decouple
   71 ecedaf1d689579c9da9a8d420ac57497671a58b8 Avery Phonograph
   72 f6a3bcf9afa1f3adf99e642bd6672ba2866d405a Elizabeth Shanghai
   73 333a05346ee0e7a612d76485a231f3eb7e8b36d9 Ava Refugee MD
   74 85f03d624bfdc9f914413f463bee1c57658c4e9c Joshua Countermen
