Found: Lucy Peccary
Found: Aaron Locomotor
Not found.
Found: Lucy
Found: Gabriel Tone Esq
0
Found: Sophie Alexis Culver
Not found.
0
Found: Abigail Cabaret
Found: Lucy
Found: Madison Prefix
Found: Gabriel Tone Esq
Not found.
1
Found: Sophie Alexis Culver
Found: Caroline Roomful
1
Not found.
Not found.
1
Found: Avery Isotropic
1
Found: Eli Oblong
3
Found: Evan Thomas Baggy
5
Found: Eli Pollute
Found: Evan Thomas Baggy
6
7
Found: Gabriel Tone Esq
Not found.
Found: Anna Winy
Found: Eli Oblong
Found: Abigail Cabaret
Found: Sofia Dismissal
11
Found: Noah Snowball
Found: Zoe Leatherneck
Found: Caroline Roomful
Not found.
Found: Christopher Laramie
Found: Addison Quay
Found: Abigail Optimal
Not found.
25
27
Found: Arianna Reagan
32
Found: Christopher Kathleen
    0 075453feb14d9a882880abe8086a194caf7a33f2 Jack Voiceband
    2 8d4da196afdf9c22d38e04e5a8c4ca364c0d96c4 Makayla Inject
    3 0a6ca7a537f8a913b0e05873b8a76f4cca87a78c Brandon Telephotography
    4 431ce3dc15ab562347792a6b59898e42b1799450 Madeline Locale
    5 dbcea346151c70cee6c97b6d647c405c824f2eb5 Brody Anastigmat
    7 be3cf41b3d8c1bcaae9bb96e7e8d555c36d486a0 Aaron Locomotor
    8 cb1a1536cc06615efb7c2847087d4d17fa791368 David Marinate
    9 cc9ca69d124d89ef2df12b3ecc334dc57ed22c18 Madison Toil
   10 eba8421a2e574e371f6e0dc84d0618f4eb8f9b57 Nathan Myopic
   11 7073a26e7eceae9165922690f1594fd42131a933 Sydney Wallis
   12 2788858acddc4d98edf80577af72f52e86c25f9a Evan Thomas Baggy
   13 62b7d3a87d59f45e1ff9232b74f8a04b11bb755a Abigail Optimal
   14 dca938280eb5e5688dd0c983bffa5fde92d31eee Christopher Kathleen
   16 b075e810907882818f9d5fd78badefc1eca19d3c Lilly Connote
   17 286ea1faf5e98745cb63607032b67c6a55a7c517 Taylor Blumenthal
   19 d7aaf55b5cfc53c04b29664ce57bccb3a2d77f94 Sofia Dismissal
   20 55931e6e34e82e22d3708402ffdfcb07ad49ff77 Arianna Reagan
   21 deb73f24f869cafc6eb820ec2bbf452e297665f1 Caroline Roomful
   22 98e1ac257e578b1e7f749dc3a215bfef688e46ce Samuel Expellable
   23 59d411ee709a7ffc532a5fd0629c55ca0ab69113 Kaylee Quake
   27 39fd0b0b097cde230e8b1da4a9c8d78ce49b9895 Aubrey Implore
   28 563b56e74798635ecb68f76cb3b6fb1e0d7ae070 Tristan Spontaneous
   29 2ab96bc97a2d9824bc6bbd9e806b16537154c51c Sophie Alexis Culver
   30 9a349f8f96827fe898130df1dce85b2c3b7ebeb9 Avery Isotropic
   31 14212efcfdb300a6d8710f3418be45fdd797934a Wyatt Gossamer
   32 61d7650a84de621a8b92dea1d3dc6cf308335c1b Abigail Cabaret
   33 f4b446370d02a44e3e4d8fd88b4ba0fac577a9c9 Lucy
   34 507b92e1a4f0ec4fbc3cf4af7117a165b986807f Eli Oblong
   35 4b9996e6cbb449177e68da3dfdabe4074a72e97e Lucy Peccary
   36 17e688c08396f9ec865dc4ed8f4cad7bf92a9a8b Eli Pollute
   38 c28e4a7ff8da033f9396870d773705d38e67926e Christopher Laramie
   40 88c5512905b41cde8decb762e20ca34a6ebc3183 Anna Chilblain
   42 8f85af105aa6b6e9f97940e493e4400f959a14c8 Evelyn Erato
   44 8e001cafbb72825cef0f77bd4630d2167a051bd7 Grace Pta
   46 73ac2d4b668a8da34d44d8aa7769089eba17040e Audrey Boustrophedon
   47 8afa3452bf046421e4f50b1ffeb2460320cd000e Madison Prefix
   48 7ed48dfd55f17820455dd4f9159d3f40a9fa9a87 Alex Buoy
   49 2126f8ba7034be8ee8924e8387ea208d2bb9f25b Matthew Bop
   50 1798a9088e4ff5d2d613dbcc03c8885056570d5e Addison Quay
   51 9bc2db4e0d962e191f4ebba85e1ccd316800748a Gabriel Tone Esq
   52 32bc6eb85ab3e5b7707b673cde616148df264b8c Liam Forge
   54 bcd6ad5953852ce22d7015a3bdb39810735449ee Austin Coalescent
   55 827b3146fceb38953a2d655814913095445a5c6e Isabelle Tough
   57 9fbdee3f53c6799b407da8b785cbd4b4f8850f8f Charlie Incomputable
   58 f08674ec767b7be4c31a03e8f3c14a7459ce1f48 Gianna Flint
   59 0039acc5743f268d6450460b578a48243732b00d Aiden Usher
   60 c1ec1dc2d3d857120357373264414a973740f7ef Lillian Joke
   62 cc73bfa2bc307081615d6a0c2fb4d6412da8680c Noah Snowball
   63 10e617c092a1e1f0fc7e2f0ccffac016ba2b3d81 Zoe Advertise
   66 8c62cd43f4b88252e9ca81b070dad4bab011adb0 Nathan Alex Tape
   68 db442ad779e92918baf7b0417de75e5cc88a4de6 Zoe Leatherneck
   70 9a969c0bf05e05983885c0600fd0ed6087326191 Sophia Peck
   71 a40bed32b1f6c0cf85c4d6f2371d58f4868636f7 Nicholas Sumptuous
   72 916fdacb82ae4013e7c771346aa8595e4349d9ad Anna Winy
32
