Found: Lucy Candy
0
Found: Elijah Passage
0
Found: Elijah Passage
0
Not found.
Found: Michael Isaac Blasphemy
0
Found: Kate Taylor Lee MD
Found: Liam Forthwith
Found: Kayla Ambrosial
Found: Grace Dichotomy
Found: Grace Dichotomy
Found: Cooper Detect
Found: Elijah Tagging
3
Found: Aubrey Westerly
Found: Mackenzie Diploidy
Found: Max Craven
Found: Kayla Ambrosial
Found: Lucas Brayden Pummel
Not found.
Not found.
Found: Katelyn Vouchsafe
7
Not found.
Found: Jackson Buzzword III
13
Found: Lucy Candy
Found: Luke Adam Villa
Not found.
Found: Katelyn Congenial
Found: Max Craven
Not found.
Found: Jackson Buzzword III
Found: Maya Forte
Found: Morgan Affidavit
Found: Cooper Detect
13
Not found.
Not found.
Found: Ryan Malconduct
Found: Michael Isaac Blasphemy
Found: Amelia Sharpshoot
14
Found: Austin Tyrannosaurus
Not found.
Found: Paige Flex
Found: Natalie Aubrey Cutworm
29
30
Not found.
Found: Cooper Moist
Found: Eli Invitation
Found: Aubrey Westerly
Found: William Gone
37
Found: Henry Malaprop
Found: Layla Caviness
53
Found: Cameron Handmaiden
Found: Abigail Furrow
Found: Samuel Emittance Jr
Not found.
Found: Christopher Customhouse
Found: Kate Taylor Lee MD
Found: Brooklyn Heroin
Found: Max Pacify
Found: Avery Exempt
Not found.
Found: Oliver Forte
A e2b79c09a97112c37d58944fa68a5b91f0f0dac9 Leah
Hash table full
A 415039c49d51e088146867ea6a9a117cd3cefcc0 Elijah Fruit
Hash table full
Found: Grace Dichotomy
Found: Kaylee Impermeable
A cfefc0541c01ea21f635f7ce07bae71a8e25f320 Julia Manageable
Hash table full
A 6ddd377c96edff7b981a3d7d2bad5549ed02bece Jake Spin
Hash table full
A 3f411d43d77c72016637431595297ab4e7b1d1e0 Maya Picojoule
Hash table full
A 7b04917ed4e1d3db280370071708ce66f71b5391 Dylan Wotan
Hash table full
Found: Amelia Sharpshoot
A 255ff72d18b3d5f6a992eadb67c6f6173831749a Owen Chronic
Hash table full
Found: Luke Adam Villa
A 697773f56c625bda55cb2f7e7faa5068acbfd09a John Phosphorylate
Hash table full
334
A d5b14aed4212000688fabe5f2d9cb02e122c824b Cole Max Maria
Hash table full
334
Not found.
Found: Aaron Supervene
A c4711205a0eaf49dad3c1636ae3c4b8ccaffd967 Arianna Depression
Hash table full
A 5eeb1c10a78831f7002782ae37af88989e7e270b Alyssa Sunken
Hash table full
Found: Madison Raw
Not found.
Not found.
A 68b146b4851790de2a3a6966283ca02ceb600cd7 Ian Aide
Hash table full
A 5f65fc502aa0428a31520f504bb52200db0a3c49 Brooke Schedule
Hash table full
A d0d36ed77a6aed421231e07d553931f7136806e0 Isabella Taipei
Hash table full
A 20673fd437f2dab21ba7101b55ccc7c90d4d256a Elijah Annulling
Hash table full
Found: Sofia Trickle
A 08297c626a9bf0d409f47ec6a6e94c89334f0f2c Thomas Insipid
Hash table full
Found: Chloe
A b1807dd642ee995d9741fe023a517c84e314a12a Dontonio
Hash table full
A fe1e0be2c34426b9f80ad550aa3be1a0d2673fe3 Leah Redhead
Hash table full
A 03f39f8051e7b905b199c725d8b5381b977b1944 Lily Directorial
Hash table full
A d3895e8a9cc4df06216bcc0abc56e9c44db7d084 Sarah Diplomat
Hash table full
Found: Aiden Poetry
A 6f0651d0ca7b5bf4c489ba61d9c309aa8237f879 Savannah Calculate
Hash table full
Found: Aaron Supervene
Not found.
A e5800fccbc4ffcaf396edbf99818335e6c40d501 Victoria Dour
Hash table full
Found: Savannah Bide
A d711b407adfcca97298db7cb56e774126b283c39 Molly Detach
Hash table full
334
Found: Landon Chapman
A dc4031561fcff56cdd717f4a5489309cb1b7c50b Austin Dry
Hash table full
334
A 2d21737c6ca88746b66ce02c8cb31d164c774c73 David Piano
Hash table full
Not found.
A 54b99810a2eb4587f4d98e1f570c0c88db16fb8c Kaylee Alyssa Armistice
Hash table full
Found: Savannah Bide
A 0161f610ef222c3fe86041288ff70a1a24db3926 Charlie Andrew Arrogate
Hash table full
A 037af9ef761d09f9772062539084314260239d20 Chase Mess
Hash table full
A 333cfb4bae386310a62057a7ed6818bb26591d6e Hunter Woodgrain
Hash table full
Found: Kate Taylor Lee MD
A e2750dc798c70f88c69614d944c66fb54b958ee2 Adam Map
Hash table full
A 4e8cb61307f2512bd6a420967ba46d38f1a53888 Jackson Depend Jr
Hash table full
Found: Gianna Wasteland
Found: Landon Chapman
A 9927ae0a6f9985e2d7b71f501fd9ec57823b1d91 Layla Eventuate
Hash table full
Not found.
A 509128de804f31f66b8afab70abe01836f0c04bb Liam Smuggle MD
Hash table full
Found: Amelia Sharpshoot
Found: Natalie Aubrey Cutworm
Found: Samuel Emittance Jr
A 0465346b4239ab1e44773b18eb4aac78de95529c Zoey Bloodshot
Hash table full
A eee1715d76f517824c8bc85badb44ac16540a973 Jayden Cryptology
Hash table full
334
Not found.
Not found.
A 80e9989c00444e49acb791bebca617dc1dc87a7c Jordan Merrymake
Hash table full
A f314ea0aecab36ddb3eb27f001c5c21fff288608 Isabella Dumpty
Hash table full
A 2891132cd544e4c0d378a8807d70cbce3172a6d7 Dontonio Wove
Hash table full
A 9fe68f526883fdf505b0e838ac9ed84da0164f28 Christopher Cap MD
Hash table full
A 89aba51cceb542e3de01e6716da1e01ed35555f5 Anna Silt
Hash table full
A 8f3c17f8ea32d716b26327e5287b83869c23431c Brandon Synergistic
Hash table full
Found: William Gone
334
Found: Alexandra Chuckwalla
A d59935e72dd8f759e4e56ada733a39f3ccc0ba89 David Transduction
Hash table full
A 6cb1dc2c284bc61a40a85b61f3cbfef4e65ed4af Brayden Lonesome
Hash table full
A cbe4baec68c00b827d873a2533481b767b67e763 Alex Selena
Hash table full
A b044d2d55ffa65eafbcb2e6d3b54bb7a4c785ade Owen Trod
Hash table full
A 88d0a03ab24069aff69baf6f840f10b8ad5d337e Jake Owen Thorn
Hash table full
A 3ed4002f6795a96d5e1d9e09d11666e4a6aacbdb Max Buckley
Hash table full
A 9bbb14278c07e637eacd93193dacb7aab2133bde Cameron Imp
Hash table full
334
334
Not found.
Not found.
A 8a481ed3d9a8cb35e550ecbafe86798d1fe136f9 Mackenzie Phycomycetes Esq
Hash table full
A 2489e90232f08457044f8ca0cbb9008950313d6a Eva Bolivia
Hash table full
A f72b4a44502c1d9df955d52322274ebb209860d8 Charlie Oliver Asuncion
Hash table full
A e9c9c373c8e072287c7daa89557b13ce5e62532d Victoria Fluorocarbon
Hash table full
Found: Savannah Bide
A 8db8ad08bf031e9be1b47ac2a47045a6338dfb94 Dylan Voracious
Hash table full
334
A 71cfeb5e8e509d7f3ccf465d5f64a6feb2e51f18 Sophie Caveman
Hash table full
A 8adc0271f396b29d05733a1d0c7b55bb2c5fcb71 Ava Devoid
Hash table full
Not found.
334
Found: Layla Caviness
A d5aa74cc615c1f0a6b982f42e56a120c5f255acc Andrew Chess
Hash table full
A f06a0d4114399796152fc5fe109e1f1a7e3c13d0 Mason Illiterate
Hash table full
A cc2432606ddc14f67404e1a14c41e6893ff57c8c Evan Faculty
Hash table full
A 0ad183d54dcfadd35216bab4eb8c11f8e7f07b67 Charlotte Astonish
Hash table full
A d651ecb0ac28ff505a3fc171380f7059143ac8a5 Chase Plush
Hash table full
Found: Avery Exempt
A 2f217cae3c6f29d12aeffec415a8009252b4305f Eli Dontonio Phoenicia
Hash table full
A 576553d8bc0f55fdaddf1796f534db5dbde00f31 Julia Emily Faulty
Hash table full
Not found.
    0 ca9b94d85eab63211f97095a6da51d5f0cd84fe9 Isaac Martini
    1 3b2e9373ada90aee9bd82243733819cfd532b7bd Kylie Potentate
    2 5c007b534a04e79ffe06607522e09fcd44348c4c Michael Isaac Blasphemy
    3 389bbab55633ea3d2a5fd3a5530d22588dedecfa Olivia Infrequent
    4 5b32baf124684999e4f31c61661f95eb40646b06 Katelyn Congenial
    5 98c1aaa41b41bcc43d29ca61cec7b75e390fcfe3 Cooper Approve
    6 625e8d13505e690827e03ef0a727630f32ff4580 Sofia Audiovisual
    7 56c497d7ef7bdacbc0b397b46c9e0e1d90041dbb Sofia Trickle
    8 6b6cf02886a559e05c5c221cc38788815b373cc8 Elijah Passage
    9 e36eb6dad9b538cc6019e623de78fcf27193f007 Peyton Medici
   10 513de875e9e25ab75aee783ef40f82fe7bcebe96 Max Craven
   11 8c08ea1bab413fb46cbb7432886f9087eed35bdb Katelyn Vouchsafe
   12 32cec35f687ff7791e7cdc383ef38fa5d644b38d Connor Arachnid
   13 3f359d0920054b579c942d0e88334dd7db05ff45 Maya Adrenal
   14 3f99322fd779d06473bb5b8ce1c2817bf1e5afa4 Ryan Malconduct
   15 918ae153c32c5f7816b625c25cf49db32788a355 Allison Beforehand
   16 34a9d1c7712a44ce5ed2872b9441edbc4a1faafe Max Pacify
   17 6aee52a2295afa03635cfd5ab8b0da322661f577 Aiden Poetry
   18 d87e2e5844cf331f783e3910af6799c2ca0931ac Lucy Candy
   19 8316ef560d1649e489547abc12ec3ec3194d7f6f Gianna Wasteland
   20 fa1fc6aa456539493505791d09951270cd6d539e Aiden Knowhow
   21 06b658badc3e6f16ed08990b3a3681458a0eb02a Chase Plead IV
   22 a81c156d5a6c687e5f2a1efb1e06057dacb00ab2 Liam Forthwith
   23 604b8626708e0bc8ca7ac37bdcf18f7b4745dd41 Xavier Poplin IV
   24 c3536cd87f40f875352c2938b79137c9c6c22c5c Cameron Handmaiden
   25 7bf071fbbfce09f293873a3fbd257a6d37a3ecef Evelyn Verbatim
   26 90ca0069251ff71e632c0abc99c0252fa5fb3124 Madeline Evelyn Jackdaw
   27 e3bf007deb61cba3e08de90c9e620c64b2043c0d Alyssa Looseleaf
   28 b3fa6d215fcdd305c4cd35160105c85cab3b5abe Alexandra Chuckwalla
   29 ce7546c6b08575b0bd878ce0a98ad4773ee4a2f1 Chloe
   30 f7bcaa164d4825910d62969b9b536245cbabc3ea Paige Flex
   31 01b082b8b967f115368ff7533f817fba6e9d7a0d Avery Exempt
   32 639755e7583fcb6f7cc9b24592541d6f872a38e7 Cooper Moist
   33 81a8609bc0684b9b26d62044713a48bf8b7fcc5a Jacob Jack
   34 b58081ac09cb3f8ffbf092756b41a7b382b458cf Alexis College
   35 8f8078a3706304fd75ee563bf10b2650a7abe86d Layla Caviness
   36 2e8ec70e078be68f5a44f256096c3734438f5caa Aubrey Westerly
   37 a83c21ffae9978d4295e0b635e211915649659c3 Audrey Committeeman
   38 1cd8bf593a161096a9fbbd1f9d32e27040506840 Alexandra Lilly Impersonal
   39 f9306870b519c8dae650670125ab77579d493bbf William Gone
   40 99c1a6903add20a9ea01d58b894df7875503d6ae Luke Adam Villa
   41 54ce016ebe0f1c81b7270b51365a74a3a8eeb9a1 Savannah Expanse
   42 5a77466fc1c2b18f07dcbc9f4010ed749e06a6dc Lucas Brayden Pummel
   43 cc2d4e14c7239d937c64c3181831f8613c89e56d Abigail Audrey Unit
   44 4862fefff4eaed65da518b63d146e357fa37b1b6 Amelia Sharpshoot
   45 4631ac15987e0ffbf0110e0324f2267f6ae7b693 Samuel Emittance Jr
   46 272dad6d75a5c4cfb68183f0b21602f0d851b3a8 Mackenzie Petrology Esq
   47 693dba5ed645da62224c1a492da12e83fec08307 Grace Dichotomy
   48 641e4176765a4d9b7959a6439d1b22cc60f0dfb5 Paige Age PhD
   49 9475d2c864c8ec0287bc7c4b9b7911288ed04a03 Brooklyn Heroin
   50 086541581c0e8672faf3f37b1406fd7447e8dbec Dontonio Halibut
   51 54cc4beeafff895e6716a7faee654ee453de3f9d Oliver Forte
   52 df8869ebab43fcb7001842752e6df8f288508542 Parker Titmouse
   53 d38eca142d57d67b8bbd0222e601d486d05fb435 Parker Omission
   54 b6498f84b40ab1954c9d5cac0909b4e568a6c14c Abigail Furrow
   55 05e3cc63dd83ead4da546ac0e2f1e1147b518857 Taylor Responsible
   56 a9855774a31ca9c494bc1294c6a626fe7bd17d9c Cooper Detect
   57 b4e1862c1211814f592c80642e62840422811179 Madison Raw
   58 621b4caa60ae5ec07e4491127763379cd81276f2 Maya Forte
   59 1b4bb81b0e1a7f4f78ecf4a672959d14b33d5037 Aaron Supervene
   60 3f6ae022217aed5511289657bd60102b89c96f8f Christopher Customhouse
   61 768839798e234149c746e0b24dba9a6369bfb5c5 Lillian Grandniece
   62 bc58d961510302a4241c849fa3aa19b9a7231a1d Madelyn Sunnyvale
   63 e452f82792ff5f21792864fc4f7b397c45fb775d Grace Globulin
   64 3fdf7412ead9db651597a2815344d1712e6afafc Henry Malaprop
   65 65b9e781e9feb5a010e23a6923c886193f7554ab Allison Book
   66 b81d5fde9ee4f0c2da5598dbfbff423f94d48e40 Ella Incautious
   67 948151a51b03ac28ae4f273d008c2c7ffd750cf1 Nicholas Precarious
   68 7c48608bfcd68d7289b216c68d8689e06827089f Savannah Bide
   69 a845b21f78aef32096be66ebd518f4e4c9818bcd Morgan Affidavit
   70 c91c843e1d153a74c1c3639fa5de3a96d83546da Natalie Aubrey Cutworm
   71 940ff2b2245181db36a78987d1276d4d25818375 Savannah
   72 b096f4d6904386f08d1955dceac848b3001ef35a Charlotte Bugaboo
   73 293a8199517d18663c1e1f574c61591306897065 Ellie Thymine
   74 7cb287fbe7fc0fe1e5673d4b20665f728ab92185 Austin Tyrannosaurus
   75 18180bfa46ba78bb0a087d4e0bde73b7203f7ec3 Savannah Lymphocyte
   76 aaf70577bc2816846b05acd7917dfd2913274eba Natalie Sortie
   77 527d2f955799bac0f83897af2e1cab0de082ad8d Landon Chapman
   78 e228761162ff427e17277a49ea456422929c86af Peyton Phillips
   79 88b232bdcf863beaf9e83e53f2ffd08e001f1d1f Eli Invitation
   80 3113a3744c1727e39e06bd47e02165fc7b81f6f8 Liam Ongoing
   81 a7b9632ee77283c9122094f859a5b32cc2d8fb7f Kate Taylor Lee MD
   82 861a02d4f93643ac5f925fe79ef96e93db95bc24 Jackson Buzzword III
   83 3c5536cb781a5509fc05f5b8359477e1446979e1 Molly Thrum
   84 0026483b268b07e82f3885ce391e347a0caccaa6 Kaylee Impermeable
   85 b783f17bd0255eb927ac2ad8e7297365350568cf Kayla Ambrosial
   86 ae2eb462af01162af8a0e11b1ff6c2b8d06646b7 Isabella Repertoire
   87 3e2e116976570cd57bd093284bb84c6b7969e8e9 Elijah Tagging
   88 4f11e966f448f0d9862e0d3106181e1b81cd68f8 Tyler Winkle
   89 21576fc20c500ae0b0b9fbe619361bbeb0642117 Mackenzie Diploidy
   90 ed65e616aae9be092a2be1bad55de8267a54caa8 Alexandra Hound
   91 283c70ccaa4f67d8edaf171015bb7603a7694cd8 David Jacm
   92 5b482251dfd2f340706a712307e74a55360ec9fc Connor Wale
   93 8bfb175863a03589713f09d7087c32c8b4d62dc3 Jack Cole Skate
   94 8a8372e6f8b70a789a4e5f9ff8cdac6b1c418118 Caleb Couturier
   95 a622c7696ed0ee4444beb850dd3224b4fa377fc3 Victoria Pauline
   96 c434a3a55aa0d823cb8db61c66ec183c7d6724e4 Hannah Victual
   97 ce759db921723f2a5880edabb2876434eb8b75e5 Madeline Axial
334
