Not found.
0
0
0
Found: David Chauncey III
Found: Dylan Rhodonite Esq
Found: Dylan
0
Found: David Scenario
Found: Caroline Madison Wove
Found: Michael Quadrennial
Found: Cooper Surfactant
Found: Cooper Surfactant
Found: Dylan Rhodonite Esq
Not found.
Not found.
0
Found: Jake Zambia
Found: Oliver Patentee
Found: Ella Antipodes
Found: Avery Pogrom
Not found.
Found: Ella Antipodes
Found: Brayden Fogy III
Not found.
Found: Ella Antipodes
11
Found: Oliver Patentee
Found: Alex Bread
Found: Isaiah Pessimism
Found: David Scenario
15
Found: Charlotte Warmish
Found: Dylan Acreage
Found: Cooper Surfactant
Not found.
Found: Charlotte Stiffen
Not found.
Found: David Scenario
Found: Gabriel Exact
52
52
52
Found: Sarah Maestro
Found: Victoria Lawgiving
Not found.
Found: Wyatt Name
Not found.
151
Found: David Scenario
171
Not found.
171
171
Found: Wyatt Name
A aaaede4fef412a2b94c2981da157a1e75d955cda Jonathan Hanover
Hash table full
A ce2cc98123be7ecab15d32b37a09e2b1cbe6a272 Lilly Chunky
Hash table full
234
A 230d37d49939621450c0e14e8836cec40962eaa2 Brody Populist
Hash table full
A 76afac7767c0eba40e2f6431d3253df4948df448 Gavin Rochester Esq
Hash table full
A 70c84df95ddab380969a9541c5cd1849647dfc5b Mia Racketeer
Hash table full
A 87a452ac695ea445de1f0476a073da13bf446e34 Leah Pax
Hash table full
Found: Samantha Fluctuate
A cf3da8d2c20f6898124051fee4077fe560db15be Gianna Charlotte Forage
Hash table full
Found: Parker Revocable PhD
A a0601d85c82786944ed3ca305b8fd3143cafef95 Blake Semi
Hash table full
A d77e0bbc52a982825b57cc51e41dc9e73cd2562a Sophia Languish MD
Hash table full
A a0d1b0f8549eb4f63a0b75f0d286dcad5dcf8bc9 Carter Reflectance
Hash table full
Found: Isaac Luke Incombustible
A 9345ca9ba888ad93c379a316d1b67f016d28a8e4 Henry
Hash table full
Found: David Scenario
A 048804aa122030ce56d5df1bd562dd14aa819e0d James Serenade MD
Hash table full
A 3d4f1a1640b21d7766c2ac310835e543fee1a637 Cooper Forgetting
Hash table full
A 348ab6b48c1d39d36bddb7d0727ed651d2232592 Gavin Stirrup
Hash table full
A f2dc5805b6cbc5b855bf6f77b1d0c1336316a494 Joshua Budd
Hash table full
A 4cf89a3d0d3516f3d8e1481403f5a69f43096385 Wyatt Parks
Hash table full
A 650c6fe02750780d2f22f11451ab013cb89d46da Kylie Lane
Hash table full
A 227c2b140eef81832d9bbc5496bb90a25f19815c Jake Acquaint
Hash table full
    0 021eb30539086c2ffa144f41d164e3c82342c0d1 Cooper Surfactant
    1 6e6b70a2f6507524e262c9c4e8d07e68974b9b78 Alexis Coauthor
    2 d79a6dc65cda425362458ad3b837f34456232eb3 Parker Winy
    3 da6b6b3b4c90bee32890b63d26563e9a0639ae8a Ryan Sacrificial
    4 f8a779c055fca7eb77c01697a621b2058911cf13 Xavier Logan Phosphine
    5 4c60cc33f93387929a18b4358e31ce15a3cbb9dc Jake Zambia
    6 3e3148803704442248a9019b2b6f2478196a60cc Cameron Anisotropy
    7 202de4016c831f5704133d1af7409487f6f371b1 Oliver Patentee
    8 3928fc84b07967fa204ce6b2f56b13b04d8e6354 Julia Aghast
    9 58566803116f22eaf8cb23241ccce2fde385a65c Aiden Jules
   10 5abc2ab2eb3199a3694e375fa1498dfb09721ba9 Parker Revocable PhD
   11 cff79b3c97b1c322f5086d3444c773f62276fceb Samuel Carter Insipid
   12 cd683dd783266e399be3ec405aed6cd362229eec Blake Trenton
   13 e04fe6579b51db31138b5e67e256390ecfa6f29a Olivia Minnie
   14 773a16d87d3983916752a979c58fe3d35a36e284 Chase Minnie
   15 51804ace74bbcc898260ba8d16283228f75bf2f1 Mia Giant
   16 416a2d92d038bebe74bb00e0b427498dc8472290 Alyssa Omitted
   17 2f4c4df05de0f04539ff45dfec4f2438b39456c4 David Scenario
   18 62512fe2458748a929e0ceb8b022c841f4773a89 Caroline Audrey Application
   19 5d209a08fb34a21542fd66da03d0adaff8b0a589 Aiden Caleb Apathy IV
   20 552ffe74d03bab059f45845b517fddac8a58b57f Sarah Chuckle
   21 24ccedce48c271a20b8602583af139ae697eb7d9 Wyatt Name
   22 048bbf5b21ddf2166454c0849e951a03f7e07b1d Brayden Fogy III
   23 7d936d47583f7641e8c14a55bde03f030573ba86 Isaac Luke Incombustible
   24 d9d4030b4173d996d9f51a5df057f9eba6bb85d9 Cameron Peasant
   25 b6dd58fedbe5f88e832c21e0647383e9f7ce46f3 Aaron Creon
   26 5c0c2acdc7d710dc502ad689cbaaaab6ac8f1a31 Avery Pogrom
   27 42712e411a54c695458abee59208b23d548b883c Sophie Euphrates
   28 b282f7aa678e3a74bb53c189a4d709d5420bb03c Madeline Impetus
   29 5125cefb12cf1675233ad84a2e68475ea34a2dab Brayden Possessor
   30 87d1b2febd0ce52e32113f654c60ce569b826990 Alexis Taxpaying
   31 001d6338b3234a2672a76b8d926083bf2dae9735 David Chauncey III
   32 03c10223f4d0aec39872325553eef989ebb186f1 Sarah Maestro
   33 7964c1a5340bd92cbdb257162d023429a9e2e2ee Emily Hermetic
   34 a94ec075475dccc8c32e8627c9084db8a22ff968 Sofia Slowdown
   35 3e545f50a5162d5a2877140b1c1b96dd00cce8d9 Alexandra Gabriella Revelry
   36 f6dfc965d37f29cac0be9ba376f3c7eeeb172c96 Christian Exudate Jr
   37 5893a5a60db88527ba663a6e6d28d33064a5c7f0 Jonathan Ali
   38 8e9951b09a3e67065588f9b485154b5036ff5c42 Cameron Demon
   39 2dd6421a6cef94b96c32f5de19efe294c1f6b27c Morgan Introit
   40 c37669f5aa5420c53ba3cfbb7d72b805db2ab389 Alexander Famous
   41 f70cccbec988ee2bdf92e951cd4f2a72daa9b75d Mackenzie Woodcock
   42 a074dbe8a06c789eb840b99f4d8795e0d732e97b Michael Quadrennial
   43 d85be43231f9ae9554b6fdef74de1c9b83e38b9e Dylan
   44 9f623b7f04cc7b1d670901182201cc79fdde665b Samantha Fluctuate
   45 d59e6f950d1913e25bab4a0ecd385008d02bfb4d Charlotte Warmish
   46 b77a80cbde45e9a0f2ce3907b8603a3dc12c69c2 Evan Citrate
   47 dfd34ae007d2785ab1182a3fe7cd825a7a944b9b Dylan Rhodonite Esq
   48 644834e69d8b3a917a3321dd592cb02382375e13 Christian Temperance
   49 95d8c9f26abd4ea2808bfc7f0861ca7af6a3a1bd John Aniline
   50 60206420050df43bc4f4594d59d47cfa05911f88 Natalie Hierarchal
   51 30c41d4171bd23813a43e2753904c092ee102805 Luke Niobium
   52 1d1f33f59baf21d20a5fb7cf6fac232dc49c6d38 Sophia Viceroy
   53 b25dee43494e9cf16ad4ef013e49a4f37a9949ca Austin Immersion
   54 ad0e9038c23a8c6c5e63ef6a30a407bde4f719d2 Charlotte Stiffen
   55 a1e7dfd73c2675bd5fa1d382b3c26fde91cc2bc2 Ella Antipodes
   56 e395d9eaedc11ea2625e5694fb37e9f4dba02422 Alex Bread
   57 e80652a58bf556ff21f45d78b59c771911beeab7 Victoria Lawgiving
   58 77da0919a70257842399ec32a4fbc447e259c749 Victoria Waco
   59 7db280a750473752519909e9e607ee492e698b13 Caroline Madison Wove
   60 0bbd0a58df6387dfa0ab9f5c8c2132926871169f Isaiah Pessimism
   61 31c3b2c8dc7d448439afc92ea84b6dfe0fff1b94 Henry Pollutant
   62 2da4be7522803636540aed920a470c5951eec57c Thomas Exhaust
   63 e24e7fa84e16f3a49dd2258e19edc95f4ae4452f Gabriel Exact
   64 ff7c0812040cd06cb97f3b262ff3a7f24901d8e4 Dylan Acreage
234
