0
Found: Elizabeth Tenant
1
Found: Isaiah Syllabi
Found: Isaiah Syllabi
1
Not found.
Found: Sarah Dug
Found: Elizabeth Tenant
1
Found: Joshua Peachtree IV
Found: Olivia Novo
2
2
Found: Carter Monitor
2
Found: Savannah Watchdog
Not found.
Found: Aidan Lanky
Not found.
Found: Wyatt Bulwark
Found: Max Noah Pap
Found: Chloe Tomograph
9
Found: Savannah Watchdog
Found: Elizabeth Wait
Found: Caleb Placental III
Not found.
Found: Savannah Watchdog
Found: Victoria Hailey Machismo
Not found.
Found: James Grandiloquent
Found: Olivia Protein
18
25
Found: Alexis Clement
Found: Dontonio Sideman
61
Not found.
Found: Victoria Horsefly
Found: Jonathan Chamber
Not found.
87
Found: Jordan Begotten
Found: Thomas Math
Not found.
Found: Tristan
Found: Tyler Tripe
Found: Caleb Placental III
Not found.
337
Found: Brooklyn Rumen
Found: Brandon Alexander Boo
Found: Mason Bestial
Found: Samuel Tentative
Not found.
Found: Alexandra Alexandra Clung
Found: Jacob Truant
A aa13c4bf9598a0f536ebf150196ca6c71b471ceb Kate Madison Cookery
Hash table full
A f70b8198ebf19cc79faa713e9ad46e8ff7b95f35 Addison Fundamental
Hash table full
A 746c2a26801844cbae16d69976b09432b4309950 Allison Inbreed
Hash table full
Found: Olivia Soothsay
A fd98f1dec3576fd69667f56c0069b55bca95d7af Henry Cooky
Hash table full
Found: Jordan Begotten
A d6c5bf6e163c4982d9a9c21a80f85a39744ac9d8 Max Prosopopoeia Jr
Hash table full
A 66f5dd033a2fe7bad5d684de7307d1f09ebd649d Elizabeth Stethoscope
Hash table full
A 3009cf7d1e251fefb21747faa80975dae76ac98c Nicholas Handcuff
Hash table full
A 86b57dd8425a220e0e86b416555b971f317be232 Cameron Jag
Hash table full
A a3c62b9302421dad3990107176f9382f62554041 Alex Flagrant
Hash table full
A eb6164c0f58774e6e54f9839af36f25f316c381a Taylor Julia Emigrant
Hash table full
A 274e6375d658e249a99ff4d6c161de89f8bbee74 Jake Fluoridate
Hash table full
A 5d0961d84d35021a94cc8697a6ba20579223b44f Morgan Method
Hash table full
Found: Logan Ellis
552
A d70403ddb799d71e505dc4f90f402fa83c0c1aa4 Alexander Stoop
Hash table full
Not found.
Found: Isaiah Syllabi
552
Found: Samuel Tentative
A 555aa083f5b8110f69b4ecbf0664b80e648d184d Carter Ethiopia
Hash table full
552
552
Not found.
A ac9220dd228e371a28983511f7fbd6a53e3b29ac Sofia Jiffy Esq
Hash table full
Found: Kaylee Sophia Dabble
A 601ec1883b36f6292b1fc642624be1234b1a1546 Hunter Dormitory
Hash table full
Not found.
A 9cf0ce3c019a02fcd284bbf3107528fa350d80f8 Jayden Grain IV
Hash table full
A 4537c00a92001f13202ecad23584f4ed351ec21c Kayla Lanka
Hash table full
A 715522b171c4ede1e313984db13224df2e55a043 Eva Turmoil
Hash table full
A e5053a2050588200e4624db228b948cbae8c19bb Isabella Adulate
Hash table full
Found: Hannah Sprue
A dbb3f173c4ef33a8bd2b0055f9ea56c54c1fec52 Wyatt Cambric
Hash table full
A 87f9c8bf788cd3fc0bf0c010830db5faf697b2df Lucy Danielson
Hash table full
Not found.
Found: Olivia Protein
A 0584b713188d57bf0720c324b3a3e7546e141ce1 Sarah Abetted
Hash table full
A d4943e26853225be9f6438eb3704b6e306b6e5b6 William Scorpio
Hash table full
A bc24225879ea8dde110f3c2a7610d9228cee2a21 Sofia Berkshire
Hash table full
Found: Leah Dnieper
Found: Joshua Peachtree IV
Not found.
Found: Hannah Sprue
552
A 7c91d19e7ea9e8f5a6be35f3e674c30d74ae1f91 Samantha Luke
Hash table full
Not found.
Found: Elijah Julian Flap
A ae1c534af771ebbca7643c42d2d76371d9c98a25 Brooke Amorphous
Hash table full
A 1db84257a5e50170e8c5bc7cde902e863fb9c851 Oliver Logan Monoxide
Hash table full
A c90f3b01cf6750029da0afb216b66f0dc8039bc5 Mason Digression
Hash table full
A a4e81ccadd1c4d21c661697d161e3d4e6486af03 James Noah Eigenstate
Hash table full
A 677e84108ff631938889f829c2f82b2077881732 Nathan Tristan Driveway
Hash table full
A 2dfe52f13157263713b3646aaa22fcc12f9b57f6 Lucy Manservant
Hash table full
552
Found: Gabriel Worse
A 644f04046b6c9851bf471820bc5f2d1944e0306d Parker Beheld
Hash table full
Not found.
Not found.
Not found.
Not found.
A 80218aa8445d0c363fa7547e752d8fd25b71502d Arianna Hurricane
Hash table full
Found: Bella Giveth
Found: Elizabeth Wait
A 5d735c3bff3859e12a0d5b9d7658ba7f9064528b Aiden Abuse
Hash table full
A e5784446aa1c96d97df85699a69802a293852ada Austin Crayon
Hash table full
    0 b2807082978a8b19f25ad86ef9fe358b6fa7a57d Elizabeth Wait
    1 a4c42c42b15febeeea6f257e4e39917ef1d66bc3 Thomas Math
    2 19b8b3de8f3a6979de02a3671bf6e4fcccd5de22 Elijah Inflow
    3 8b88111a868b2ea75eb4dd377965ebae244e278e Olivia Hoyden
    4 cc35fad5c8351ed9292f6c000ae73095e74a2895 Julia Pretoria
    5 db0a7a2548f0532e261e9b42c450719fddcccc31 Christopher Havilland III
    6 564bec072f8baa64c79c038384fa8415c850ab1e Zoe Salvage
    7 544e715acf56c4fe2d5e991932625584229dadb9 Samuel Poetic
    8 1255d38b4b794c7d2774af29743ae534419c9dc0 Eva
    9 76762c9c1605b89930fdba8b5d6bf2190b102176 Jonathan Chamber
   10 7ca372cb2fa0de301e20c375a231ab95ecbe325f Jordan Begotten
   11 a65ed466d5775c5fc3679daaa3b182eca0967ea2 Brooklyn Rumen
   12 a9107d245aa0b96b7cbb23cb8b21d3437f6c9f52 James Grandiloquent
   13 9674a4ca060659ebf803821cbaf44df194cb79d5 Caleb Placental III
   14 652b0c8341596b10e30c009b7af4ad9ffe035af5 Elizabeth Adam
   15 aa34a4e67d0d630e437de4c6d75efdb737e033c5 Zoe Bust
   16 fe4c3a7a62ccfbbb05d12efc08d56e8ca8ed51d1 Bella Giveth
   17 9801aacce831e3fdb41d67b6964a120c4f28197c Elizabeth Tenant
   18 db96eac63d56aa978f7918951b07872aab9e35a6 Aidan Urbana
   19 6debb6ec99ff28ff5be763235ea561979b02f4a6 Alexis Clement
   20 773f10ca1c9ce297bbb9c118bad720d56cda515d Jacob Signature
   21 fe877b4e40a7378ce5d88ea99c40e65a8d955903 Samantha Shovel
   22 c72608d381ac22f7956076b10797474729bd5a48 Tyler Tripe
   23 1bd02d492c46700047607f303b9a7539827e6c96 Connor This
   24 a4692eacbbc746c1684b333b9d28a988519d90f6 Eli Coercible
   25 7e86fe3b5c5594807187f96c192c2517ed37b0bc Paige Ingram
   26 fa4c99c2b08eb81d533fc6a44fad65805751d870 Joshua Concomitant
   27 94a481efaae2bd98f26c5c9f41f2086eaae214f0 Kayla Participle
   28 12139c6f6a225c99eafe215be5d61d823bf327b0 Amelia Dixon
   29 7a23d3729af51cd27c57bb9fd0ed201f4a8d3e81 Samuel Tentative
   30 da5204de9976dad7bb3665c1815fb8d8ae01d8e0 Victoria Hailey Machismo
   31 55ae8fa7d058ad91efb3d65e493398960a290af8 Victoria Horsefly
   32 0f22de8f5d9fd8a4060b66725033931b1a410f76 Aidan Lanky
   33 1e1e694bd45dacde50d2171110a96aa9b7365b9f Savannah Watchdog
   34 937a7f8c4b8c691d244c217972db01e890ed2bee Sydney Hardcopy
   35 a21388596c80fc8e8995eaa98fce3cbd37e642b0 Mia Eureka
   36 483840c20a93fb4808ae74ff5711a5b9c05f4b02 Zoey December
   37 b2891ffdc65b047990c70ba06b770962bd77f0b6 Landon Mahogany
   38 3f880161a520c0a7b42d55786b2a6fed801ab78b Sarah Dug
   39 da2a2c412d2a19dc7081573e4d117a6d3b6a0407 Blake Breakwater
   40 1ec189623d8c551a17b0787b367ebb996d8e7503 Alexis Propos
   41 3974019ae9d48193f4f0bacbdb5506055155cf8d Olivia Soothsay
   42 3cce3e37a974f0fbbda2c29d4ad437fffce6eef0 Brandon Alexander Boo
   43 5560864d8dd9f72fa46bb22e8fc9a55ce8d057c1 Nicholas Homebuild
   44 0df10426075063757caa6105553b4388a33535c1 Nathan Paulsen
   45 199064baece1c30d2aade1fc69231c69d55a3606 Tyler Affectation
   46 fcfd35876165624d0421fa3677a83403c41e0166 Tristan
   47 eff0dcc5c39e510a4ef8d9cf7ac70479e6ced225 Olivia Protein
   48 8468a3a16ed72bbf4d5d120dbfedb81e1afe45ce Evelyn Savannah Acoustic
   49 36ee83f47171e0a8200dde418681252b5d28ab98 Joshua Peachtree IV
   50 95b57bcb960def480b6a79f2fc86b09f6d8cb4fd Isaiah Syllabi
   51 4c96c7d183ba07492b31ba66f1b02e9cad545127 Mason Bestial
   52 fb974f07e1ee49044ce1192a5a00fdeaf91672ea Allison Defer
   53 7f22fdb94cc7d6e92c571e51075c18bca923d0ba Jackson Gladiator
   54 c640d54f49a9b97150b8711e2e862610bc279c95 Kate Pagoda
   55 2e1266a9389b3f1a4ded50d6c527f630646a56bf Jake Czechoslovakia
   56 74b47ed806d39fd9d8cbb3adf7bf2e26f977ac8f Max Noah Pap
   57 572d3dda4afa705bae972169f4108c3d72eaa424 Grace But
   58 5acee7d4131591e7dec63a47451010fac53a912f Olivia Novo
   59 f7c9d173fbcf254aff8ce5181db7c849e4c08438 Dontonio Sideman
   60 1b3146fba13f4ca42a71c6e3d82711d9775cae43 Elijah Aleph
   61 7ff467a13e6d736df3b18079745fb0b33653891d Alexandra Alexandra Clung
   62 57df8df670c0c1f2ab3acf06a5e21dbe6f6a4bed Wyatt Bulwark
   63 0083ef930dc6803b2dd20dbabf499d18a1fc96f0 Oliver Circumcision
   64 77833a26a89a0aa2107a09d80682bf7d15a6dd7a Eva Adobe
   65 d4766f86090b510b94ae9af33b7147caf95b23ce Sofia
   66 089f2a78488e214367a7795798f38b09b27588f8 Elizabeth Inveigh
   67 c0a9d8b677130275406b2e9a94ada183a8b491bb Landon Anteroom
   68 94e0f8bc7c0ead9c1b9cb9d9a0b6b2a07504e812 Chloe Tomograph
   69 a8f48b5fd1a6fae74893af10f63e669d9a1c052e Kaylee Sophia Dabble
   70 605b39284fca1a6e6d73795781639f58805f3e28 Gabriel Worse
   71 b9b59ee3a1b9e1cd336b8a0e4f72b1a0c6d9dbce Carter Monitor
   72 db38bd3ce4ca3f67f15057b8078ec95c6b4a0d87 Elijah Julian Flap
   73 b76e8452438c7c41148e1fa9665d194a4bfd15be Lucas Alexander Satin
   74 5db1791627775076acc8c9f420ecd654ea4773a2 Hannah Sprue
   75 c1b0e6cd4a233d8529e87d7c6949dcf5933cdadf Gabriella Colombo
   76 c40db354616688ed535a340dee61cce16e88ad5a Isaiah Equipping
   77 618676ae593fe59cc6504372563f06de8cbad628 Leah Dnieper
   78 c0ef4cfb5a11d958fbad75ad3d546a19f0131f86 Logan Ellis
   79 458ffe05789e9760e97caecf09fb4867e79269a4 Jacob Truant
   80 4bc9eb6616ae273781bf830ca080b3e2ee7d6734 Bailey Cornucopia
   81 71dede4502afab9123f9e9b30d3f7d50101a5c48 Noah Phoenicia
   82 15c512066944d2be967c63a5576cf4f970e937e5 Eli Coypu
552
