0
0
Found: Avery Serviceberry
Found: Austin Deprecatory
Found: Isabelle Gory
Found: Brody Bypath
Found: Kaylee Kaitlyn Calais
0
Found: Taylor
Found: Addison Cock
Found: Brody Bypath
Found: Avery Serviceberry
Not found.
Found: Blake Knobby
Found: Brandon Dontonio Malignant
Found: Katelyn Vivify
Found: Tristan Pacifist
5
Not found.
Found: Samantha Isabella Forthcome
Not found.
Found: Lucas Doggone
Found: Blake Knobby
5
Found: Austin Deprecatory
Found: Brody Bypath
6
Found: Avery Serviceberry
Found: Katelyn Transversal
7
7
Found: Evelyn Stream
Not found.
Found: Aiden Dementia
10
Not found.
10
10
Not found.
Found: Mason Greyhound
Found: Brandon Dontonio Malignant
11
11
Found: Aiden Joseph Peacemake III
Found: Katelyn Transversal
11
Not found.
Not found.
Found: Benjamin Splendid
Found: Layla Took
Not found.
Found: Hunter Feat
24
Not found.
25
25
28
Not found.
Found: Brooke Glued
Found: Joshua Herculean
65
Found: Cooper Henry Arteriole
Found: Nicholas Seder
Found: Eli Cannon
Found: Cameron Guernsey
Found: Grace Piano
70
73
Found: Wyatt Pakistan
85
Found: Aiden Dementia
Found: Charlotte Confiscable
Found: Katelyn Vivify
Not found.
Found: Riley Inflammatory
Found: Lucy Royal
Not found.
Not found.
Found: Austin Deprecatory
A df0e8d2cfe5ddb9408c5471a6d1332d92e863262 Luke Continuous Jr
Hash table full
A c6995e6d92d72eff08454c3510bb672f6793b43d Allison Titmouse
Hash table full
A de51968cc047fd8541824744bbc1e3ea2d629345 Sophie Harmony
Hash table full
Found: Brandon Evan Allegate
205
A 84672e6f0b1eeb1fc401cdabd19f63f51c39841d Allison Silverman
Hash table full
A 63d75decaaefa616e5c0155a35b85d768c078ccd Cooper Winslow
Hash table full
Not found.
A 53fb4aaf846d91b245f859e396cdacdd99798e5d Charlotte Nucleus MD
Hash table full
A d37561520ba338dc42e705ecd476ed564444bd17 Samantha Iconoclast
Hash table full
A 3fb293a31ea00e5a2b825f11b5340999808536af Julian Gnash
Hash table full
A 2438d3ec6abdb11890903f4b17f008c02fc93df3 Ella Riboflavin
Hash table full
205
A b3ae2acff61f6dd67cc263924b50c9b7893c6f32 Mason Scrapbook
Hash table full
A d33ef56a6de6981bfeb5f5da729d024c897c8591 Xavier Cpu
Hash table full
205
A ca7f15db62977b447eed90902f111093897619a3 Nathan Shot
Hash table full
A a483634b2a506bc51ca01df73f5e32c13dd385fd Molly Ignoramus
Hash table full
A 412f57f09558ad82f1542d0439c596ee028d6ca3 Elijah Faith
Hash table full
Found: Brayden Babyhood
A e032dfb342232ad224e152c46ab37ca1c47efddd Christian Hydroelectric
Hash table full
205
A caa7fa93f9a5f7483e5bcc06f766aea6834e0200 Samuel Bob
Hash table full
A 06f4c49e5987c53a973d00a16ae26c02b0707001 Brianna Ahmedabad
Hash table full
A 4f827fcf8a92781195da1912b6554701776c0cf9 Olivia Nodule
Hash table full
Found: Lauren Legible
A 43a4b18d4c8453d16a6b886e7af72e424155eb0a Benjamin Nutria
Hash table full
A 02a5c875288cb4ea40fd15803adba5fe395a5173 Savannah Brindisi
Hash table full
A d8dea529c9f4836546b8e7625e7f827fb55a8e3b Isaac Sinus
Hash table full
205
A afe521adeb6b86e754825396403b0cbb54faf1f6 Parker Stag
Hash table full
Found: Jack Highest
Found: Elijah Anastasia
A 781634b1dba3fd3a6fc633f7267b24960d0495df Leah Rhinestone
Hash table full
Found: Cooper Henry Arteriole
A c5581dd9405b07d4fc084ce1d6f973cdc049e031 Chase Vertebra
Hash table full
A cce3b2f68d8c6b120d9493553e5edb6d5ddcc221 Alexandra Transmissible
Hash table full
A 31c588e2ed9f49db03a23b1c503ab8e7cbd1b9da Zoe Northern
Hash table full
A ea4aabeab7dfced6db372d338e13f3133e07c38e Brooklyn Sexton
Hash table full
205
A fadd353669b6db5a17c9fb5ce07266a5919f068b Caleb Amende
Hash table full
A c52acc6a1327ffdf4c1b91cf9f7a6ff93a956b25 Hannah Counterfeit
Hash table full
A c2ec1018d019ca11420095d67ef99518c33bd258 Matthew Genoa
Hash table full
A 1f1ce305e9a4fb9fb886b39a099fdd23d21ca3e7 Sophia Windbag
Hash table full
A b52cf12328831e197e85e1fcb26fdc1481ebe235 Anthony Eradicate Jr
Hash table full
A ef780860b84f30a6914d97f0b3226b18cfc557c2 Zachary Evansville III
Hash table full
A 2ed5888e9850498aa8a9cc63182567409399e579 Caroline Hysteron
Hash table full
A e874dd95041e4e80eeeca998e7731799c3ad6d88 Connor Colloquium
Hash table full
A 70002a45159cf2208bd94f6dd0c18f7c50430201 Connor Paycheck
Hash table full
205
A 8dcd10aee2ec17d65b6256caa95a0fa7fd6f0133 Aubrey Foliate
Hash table full
Found: Taylor
Found: Luke Ryan Bengali
A bec08d9f0dad279a1cab0a345a49b19883798fc3 Arianna Bug
Hash table full
205
Found: Brandon Dontonio Malignant
205
A 0bbf02a5f9eee9bf6dc6403247db60e4a0e3ce69 Caleb Greet
Hash table full
Not found.
Found: Caroline Aarhus
A 3290a383e282e97a1abfd069de9f5a0f60680e95 Caroline
Hash table full
Not found.
Found: Molly Medial
Found: Molly Medial
205
Not found.
A 947cb37e22de026b615fa9bedb2ab0f02cfe858d Paige Oral
Hash table full
A 9c344ac0d71a3db2ef2c59fa27050e9f10a4af19 Lucy Polonaise
Hash table full
A df2779a6576a87722a28402cd07c64b0278df1a3 Brandon Myra
Hash table full
Not found.
Not found.
Found: Brayden Dylan Open
205
205
A 2b88a333fe33b63303a4f6500c70c5727de49fae Cameron Isaac Episcopal
Hash table full
Found: Bailey Tick
A 60dbb14c5ec5709ef5a58b6fe8e9199fb1b71734 Addison Ringlet
Hash table full
Not found.
A 5a6cea128b1aa0011955dc677d52dd25377ef65e Sydney Hurry
Hash table full
A 1bf4edf1023fb729df98d36348e7af36b5189fe2 Ryan Bandgap
Hash table full
Found: Nicholas Silane
A 8ec52745d581528b6fcc0af37272a095536da7f9 Carson Criminal
Hash table full
Found: Joshua Herculean
A 1ecab0f7b817ed1090c0be03b4bfcd6f5840b44c Austin Blaspheme
Hash table full
Found: Brody Bypath
Not found.
205
205
A 39aa7370fbdbf421ca2dc41469886697f87973c9 Mia Panicked
Hash table full
A 7d856974fc9a400ae64cbeea8b47bb614bbab310 Christian Grip
Hash table full
Found: Aiden Joseph Peacemake III
A 408abe310c5f6f26e4cedf3cdb10bb4e00cd52b2 Matthew Protactinium
Hash table full
A 949f586272ec20d5d0669194e00b32c84aecd0ac Ellie Burgundy
Hash table full
Not found.
    0 dbc4fd73e6008386d8d5a2b37a789ed3fb6b9073 Liam Lange
    1 c2007c500d1114a80e51ea1897e1a6f6954d8873 Riley Cyst
    2 7f0be412fc365fccbce01a8f39e329543720da7d Christian Drape
    3 89ab023e973d19dd8ff333fa6f142fad5664f8ca Grace Piano
    4 59fc9bcb62f7beb8557514b13b02b178f0eead7a Thomas Julian Maelstrom IV
    5 2eba24c5c08f1d42639e818b151cab2f33e336c4 Peyton Fruitful
    6 0181c1ce6e3cd78048704563dc55cccc15b5fa99 Anthony Leitmotif PhD
    7 e2a58002dd089a8b5f138313b1d95ce8a09ca9a7 Noah Waltzing
    8 ea520af042fa28e2c2150e4f2f156cff8ae0a1ce Chase Redshank
    9 83864fa2903355c638e0a041f8f985d30d6fb5be Molly Larva
   10 260c4747171cd7805db6084f330a9ea8e56859ec Benjamin Splendid
   11 f2735ee2273893df112bc5542eafcda75c939710 Riley Inflammatory
   12 180196045b8a5622610411c73d0a9a8df896f294 Hailey Dinnertime
   13 fa66b7e7492531cf45097af49e04dcc38e6de98b Carson Cotangent
   14 74a6d4810486b9f4f4c58b4f2d7fe6e50077ddff Evelyn Stream
   15 52aeb6109b713dcd54d429e3dc650765bc554f83 Nicholas Seder
   16 53cd8e9671b17f57b99dc4b4def1bd94a2699ab2 Molly Medial
   17 956c890971bfc95460691341614297d08e28b441 Wyatt Pakistan
   18 e5974a5d6b21130dcf097d87f84ba797d13ea4b6 Olivia Brianna Nomogram
   19 90e9d22f71b79661a3b85dbbfb1b3abe7695390a John Parry
   20 04c9105312a4d42a249c7e2e84ae37c90dc1ef0b Lauren Legible
   21 20ecf37afdb4b0889160426c1faf2eadb9fc6367 Carson Newscast
   22 f7d580db8dc62398a14d97a38333d6143afb0b7b Jack Handmaiden
   23 d6a7f89556d95a8616f1509c84049794a04cc5c2 Ava Temporal
   24 c0cb02643828cf5ed485b99c2c7c2a79ef616a86 Maya Torr
   25 23b397b86db2d9747e87435cbce0735e5bd88f54 Maya
   26 155e46449151a95304acb852c6ca75fb8cf4c963 Daniel Eyesore
   27 46ff4921574271f0ce6dbcf56b06c05302185037 Eli Cannon
   28 7c3001662eeeb4eece296dfaf1045d2570ccfbb0 Brody Bypath
   29 06f63fd9af2c8eb6b405650f0e8df52ba6154a4c Austin Deprecatory
   30 8d2b1d5e7ca05f9afa9a986963dffceeb7a2c0f0 Brayden Babyhood
   31 ad05e04d3aca9ba4e5ce82ff644e795ec3e2787b Layla Took
   32 4a8401a16b014d3bb4618872deaacfaa73cdcbbf Isabelle Gory
   33 ad614b9a922211b84e5aa55bb2289148ac97cd48 Amelia Predatory
   34 2f651e42f157a43d235dc2c24617c101993d0dce Jack Highest
   35 20bf8a8797de4ba7eed209470dc85f1324ede8ef Jonathan Billiard
   36 1cf662e599d21677d85aca77e510c597f3f71a2d Benjamin Malraux
   37 180a170ab228153a575dfb0940b4823ce493ebbd Claire Savant
   38 347aec51d6d8f76f916af008493c5be5eedcb05d Hannah Samantha Detroit
   39 28bc0fda46f25af6b02d02f96f3265c66ca77da7 Addison Cock
   40 a95e102a4b6d620a562bad492965628804570e51 David Valet
   41 c4c71bc96a3b2412a93ef7a947075d186f87d524 Gianna Eastland
   42 cc7573dc0b14384cd9f2619f6541d02fa6b9a894 Cameron Guernsey
   43 a500a2f72ce64ff9b0dac3cbcd4d28467b30b3db Taylor Belfry
   44 9f08163eb714a2d589feacc7f944fd75212f60cb Lillian Eva Waterhouse
   45 12884dc2dc54c6112b8f690dd697c7041a0d9f06 Lillian Dowry
   46 14150d3414058f6f8f3ced1aadd888fc8e0e8185 Joshua Herculean
   47 2bdecd375e7f70989b6fe242efe5a9d4404fb4e4 Alexandra Desecrater
   48 3a5534f0ee402178d17c4e8a1cdcb3221a876db0 Tristan Exile
   49 708963bc0d841794efde7113bce963b819770b66 Charlotte Confiscable
   50 1504d06db056effab8369b7ce01c8f274c191f5c Landon Liturgy
   51 20c8234639db8fe0557cb84e7085b76fd738bbf7 Bailey Tick
   52 42e0793ff09f0f5125d2233015850a883f862b26 Kaylee Kaitlyn Calais
   53 856e4c828be6627ad3672b9d8cd0449f44508521 Mason Grotesque
   54 78d49c7691461a86bc82c42db63c77c78afc3436 Avery Serviceberry
   55 b8350642a9bce718b39dc105db466a10fb1e7337 Maya Referential
   56 b8e0a3765157ad9a962550e923db453fe2e06b03 Anna Lee
   57 74eaef371b3d1d200978929df0fb667546770b02 Katelyn Vivify
   58 aa390024ae2ada831aeebb05998c817d744ed3ef Taylor
   59 3f3bc026f1d9665a90f5f397fae2b678ec25ca01 Joshua Belies
   60 5efce98767f233926f7e2062299a65d466a975ee Eva Dempsey
   61 fdea8fb0ed0b164d808b0e0f62620837a54f05f0 Isabelle Peyton Breakage
   62 72161960182b1eea00b3f4b747fe910188917c17 Victoria Italian
   63 d762e2ba61e66c215f755e35185c3a87e8fc2d0a Lucy Royal
   64 b6f5c6adf00381f45134f772569182a0d207bcd8 Hunter Feat
   65 db00ada04072ffddb164275c6daab27fab88c217 Jake Albrecht
   66 6ec68fb6cfed03c7e9c5c5e9d86f3932c1660d6f Elijah Anastasia
   67 6c73ba03e1cf6e37d947687ed5da717538064c80 Amelia Mackenzie Inferential
   68 8d12f211daddc8324d887b1f07ff8327d7f8c66b Brandon Dontonio Malignant
   69 c8bfd1176c1d6b867960c5b1f78a4b2e973ac133 Amelia Emission
   70 45b87aca569f4eb6e3b71ec25c1f1d9bc72bb609 Luke Ryan Bengali
   71 b77d1062133e57a61a8c3b6362d79adf16fc0ab5 Lucas Doggone
   72 5bee5e2d7cc5be74076c3f02c814e46cb0c63eac Eli Mimetic
   73 4e1c758fddabbce3d9f79634cda0ab07cea8d9ef Brandon Evan Allegate
   74 9ebd5843dd242b7bd3533d1186f6f3c792dacbf0 Cooper Admonition III
   75 31caf9a48720c1bd6608317b9515d35639fffdde Riley Hodgkin
   76 d4b873073f481cd0d545014cb18f41006b6ba9c0 Elijah Ammonia
   77 5d696f1c1e099372af030a146771f0e7412e8ecd Thomas Shafer
   78 c0b2cf06a66d5cbe3366ebe6413c162618f1bad7 Tristan Pacifist
   79 79db234dd165351dc0dc6a26a9ca24c7d4bd9221 Molly Elizabeth
   80 6bcf3bf1dcbac52e4e26c646c463bfc94e507da4 Christian Hurst
   81 4b551e63ca813b3fd64b40928d58b9692c723cd6 Austin Knell
   82 d0a11a1844286f6d7c8c26ee34793c05dd8d343a Blake Knobby
   83 bfbadbe4fd24012bb624368fa2af25117b35cc16 Brooke Glued
   84 ac3218b94ba4d5dc4a0ba9fe303c89fb2c0fd6e0 Nicholas Pretend
   85 844d80be146f83d7da362557107c5682728a24ff Dontonio Pitiful
   86 fd0fa5732a4b6673b21f1b32586642250062d6d0 Peyton Frangipani
   87 4d0a0d1f1f028427497998db17245c79c1152486 Nicholas Silane
   88 2f5246e16d4f07f89619f5f395f20047129cd548 Evelyn Blackboard
   89 9b70d44a6b464e5e1d6d53c63fed63c0011cef65 Samantha Isabella Forthcome
   90 e61923e4736b32f51237444d5a0af98ff855ab44 Savannah Elizabeth Yeomanry
   91 31f044eec5def037b5f188ceabeea7fc7ab4a73f Katelyn Transversal
   92 250a9cf1f93f375fa35a3b603cbf47ef16434e0d Cooper Henry Arteriole
   93 0f3a9b167a465aa2943fbd2adb6655cabe12669a Kaylee Whitehead
   94 dc0b43737ab1f4054558c9afff0734454f0fdb79 Victoria Halibut
   95 663ce0932db673c1e86ac7dd556b2753d17077c8 Aiden Dementia
   96 cee8089670af150acc96e1be1081c642b8bcbff1 Caroline Aarhus
   97 039609e27420e07b1a4686b511d5d7d7764529a8 Brayden Dylan Open
   98 fbeb645c556fbaaf9b2e93fdf0202eb25bdfd12d Aiden Joseph Peacemake III
   99 cef43da2ec9f4c1a5621ba7857f78aa191ff1bff Mason Greyhound
  100 a85ec1b745dc192bb623fbe92788b7c5cc281dff Kayla Retch
205
