0
Not found.
Found: Parker Scrap
0
Found: Grace Humility
Found: Daniel Brayden Grandstand
21
Found: Adam Rinehart
Found: Adam Rinehart
Found: Amelia Holbrook PhD
Found: Grace Humility
Found: Daniel Brayden Grandstand
Found: Mia Bang
Not found.
Not found.
22
22
Found: Leah Individual
Found: Parker Scrap
Found: Alexandra Being
27
Not found.
Found: Tristan Igneous
40
72
Found: Lilly
Found: Isaac Rooftop
Not found.
Found: Amelia Holbrook PhD
80
Found: Ella Brussels
112
Found: Daniel Brayden Grandstand
144
192
A 0fbff1359b7ba9c1f23ef453a5eeef9c9838aed3 Sofia Allison Transvestite
Hash table full
Found: Samantha Pinochle
Found: Bailey Grantee
A a5b76acf0d28ed26fa620932fce63ad3a41c70a6 Joseph Wheat
Hash table full
A b89b764ae8b7148c296984a1fce7cbf625abd826 Evelyn Brainwash
Hash table full
288
A 5aa0dd05eaa896f23d3a5b812f2b1bff3f9ee359 Parker Chandler
Hash table full
Found: Isaac Rooftop
A 1134721b9fc113f0829ee7d6ffd71a44a4b88475 Makayla Hank
Hash table full
A f709b1050fccd9bdd3da9a64c2c2c6089d4dae2f Madison Glycine
Hash table full
Found: Elizabeth Camel
A a3298c3ab70544dc327bd63c6ccf9c28af2e5c98 Amelia Clergy
Hash table full
Not found.
A 882170abfadaa2ff6da1413261f64bfd01f2b451 Victoria Hailey Invalidate
Hash table full
A aeee361e8a3f974592459bc3f6942f23783d5677 Alexandra Cozen
Hash table full
A 7993ef92877960eb2f47b91caac3b7c97636b319 Thomas Curd
Hash table full
Found: Mia Trimer
A 737dde81da627981cf7945cbdd16926970caab92 Emily Majesty
Hash table full
A f5b3e5a665889030bf29f7a2b8f8b65a6e5f94cd John Alexander Applause
Hash table full
A 70dd0f48273d2106865efbb42ffe33e14d553e00 Avery Stick
Hash table full
A 2d3aefba97fc7273099df174bec5885b1f4e10ea Max Elfin
Hash table full
Found: Amelia Holbrook PhD
A bd3024ac21f5783388c087b63de82797e18554de William Methylene
Hash table full
A 3f821d2f2f73d708cd80acf65fae6446a41f46cb Isabelle Becker
Hash table full
Found: Mia Trimer
A 7238063e8053b5a8734f048ba333821ef0ebd47f Sofia Severe
Hash table full
A ff1829f80645e4b40d78b27d7f142fbc5e425cc9 Caleb Magnify
Hash table full
A 00a1baeefbda444b7be412a616fb28668e6e7d71 Gianna Roundhead
Hash table full
Found: Noah Chris
A b27a72096aaf6186549d44a62eb4d21b15a163fd Gavin Gusto
Hash table full
A b969820f9040d6c22470cba7500bf8347650284a Molly Arianna Breadth
Hash table full
Found: Parker Scrap
288
A 29e9f98380f7bc75bd7ec08c2203739afa90a786 Adam Sicily
Hash table full
Found: Arianna Iowa
A 32c9ba18cd0e48b0da853349933444de2b1298bf Zoey Krishna
Hash table full
    0 b36b4b36f410805829a2d31a56ebfbee06212b14 Noah Chris
    1 2ae4e22e63256cf76c6497249dd1daced58c1423 Paige Hailey Atonal
    2 3d4edd54efa3a18dc6a96e983307f13db8f372c6 Elizabeth Camel
    3 54bb9195202e75e0f6e87fa1f8bb5c33dad34226 Mia Trimer
    4 b4d8ca3ef5bb887eb2dab893e20a2d91721ec0bc Caleb Dispense
    5 6c7e469492b52e7cde210c09f29d9da1389b0308 Chase Billionth
    6 7036876fb67afe8dd1c59697872ac0728b4e1761 Blake Prowess MD
    7 781d9f60378f4538c3070ac5c758f0be8f408323 Parker Scrap
    8 a7a15897826ff3f140e73122e03e93d8fd09def0 Nathan Erect
    9 785f24502d264bcef2925e06e85c641fa03e0a02 Sofia Sextans
   10 0aeeeb5ea689772c529d424ab4343c465d5a1e1e Bailey Rodent
   11 835f12b594207d4bb876781f2e684bdd2f77196a Tristan Igneous
   12 b979bf5a121d70b2717dfaffa8228e58614e3bf6 Kaylee Earwig
   13 29a89ad50b6a1289266425e4ae60d42bc76b1ad5 Chloe Botswana
   14 6f3465f1c36e8bdfc622161f4efa0c264f6b1716 Eva Binary
   15 48faa58d767396e795b7b7fe9223814c90b1cbb3 Lucas Slim
   16 4c00804533992b704d97437a6f60700cd22584a8 Gavin Composition
   17 51136a965c92cab3713d25309fd1b348b097aa33 Daniel Brayden Grandstand
   18 6564bc145e003f899db62d4b8c7507e41b56833c Arianna Iowa
   19 000463f247851f2042bf8fed28cf3e82571812ff Jayden Aquinas
   20 8773590a24e6ed668aa7ab01d46dd8f371715e4f Leah Individual
   21 4b412d1304a43db047d2ec815ed2893f9fe3455e Ella Brussels
   22 c67742f1d75f0f17c474cc5d4d2c103c09e78cb6 Olivia Weston
   23 2081d98c0ad4c9e07b64764735a9aea52b059fab Wyatt Indentation
   24 1adf11a46ea8daa42ee1e70f8650fb2233ff32bc Emma Maximal
   25 8509ca331864d8811879788ae6ecdc826d1b8e0d Addison Von
   26 47521387371c5217ce14aaeaec93dcef771f7e7e Aiden Saxon
   27 1bb3d548005d53439d9ddc6362b9684a156c3673 Noah Familial Esq
   28 063fcdb710f212ea78093a0283b2900dc4d5da78 Ryan Certificate
   29 1f13fe4e1b1efc923d0e50cfebb877cfeb9d9fa1 Lilly
   30 9e042fc241dad16e290d0d74abfeea73e5cfe1da Samantha Pinochle
   31 e0c80fead5f448c35e5acb9beb7c6f41bf7265f3 Makayla Concomitant
   32 534d8fffb027dcf146e70ecffd5ec65db13c41d4 Adam Rinehart
   33 6535c0f9a8804b5342883f13522550552df918bd Alexandra Exogenous
   34 4260c47e19ee8faf99912854f2fa6f080b87fe17 Adam Redpoll
   35 24dc784a76a807f418db1d2d8742ba9fb88df3b2 Jack Woo
   36 071806ff2a9e1ad144a2d1c03f3186fb34bf8310 Jack Snakeroot
   37 b877ab834b56ddf21ffc678f56fdb6567bb6fb01 Avery Aesthetic
   38 727566703c13f0f0b3ae5c98a58491cea4f34a4a Xavier Recusant
   39 dcc4acc499c1faa5654480321cb9a444432abf02 Molly Secular
   40 b3ff33d867ea6c9a505bc7390e7c2564b06219ac Mason Proclaim
   41 d2b83bb35e0a1c8552330f9c3ca0444eaad64679 Gianna Worn
   42 8c997491b62d6bec7a8b72c00f483edeb616dae7 Emily Blockage
   43 ce32af84e505a38ab785c838d47b2d4b5cdb0f67 Makayla Placeable
   44 b1cc3c0035cea60b42611b1179a542e146ca402c Katelyn Resistible
   45 ecaec7b1897d3c3b66b116f4502e351dc066c3ad Mia Bang
   46 90461a1bb4f5c719fd3077ec4fbd5282df0a4206 Ava Stud
   47 ec6a602560945819be3f55c99e6e6f964f54e57c Logan Glutamic
   48 9cf82c7c682401c1281c33095ec99063f834de8c Madison Mumford
   49 e14d4359f7fbdc376b959ecb2653b099b5eaca21 Jack Denny
   50 4d861b445137ab44073a63bdbe1923e1207bddf9 Abigail Stand
   51 043a63987fcaa75d8f57cbca6371dd02aa757037 Owen Aaron Shadflower
   52 b27f7c09b12e48cbf67b0e9e0e86f4e84c168214 William Serpens
   53 21cf3be246fc379abde6af91a390d77e23567a1d Daniel Conferred Esq
   54 1e65cbcef15e7e52051a9e0de1e1ca91d2f5a4aa Alexandra Being
   55 5f7254b9fd6278e0f775969565b5babbe7e048fc Ava Rubbish
   56 595284dce9efb661fed147377d8a82bec9049034 Aidan Max Sidewise
   57 76a81a9800252d65dd9d0c86b2039f3301a54cd1 Kayla Slurp
   58 35af10cfe4d69e95001e222b343c1e952e6edd26 Elizabeth Attempt
   59 afe5b6aa967723dc3d16463559f0b5f585cdc707 Amelia Holbrook PhD
   60 2f84fc548b9e10d06cc42a01b95ee2ddc88046a0 Grace Humility
   61 9e7026f4785acdcfd5fada0d06fcf3db60a536e8 Tristan Chemisorb Esq
   62 cfaee6a1d4e932782a8b960c4379c8ce4411f91e Abigail Zoe Illume
   63 9a0c87cf7846227e1341ecaaea02dd30a15fcf0f Bailey Grantee
   64 f70325a8a3d643f0d9b8b8d4dbd5dcfbcfb70682 Allison Terrestrial
   65 6c6fb7351be4e96fe1ebfc812b4842cfcdd31bc8 Kaitlyn Novelty
   66 87b90d7eb9885ce3bb5e9b8de4e2910b920850ac Jordan Turbulent
   67 47c863d1773b25dfcbfc31fcf382019932763b8f Isaac Rooftop
288
