0
Found: Chloe Series
Found: Adam Leave
Found: Riley Grand
Not found.
Found: Adam Leave
Found: Gabriel Darius IV
2
Found: Lily Suspect
3
3
Not found.
Found: Chloe Scranton
Not found.
6
Not found.
10
Found: Julia Clinging
10
Found: Zachary Alex Sprocket
Found: Jacob Internecine PhD
Found: Natalie Clearance
Not found.
Not found.
18
23
Found: Evan Louisa
Found: Chloe Series
Not found.
Not found.
33
33
Found: Kate Mona
45
Not found.
Not found.
Found: Adam Leave
Found: Grace Lubbock
137
Found: Sarah Knoxville Esq
Found: Kate Unipolar
Found: Jack Winnipeg
Found: Hailey Eastman
Found: Lauren Turtle
Not found.
Found: Parker Sumptuous
Not found.
Found: Jacob Beef
Found: Charlotte Fresnel
A e6376b5c9e3a9819ca9ede57a01c32e217b33f89 Henry Dodo
Hash table full
A 8e366740684ba435ec7306528df3d974a4e7e8f8 Lillian Hermite MD
Hash table full
Not found.
A 960fee2d5fb4a61032502fd21f86e7b03b0dfd28 Oliver Superintendent
Hash table full
Found: Samuel Samuel Bile
Found: Daniel Discovery
A 19b9585e5e45a2899367c6369f0ecfeff97c5792 Cameron Amalgam
Hash table full
Found: Luke Johansen PhD
A 2f4c6b309261654a6ab86c5372f187298d1bdb7e Brianna Stall
Hash table full
A f353a6d58c6e7c86b7536792cb922270e63129b5 Hailey Cheer
Hash table full
Found: Adam Nominal
Found: Alex Atrophy
A e1815a30029920f45b8eff5d77890757f9eac41b Ian Carson Flatiron
Hash table full
448
A 0dc8e377e8f512c265147aa38cdafc6a3a4a7ea7 Cooper Canton
Hash table full
A 56f2e6121c8f3e451e0c7d1905b1a11c9aa3a2dc Anthony Homophobia
Hash table full
Found: Samuel Etiquette
Not found.
A 0a4b4d73fd7423e30f22cc425d18c70627101319 Elizabeth Ecliptic
Hash table full
Not found.
Not found.
A 4cefd84e11286e313b74383a0fabf3900670e224 Layla Bawl
Hash table full
A 1db4094fb4b87782207f44304844828dcfbdc6a3 Aiden Hunter Ratepayer
Hash table full
Not found.
A 1dfdbf40a37890cfe09feea819f6ec289cc60f3c Amelia Zoe Emperor
Hash table full
A 2774379bc53e1f9b375e13f897b375f5811a1b6d Riley Invention
Hash table full
Found: Gavin Metabolite
A 3117c21af8b976176ef651e3c82a2e8c234a7e7a David Converge
Hash table full
Not found.
Found: Lilly Gilbertson
A 7727824ba402c2fa3e88424dac0b270d13e55bee Oliver Max Pogrom
Hash table full
A 8b12f8600497db9249d3d82900a5561e44ab0be5 Kayla Incautious
Hash table full
A 878eea1de8b0befce848ba85058f9c21b46f1f7a Madelyn Bite
Hash table full
A 3fb4c899ce39430c6c360c81c98e0d7150af91f3 Chase Henry Miasmal IV
Hash table full
Found: Joseph Fluorite
A 071f9ce023c81e3cf9644acad0af078445aa29e4 Liam Integer
Hash table full
Not found.
Found: Victoria Audrey Degree
A 101c2f8daae3ae16dce488888fbc0ca63aa23ed5 Aidan Multi
Hash table full
Found: Hailey Warsaw
Not found.
A 34e1e581d45269a88198a42d944fa5dec9e375e9 Alex Frosty IV
Hash table full
A e0cde85bf05b3739c42d4ec0123525414749360f Dontonio Objectify
Hash table full
A 0658741fe84603d052b967f1d1421d70a184097d Blake Bespoke
Hash table full
A 385ae3e4690dffcba04329f4c5c3b688203bbabc Sydney Mainstay
Hash table full
Not found.
A af183e7548bec712c95df80ca509f505e16e8605 Savannah Stigmata
Hash table full
448
Found: Hunter Bewitch
A 1fc54279067489c14c48f1dcabf61f01992dbf7f Amelia Emblematic
Hash table full
448
448
A bea9ca24d2d03ec9a5f9a2ee13dc7fc7e9b991aa Gabriel Endgame
Hash table full
A 3ad10e759fe7e1f381b24e79abca72502d2293e8 Paige Downriver
Hash table full
448
A 202fb2d7b35ab3f166bea1f996eb27c8061145df Kaitlyn Position
Hash table full
448
A b67f3523fd2d21f7e42df5b067e61d091aebbb95 Brayden Wheelbase
Hash table full
A 5ac3f3eb6b99fc506a2cff6f25c397de6b391a5e Caroline Counterexample Esq
Hash table full
A 8c9a49dc3982df4d7e205812ac62fb4ad47a8720 Lauren Inorganic
Hash table full
A 4641d8520903969b06da1f21570eeb817fd8b7b3 Jordan Nonsensical
Hash table full
Not found.
Found: Christopher Bricklay
A ce6c7e31aaaf0323aa4a9f63e0301bc24a644977 Luke Glottis
Hash table full
448
A 9a1c1b5781d8a5e292d47327149a21af767b867b Molly Sophia Concord
Hash table full
A ceac0616b17bb2abea4c80aef82a8a0555fc6c91 Joseph Downdraft
Hash table full
A 5ec89d0e8675b356cd255da1074212c6521fd16a Bailey Cumin
Hash table full
A 945d3456f94e77288edfe7b4fb721f50b9059f2e Isaac Delegate
Hash table full
A 92abedcb7591e619e0916225717f797b9169eb8a Amelia Asiatic
Hash table full
    0 28b750254a60f960dcfd6050797b1ca430fbe3cf Cameron Amber
    1 1abdcffe8193af77d6f555a5eb864fb1ad24e6d0 Matthew Isaiah Pirouette
    2 0591756d303ae01e4cd0cdb9b7fb47ef5474b1c0 Brody Husbandman
    3 ef8ce5cc3f4c381b6f79d5af2739cf2628a019eb Grace Orr
    4 5b0347784af60a7a946fe9cf182e2abc0c299594 Xavier Lab
    5 3571aff04a6f1e1cad44908aa1f4775d342f2f99 Audrey Bylaw
    6 822e590147902779cbb4a5976b80f6b9cc1d9015 Adam Nominal
    7 aefcf60fd2f7ba2a2afe80462bbf9d0c6f2a4e65 Madison Babysat
    8 3be21436edb6c6d5c95c15de2ad3e86873b5b237 Lauren Turtle
    9 06ac3b1f0c20f09527a5487f260f5d598509b2cd Allison Arhat
   10 ccee40e93fc2b0e6689e4a6d10a256a47a991d6d Jack Winnipeg
   11 c6df4bd8778642e6503d85666c1891d00e014704 Adam Leave
   12 75e1b0dd486b9f0188308303b6ba3267d9727128 Hannah Staccato
   13 b2f3cf720f7b8a47980c47917b65ba1db4ae9425 Makayla Chevy
   14 3891262e3ee1503bd2c0d973ee2fe79c37f9c254 Anna Emplace
   15 ecd2b9895f3bc96fbb1f6cab5532344a9c17e5b9 Zachary Alex Sprocket
   16 b0a5e4dff618378da99bf3eb96a8d0da5d3ae812 Alex Atrophy
   17 6a2afff7d28260d51773c69f2e60ef5d1e8045ea Elijah Transshipped IV
   18 abce750cd7545e915681e37772c155ef8ba19b87 Carter Exemplify IV
   19 d51a42e5df01d7e82e894b58072669e529b91db7 Benjamin Hippopotamus
   20 49c3af8148b66ec95cf71bf6a465ccda642a1cb5 Parker Sumptuous
   21 bac6f934e8225ad6e8f4d533b4c6dc88e86ffb8b Kate Unipolar
   22 4b645a7a744af156b5907d5ca1a54402a2b5a977 Evan Louisa
   23 81fc90beb36784c1ddc4c4dd232f2e88c247fb71 Jonathan Stolid
   24 e24cf20e28d4ff5bd4dceb34bac5b100c28e4293 Hailey Warsaw
   25 fe15d56cc33a5844a5057b5cc8618ea358f9adce Sydney Dispelling
   26 a4951199368d8d50e669655b9f978dbdc8fbef72 Chloe Series
   27 38a69417d3e1c57041089ec0090dd27cfc6143de Isabelle Sad
   28 96c534a2e83267c481a81e754222045297a0dfe2 Lily Suspect
   29 235b49fd4e1987c34d9eb1052eba6068e6445559 Amelia Alpheratz
   30 45e13454bffdbfd4c57dd9e0d1b77c3a6adb92bb Sofia Diagnosable
   31 2b9c707a30f55d9b0c54dad8de7a793cc19c1dbe Ella Illegal
   32 259acf9421a2a35b2be9e15c997a98f8821a5d54 Joshua Consistent
   33 ac7068706b65f8a4888281da46a3f9954ab4329c Katelyn Madelyn Implant
   34 5542aa5c969c114f2f3b892862672c0549dc54bc Evelyn Hardin
   35 e9b70799731bcbfd3577305729649521f8a2e4be Luke Johansen PhD
   36 06a067f6fd4cc649a681d5b4e56328a6d28706c7 Liam Prowl III
   37 67200aa70f1e3fbea8f05fe2c0c45b4edcbbaa1a Christopher Inalterable
   38 fa2df251dece8627b0a9301b90d90bfad9a827f8 Grace Lubbock
   39 0293468d890fbac8f0bd4c260e4947157d91e9a3 Evan Saturnalia
   40 d089eccb1277adfd5e5a0275f214b983533bcc0f Lilly Westminster
   41 c788f7d832e60eed7f2cb9e537e322eef87b64d1 Savannah Portmanteau
   42 5bb9fd0da819d3f9dd1a1bbc7675e725edd46dac Jacob Beef
   43 223f57b0fce7494d6e4a957b04770fabbe5a3632 Joseph Fluorite
   44 c05c93f90c97002821dc7ef6f3d0b4ef2b28f696 Christopher Bricklay
   45 38b7adfaab61d695231de99c9e0b812876dcf248 Owen Homogeneity
   46 0f5a798769cb348ad5fe9d79b267c0a05911707d Jonathan Opalescent
   47 9ddca6ed155a33bc192aa8c2f7d75f95fd8af2a2 Alex Offstage
   48 799b511cbeba42056817c304ae5dac8c351870bb Addison Minimum
   49 2293b96c0e8905aced970eee13e0b3c2851a8449 Hunter Begun
   50 34bcce548efb5d8e0f2983ef543d74b2cbbbd924 William Friar
   51 8039528eafc9c400a160ff6dfb13d247e2039a79 Riley Grand
   52 a5b25934c7e7680e382a803251d012c843b32949 Gavin Pervasion
   53 6640b31e238ddcec7101ebb296bad2caac99df41 Julia Clinging
   54 4de14226996929c07c61ebae81475bc5cf236dc0 Gavin Metabolite
   55 8874ddaead0af2462bb9e7ed7a12372ac2b377a4 Taylor Coiffure Esq
   56 938f721fced71481852df6039cda2b71cc062dda Kylie Claustrophobia
   57 7cc03cdf768e7f53ffabc3510bab100a2f47aa00 Hailey Eastman
   58 f908ee50f63367e505a3e1ed3ff1bbefc6129b32 Lillian Ribose
   59 33904f53323b1df2df9d93862d9a03659a535e7d Lillian Aba
   60 1178f4eeeba119bbca59c5c67e320e018a088755 Jacob Internecine PhD
   61 10755b910a30625414f9442b1256618afd7954b6 Savannah Session
   62 63e70e0286cfefa9ef1f234dbe881aa7a412d67a Chloe Scranton
   63 4a4ad3ecb88867d03a5fb6196b993319a334d8cc Evan Archaic
   64 a5240a7db3ed37db0c39a44c2f109c8dcc02a22c Hunter Quartile MD
   65 9a3c5c1762b081468fe9b80de169bbc08ba4aaf5 Molly Morgan Internescine
   66 32802b473d3ab20b39a7dcdf667722d6acd7d921 Gabriel Darius IV
   67 39cd60fa8312fb469cea209790d8c06b3c1e266e Samuel Samuel Bile
   68 8c4d1ad03bdabb6ee5575cc14778f68e1cdcc779 Christian Aden
   69 aebd63ae734488377bd8aa7770a493319766bea7 Daniel Discovery
   70 ee80740ce80aca54b28cdfa8abc3e5b24423c6a7 Victoria Audrey Degree
   71 e7941dbee1ee63a46f784d6f0b37af2eb85be72d Hunter Bewitch
   72 4e10763eb208b042e70ad6fad9e97ca28198732d Eva Soliton
   73 f27a171b842813dfc299223be090974b1ab0d5c1 Lilly Gilbertson
   74 59a152b2b2cf27738373de4c7c777085be253298 Blake Imperil IV
   75 ece504465c566355250b989feae0e30cb3a5a2bd Gianna Emma Lubricate
   76 4670d1b4a1333852bc8796bf604a2337a48d0cff Matthew Nippon
   77 f6213f7108291d31544570d2c5456391358d3ec8 Carter Assailant
   78 dc25106813729e57e2fcf172fc68e17d1ebbd6d2 Charlotte Fresnel
   79 46a3dcc2e51f1be119b2fee481fc05dc5c3b2f00 Natalie Clearance
   80 c477d1dd0372b9cf09ec5a1290b4b4f52b666b70 Kate Mona
   81 963c9ea5f4c28e6ab63d64bf08626421997c794b Zachary Alibi
   82 ac5fc1c70c04c3e16ef693e06a72d2e7747f6e37 Jayden Epoxy
   83 639a1437fe4275aed79606a0642fd45f870c8622 Audrey Archdiocese
   84 0fc577303453c21cd464a5ee9c265dcb538762e1 Sarah Knoxville Esq
   85 8d1d0825a830dfd25023a38f0934d9acdf29febc Samuel Etiquette
448
