Not found.
Found: Madison Exclamatory
Found: Wyatt Swishy
0
Found: Natalie Melanin
Found: Natalie Melanin
0
0
Found: Alexis Knudsen
Found: Anna Trainmen
Found: Gianna Herbert
Found: Natalie Melanin
Found: Madison Exclamatory
Found: Dontonio Brow PhD
Found: Anna Trainmen
Found: Madison Exclamatory
Not found.
Found: Benjamin Yow Esq
Found: Anna Trainmen
Found: Molly Shortish
12
Not found.
12
12
Not found.
Found: Natalie Melanin
Not found.
Found: Hailey Inquisition
Found: Emma Motto Esq
Found: Kylie Odysseus
Found: Amelia Swell
23
Found: Emma Motto Esq
Found: Zoey Hilltop
Found: Benjamin Parquet
Found: Paige Abate
Found: Isabella Cocksure
Found: Emily Accessible
Not found.
Found: Noah Planetarium
Found: Isabella Cocksure
Found: Allison Sulfurous
Found: Layla Gabriella Sanctity
Not found.
Found: Andrew Mimetic
Not found.
Found: Elizabeth Parenthesis
Found: Zoe Dusty
Found: Alex Allan
Found: Wyatt Swishy
Found: Matthew Stearate
Found: Emma Fiancee
121
A 0bc3aa728c15c95bcfbccb1acea393d9ee684260 Lucy Wrist
Hash table full
A e8ec6a1648111ac406c4417f4c8a3bfd0debcf95 Katelyn Hannah Abject
Hash table full
A 4239ae4aa5285c8d0f52e1d8f27ba2d99904f93d Max Chicanery
Hash table full
Found: Natalie Oligarchic
A df997347639eb457e4027920ea673ddb19fb032b Julian Quadrennial
Hash table full
Found: Caroline Saturday
A b5f9af848d54651677434295c1c1fd60703363f7 Christian Godparent
Hash table full
Found: Zoey Hilltop
A 3785b0df3a8847e88e0bbc2cab3cbcea0d6890c6 Kayla Laundry
Hash table full
A d1d4672da47c5103359d3471498c1361871a726c Daniel Sacred
Hash table full
A d86ad010d304ea336b32bc9c59a4cac63cb05e31 Lily Ruff
Hash table full
A 79c900d1168c02ae441110802483254b19d384b0 Gavin Authenticate
Hash table full
    0 3a3d66e23f5f163fb781bbd05314f50c40a0d9d0 Dontonio Brow PhD
    1 7087dad6d6e26c16101809404a80d6095ec26aa9 Isabella Roentgen
    2 1d40dcadfd4d3ae3d4af7d7ab334d2e4614e5d0b Morgan Thyroidal
    3 c9bfb62d2570e3ef9a15e1c6a90beefc24bd5238 Carson Gules
    4 943f9f053ab04e9a3b79cbc8ee037825c7772ab0 Logan Sanguineous
    5 2b9e90aa79ef123543974dfda03b3d010bc36fca Amelia Swell
    6 53922e6733d13a59e233fe1586a113be5ac074f2 Jordan Peruvian
    7 c1fd84b08676bbed75bf3db1cce6071c2c7ea2d9 Gianna Herbert
    8 2669cac12f57d77c354d12ac658b3eb4ac89ec79 Kaylee Amort
    9 60c321573724e32287cc3135c11c9729b760e44c Arianna Virginal
   10 47ec4ed903ea1ec074f35b814369781895e9523a Emily Accessible
   11 4126e21a52ec4371daf3d9764a488802c55757d2 Natalie Genteel
   12 dc9f01caa90a6c5a05210e3c603e55699c2ded1b Isabella Cocksure
   13 235838d0d468ff73ef412bdc846bab50c5b9962f Aaron Flow
   14 f351a66b5d1873e56825c6830fe596e654de858f Kate Toffee
   15 f6b9cea0b99edf5edabd474d10a75a765415ae9a Austin Thurman
   16 09bacaf1641a30b0858d0b2a3ae3881fa462ae3a Sarah Moore
   17 f74bd19074838065d42391d334909c6d0580f318 Alex Alveolar
   18 8efff666cf06e678e965738f2a72a43170b29447 Layla Gabriella Sanctity
   19 20ad32c4f0ef4d8fa48fb65ff15817d137cd55fe Aaron Downplay
   20 b058e4e47c6420a0d57f7bba6899bf05d5d6ae51 Alex Allan
   21 09ccc854a96b24b46819215ea45c2f2c837bfe17 Gabriella Searchlight
   22 1a2be04436280b2c69d5c03ba8157982d3b16ae9 Alexis Knudsen
   23 87b0ca7db556427c7f01b632d9b6604f8cfd82a2 Caroline Saturday
   24 7328f81b64061f78e63a70b5ffb937e2c9bd4e92 Arianna Autumnal
   25 897d82c21e9ddc93187fd265f13d042abe59bd79 Audrey Gila
   26 2a6d9db34152746497edbacfa26c4a8ec666f96b Blake Minsky
   27 63fadf95310f22b2688479d28f5085e2f02ebfb2 Elizabeth Multifarious
   28 38fad23702f3042ad912d2201e91065a625cd612 Matthew Stearate
   29 b50492dc6750d692fc5f6f621f723f8548d6bee8 Emma Motto Esq
   30 afedf6af8d2f6e9e42db22fd652b92bf9cf3158a Zoey Hilltop
   31 6c1f1e3220e5487fd3f336d6845806da832094a8 Cooper Inhibitor
   32 b4f71305151e92b039ce5e922fdf20f391ba926f Elijah Move
   33 a8176500d718ec1914e5109d720a44f4d7c7c0f8 Anna Trainmen
   34 89f28e6b67fdae098cbc71c906363b04d4e06c2c Zoe Dusty
   35 a14288069648b306d7fc7aae31300747869a5a56 Caleb Plugboard
   36 26cb4c5fb8fe21aa9e8ae78a8e09cc6b5a6d79cc Emily Procyon
   37 eb24736b235fbd8ce997e6168746cb9c952cdd5b Caroline Vocabularian
   38 7ec16ffe1974553f36247f1ac17783f2d6c09d78 Audrey Shirk
   39 f9a8fdf995641e90b00c345ff9e6cf57342a19bf Aaron Skirmish
   40 96185013c1f7479c2cee36acf3c95964416111a3 Lucy Isochronous
   41 a0c26a5884a4dd4fc8d57dfa963bccf3711bd725 Madison Exclamatory
   42 0dabd7f8c3155f736b9b22c7ac97d92db2aa9de5 Paige Abate
   43 06f9c13557865de0019abbcf12ebee10f0ad743f Henry Pursue
   44 f5f0c12c566a3adc62370159840f53eddf26052d Elizabeth Parenthesis
   45 f143eb13b3b8ccd7ee6ecf2a5963122cddb72481 Noah Planetarium
   46 c159d53f4a65a07eda9e78360221b06f36ad450a Jacob Ferromagnetism Jr
   47 35f972dafe7ffa9437e07f3e28598552e8073993 Hailey Inquisition
   48 485336a458a943174da9a301842e2576b072f89c Aubrey Maraud
   49 a4a8cff0cc42d25540aba25e95afe224b40ff8ce Natalie Melanin
   50 0250162e968441d64c97bef9d8e87b6dbb126e4e Benjamin Yow Esq
   51 da1ac189c8845ec6448387f6424c4f64cc224486 Benjamin Parquet
   52 376620ac67d8bfb7cd3eb591cffd3b74da151c94 Kylie Contrite
   53 cdde3748e4dcea78d4bbfc6f004e7dd151f0569f Jackson Cooper Beatific
   54 02fde6e28773f8a9f90f850877432ba644ac6bb7 Julian Dialect
   55 06860c7f40063662129d8e09c5c06f23bd9c7eb4 Wyatt Swishy
   56 8a4268225fb6f55f10b7b42b5d11ea75b39a2fa9 Emma Fiancee
   57 a73f748edc1af0d591e9b8a0d277fa8813fe310a Kylie Odysseus
   58 0ea992f9a274c25607f0d87286f376d1181b678d Hannah Splutter
   59 10f3ac07fcd8c644bf87aeebc560fbf8e2ea5ebc Henry Kinematic
   60 51a2cf05fc5ee151e3a74f0c251148a38ac3a063 Allison Sulfurous
   61 9b9922a9e20b992d94417ceacf2e4c52800c32af Landon Handy
   62 4bf5d0a4302ead72c59dd315299e7ada30387163 Natalie Oligarchic
   63 7a421caa82018541ced7583e101f4642be4895a6 Molly Shortish
   64 c9bece4c3451dd50e0663375f7f81d75ec42035a Andrew Mimetic
   65 50e207fc4631756fe01e8c771013847921d33a81 Ella Timothy
   66 87f381f51f91bb6cdcaf8b0ecef084f78eff78d3 Lucy Bagel
   67 37e00d6aad61383d57e30d0924478180baeb30d4 Cooper Dignify
   68 b3260065061e530e44d8ddb4d40b3d1eba68b96c Parker Episcopal
   69 8afa054ecc902a0d7e954495dde4ee4c7e757b5f Lucy Simplistic
   70 dfd7c5683f7dc2d4cbae57931479da8bdcac2871 Aaron Ante
217
