Found: Morgan Fondle
Not found.
0
Not found.
Found: Joseph Jayden Sang
Not found.
Found: Joseph Jayden Sang
1
Not found.
1
Found: Benjamin Incorruptible
1
Found: Sophie Frigid
1
Found: Kate Peyton Stewardess
Found: Adam Swag
4
Found: Liam Treaty
Found: Kate Kirchoff
Found: Joseph Jayden Sang
Found: Sophie Frigid
Found: Leah Conic
28
Not found.
Not found.
Found: Alex Pontific
Found: Kaitlyn Stunt
Not found.
Found: Adam Swag
52
Found: Layla Experiment PhD
Found: Liam Porosity
67
Found: Gianna Gauntlet
67
Found: Isaac Bunt
86
Found: Leah Conic
Not found.
100
Found: Joseph Histamine
Found: Kate Peyton Stewardess
Not found.
Not found.
Found: Taylor Sociology
371
Found: Isaiah Cagey
Found: Sophia Aventine
A 4bdbc1b94bd259a9a703e0155fdbae05dc18b917 Ella Lift
Hash table full
A 1ac0e0f641241e961721bf4449f3641696c1ea34 Isaiah Speedwell
Hash table full
Not found.
A 1968511be090e37f2727e7059a611b982fd59434 Mason Slavonic
Hash table full
A 1e5375085eee5ee3c986a8ccaaefe790c67c9a13 Gianna Adobe
Hash table full
A 36503f60536ceedda12f700a643a596bf8f1cf32 Andrew Injustice
Hash table full
Found: James Freethink
A d4cfdf028adc2215012680c6e3a1fc0f63829ef4 Savannah Amphetamine
Hash table full
A 8a78b063400c8f36b7ed7311e4072698521d290f Noah Sicily
Hash table full
A 68e3dcfc65d5347be6d95348da3e0226dc1482ce Thomas Arrack
Hash table full
A 483ddf2fbe3c6dc20cb6a7712267fbbfa2913c34 Jackson Epitaxy
Hash table full
371
A 5c78c54f309f27cae3304edf601e2048fa532004 Hailey Diorama
Hash table full
Found: Oliver Jewel
A 1f43fd69d117b27a60baf0dc70d7e15c4a571408 Matthew Pumice
Hash table full
A edd652c85b74137b64f92214a751092e0fe250cd Eva Bonze Esq
Hash table full
371
A 32cd2a084f20583e2a7433be35a15b23a0fbc8b7 Maya Alumni
Hash table full
A b8164ac10e687a1244781bae25287a0af59321be Zachary Decimal
Hash table full
A e96f76b2a9a7d39d52f7fb6edf891bd155e888cf Emma Rotunda
Hash table full
A b3597828f2c4ae1e7c4fdd1280f23d8a79853df1 Lauren Shock
Hash table full
A 70f9c56f512a1414b28d169b3052773bd57db334 Mackenzie Dogbane Esq
Hash table full
A c919c02e061ee025809a0e38cc71133629982edb Evelyn Upperclassman
Hash table full
A 4b2a3767a2cbfd19e78cb2fe4966c30a583c7b98 Makayla Minicomputer
Hash table full
A b5b7e74ddca56f7d56bdb776de9cde04f7db0a40 Ryan Sink
Hash table full
A 335cc0ea56d73d80258f0376563b9a44628c6d5d Isabella Covariant
Hash table full
A f2be3a17b510ab88b600ea87c90dbfb4a8dfdb1f Samuel Sibley
Hash table full
A 1a1772a6d4f68559df6c602582d0a18c21768d09 Nathan Selma
Hash table full
A 00be452e6331323cfa5bfdf6d095e72b3422d6c0 Eli Joseph Gibbs
Hash table full
A 54264e42e08c7d95ec1fe6281a0620786c5918b1 Sarah Journal Esq
Hash table full
Found: Liam Porosity
A 2621e942752d99c1122eff69ab957a8ed51ce656 Daniel Harlem
Hash table full
371
A 1f027d22345b54d28b3e617a631247613cc37a72 David Buttermilk MD
Hash table full
Not found.
A d740e46ba9786a2dad4af0b92fcf25ce34d93f15 Gabriella Bulge
Hash table full
A da5a6083cc5c8bc7e4c012a8569720317a4135ca Emily Conversation
Hash table full
Not found.
Not found.
371
Found: Joshua Vida
A 0ebe4705cf86e34115b48b077f2a0ab9cfbee813 Christian Dough
Hash table full
Found: Aubrey Hemorrhoid
A a535be69899192a411ca5545fad7db0ca3cf4cdb Brandon Wastewater
Hash table full
A f802c8a695410c09de50711f63216a907fd7c8b7 Cooper Canvasback
Hash table full
A dc5bce0257cfec8bd0659a4e900efb67221c7942 Emily Hunk
Hash table full
A f0e88a215d9c18600245a61e22d3ebde88447b84 Gabriel
Hash table full
A 1bd014ab6660b9a0ca5689132e3c97708cee61a6 Oliver Fafnir
Hash table full
A 8958c4e60f343bf66aba20a1760ec3452e52cd90 Samantha Fought
Hash table full
A 2d63d332849f6cc881412fc00ea801e371a7c6aa Kaitlyn Sophia Glitch Esq
Hash table full
A f4505d779a5de806cfa7f75813fa94eaca96ce36 Christian Pimp
Hash table full
A da277f6dc2c20dd07aa723f0c3517d8f9cc1d7b0 Joseph Keyes
Hash table full
A a5008b130df21daa34ae5956382cd939fe524a78 Olivia Alexandra Argumentative
Hash table full
371
Not found.
Found: Oliver Prognosis
A 9cdef51b7ccb5122c25d22495aca37cd303dcca3 Brandon Gyrate Esq
Hash table full
Found: Amelia Natalie Caviar
A c68ad1adfa7be8ffdb978cdbdca7e86379773835 Charlie Variety
Hash table full
A acde873275630ae70d57d4f169e2df53b49352a8 Andrew Heater Esq
Hash table full
A b0aba0f1648a915cc063c1ff469994b9d2c158dd Charlotte Arianna Debit
Hash table full
A e15948cca44b302685f570ab4e4ce65b6e3fe5fe Lucas Transposition
Hash table full
Found: Benjamin Statuary
A 60748e7ef3bd36dc75de867259b2b2071ad4a86f Allison Erosible
Hash table full
Not found.
    0 6f0bd1f9ae955adc1cd5b178dfda1708ff1f8321 Kate Peyton Stewardess
    1 c673a1cc973b04ff00738291d650b90e9fcb92d4 Isabella Platypus
    2 7ba84cb4e1088f5e9fe6d6609e94238b0a0cb643 Christian Woe
    3 2d5c6875137dcda6c84e3c9a3d0eb34a5e6435b2 Morgan Fondle
    4 56bf02898607e3094b0ab5f5f5aaf5dddda588aa Abigail Perle
    5 f8ee6c11ddd1a570b57a3fa47878302bb20c5138 Joshua Policemen Jr
    6 2d40c94c67ee0efb19539fc03a67d093d0b4cb26 Joseph Histamine
    7 1d2544181e6c6937678184c94e7a2032246dcd01 Paige Indigenous
    8 569fa48ca631dd15bc4aa447e723f5721ca7e495 Benjamin Statuary
    9 ff9388954c59358314cd79a6279be8ec36367707 Hannah Sophisticate
   10 a5ad3b18c4fc847bb49ee8999d35f428cabb0d03 Oliver Jewel
   11 2c17001d962f7b7c4c775924b5081991e191ef84 Kate Kirchoff
   12 1f09aa9b83ff21849ca4623e7b22e69383030ac0 Benjamin Incorruptible
   13 62b4e392b6e3a7a8af7f16e96336f944ff745b01 David Discussant
   14 ade457b6d8483259ac1ae41cc4442d8e8bd7c859 Ella Ellie Glidden
   15 5da19ff2ce931d87200ab9f0e6666426f2bda52e James Freethink
   16 87c80d7b121341e7234d28c19c4c2ddd55012777 Cole Penitentiary
   17 d6a85dfe0e0c6d2fb7c6b3bd6248c056891e9b02 Mason Monomeric
   18 f93ac50da2dafb42f009f44f2f152b169544db5b Amelia Natalie Caviar
   19 a2848517c0967c150976b1bf5d0a36ca9609f820 Tristan Malt
   20 4587ac9a689fd90272e21eb059743cdf0820c53f Emily Dutchmen
   21 577d816373ace6b8d439f536eaca0c322df37c8e Emily Modulo
   22 c87adbc35b23170e957210292d17137748cdf1ad Brianna Induct
   23 af46afeba4148fc766dfa2c0b77a406a95f3a7cd Ryan Aerosol
   24 9b357cf0786cfe4411011268f769ef969a255a39 Jack Brace
   25 8ae09b1c2e075fce1af0686488dfa999e052988d Kate Goshawk
   26 9b045bab939e256f0408c801ed1ca5ddf40a182a Lillian Patrice
   27 158f8a0cf3368c7e944d81d2446887d6c04cc0b4 Max Maitre
   28 280701b55e0e30140e6806788ebc68cb4f99c7c6 Sarah Braille
   29 f5e9fa92fec5b58d8268bee650d2ce638a234b8b Isaiah Cagey
   30 bed34edebd144af1e1c1be901beb2993cc90258e Jordan Erickson
   31 9b9ee122eb30d1a5c731ace0098488a0bfc3c4f6 Alex Decimal
   32 c2bd77ca936e5450ccc7997088eea67a37ebecf1 Abigail Optimistic
   33 e6c7581352cedc6a1398dec0fa30255c6f5681f2 Kaitlyn Stunt
   34 39266f245fe132c01527d5e751707818c1315141 Liam Porosity
   35 f5f8ec728fdd796a016bcd439c649ff8f26ed71c Carter Doublet
   36 9b7d29a49e21df3efaee6d9c0525f61828ad919a Taylor Sociology
   37 adebae2e285ba6ba3f81c62d64b7199d6a4687dc Owen Excitation
   38 04822a8852903ac86c0d81fa60b9ebcd718e0447 Gabriel Beauregard
   39 6d3180048fa008dd0b5b0c2d8323c1448a3e8b4c Joshua Vida
   40 e8ace13098c56b4d6205049144bfdfcba03b910e Jake Budgetary
   41 cc96babeb9b60a42e49ec22e924f1a303d0797b4 Alex Pontific
   42 9308cff2d5918cc617cc0cbf728fa09d0b8cdbf0 Avery Emily Lars
   43 a42d99c74ba183fe81f76783f20b63457352b2fe Gabriella Transite
   44 4a2ee5bd7aa31deb616d6ca045fb3eb9b423eb94 Sydney Slingshot
   45 79b02cb03b80f91521aaf54d787e04a8a2bc47df Brayden Vitiate
   46 eea8db6bddc74e6fab71cb976a9ed281353fa182 Ava Robert
   47 d0397199f8218ac0c1a5ab10e37771952bb0eb93 Ian Cooper Dirac
   48 7e8887e2cead51132ff070151d513fa2b2b321c1 Christopher Oliver Impresario PhD
   49 492b1aef5ca076756025313caa95459542eadf47 Benjamin Footpad Jr
   50 beaf27397f1ace060029774cdac186055ff16efa Allison Ton
   51 5d35f80022961faacaed116e6ccdfcdb6ba05a95 Logan Sallow
   52 c8e2fee343c14441a68694d9b916556d125094b3 Hailey Vacuo
   53 ad513ce128f4738147d0686ca27e488daef1fe98 Isaac Bunt
   54 9d1e652f3a9821ac23274d53088e73fb6c63cda1 Kaylee Collagen MD
   55 761c2739408c9dda10ebcfc52db3d25c3f1c6f35 Morgan Brooklyn Canine
   56 b7af2cb2daf5ca2f8090421b7cd5c8d2e64853f3 David Steep
   57 1fde55900c5819eabea603bb59a2570e8dfa30bb Liam Treaty
   58 9e348a54a681ff57d719efc8258ad6269c52ebee Joseph Jayden Sang
   59 42e84e8ee3c51f0169448fc410d750af5616e224 Joshua Sanderling
   60 40a605af4a5178ed5992b5d839f9cdf7cb39424b Joshua Andre
   61 301f0080b0d33c14b7ddbec229dd8d30d47d9236 Gianna Gauntlet
   62 d4c2f7fac7dfd378b2fb72b33029940aebf40e12 Mia Matsumoto
   63 b14a7d37a1b90599cf648e3fc389c9a8c2cd0639 Leah Conic
   64 862f124efdf22aed363c6cb3bd046abfcbef5650 Mason Mastermind
   65 22453a5817915188686a12c6f876294473a9f6c7 Aidan Barber
   66 fc0a2ca6a1bd6fb0a98489e4aef07b7c2fb0da41 Adam Swag
   67 7ff30075abc6d7650faacb437afb963041a8a5f0 Dylan Myopic
   68 9026568c773486da70d331dc1a161e04f30ed925 Hannah Thomistic
   69 b1c58d9eae3f852a8448ec776f6cce50a1636a11 Layla Experiment PhD
   70 29594c8cc9f9184b5e9ca5822f40c1e0b95ce108 Owen Boxwood
   71 76c2aa86ba716806dd6b98467009d90d426d1aeb Nicholas Quintessence
   72 7d08beca04598521d27c9cc85da50fc12142dc08 Gabriel Inconsiderable
   73 476ab33e201b46dc1552c60e2f5baa79b70a3150 James Fiduciary
   74 6c85e12be125c367661515b4907dfbfe8ca9ab2d Jordan Methacrylate
   75 a7a562b82d4e4fd741da844e4332990e11db005e Allison Oak
   76 76bbd4d2af0bfa57ea0d30506dae8c1264e1a889 Kate Kristin
   77 bc44c10121026ceaea38214cb828022a7ba601a1 Aubrey Hemorrhoid
   78 ade42fe4781c30e5ebac50df33ae9aff5ff34a57 Alexis Cockleshell
   79 d3687ebb7147fc7d6d886956298655389eeda93a Cooper Transcription PhD
   80 4dc964d6bc5c9317fbfe43147f5525b363428d7f Hannah Khaki
   81 c1ff1ca4599006f1a89d4d199a36e8ed4b801c4c Tristan Concurred
   82 224c9eea6a96f5b0543a445207e89e9edb234a57 Brayden Quixote III
   83 14a00bfba6e6e5b2f2ade04f41754624720dd637 Grace Mia Additional
   84 42d8a3875c882940819cf0d6790071fd259022bf Sophie Frigid
   85 05f5589a64e6919d2a3c16c1db5c6c441395761e Sophia Aventine
   86 dd369a8a1fea7c452c7520539833fc8fe92fadb6 Jackson Pabst
   87 83bb8c9b98b701f0ee4fd4247863451a64675b00 Zoe Lily Smitten PhD
   88 c29ef33ee1a3f4e5d3e6f3ea7e0ea4bb3c7aadee Oliver Prognosis
371
